#
# A fatal error has been detected by the Java Runtime Environment:
#
#  EXCEPTION_ACCESS_VIOLATION (0xc0000005) at pc=0x00007ffcb424eb16, pid=47632, tid=35676
#
# JRE version: OpenJDK Runtime Environment (21.0.2+13) (build 21.0.2+13-58)
# Java VM: OpenJDK 64-Bit Server VM (21.0.2+13-58, mixed mode, sharing, tiered, compressed oops, compressed class ptrs, g1 gc, windows-amd64)
# Problematic frame:
# V  [jvm.dll+0x44eb16]
#
# No core dump will be written. Minidumps are not enabled by default on client versions of Windows
#
# If you would like to submit a bug report, please visit:
#   https://bugreport.java.com/bugreport/crash.jsp
#

---------------  S U M M A R Y ------------

Command Line: --module-path=C:\Users\henri\.m2\repository\org\openjfx\javafx-base\21.0.2\javafx-base-21.0.2-win.jar;C:\Users\henri\.m2\repository\org\openjfx\javafx-base\21.0.2\javafx-base-21.0.2.jar;C:\Users\henri\.m2\repository\org\openjfx\javafx-controls\21.0.2\javafx-controls-21.0.2-win.jar;C:\Users\henri\.m2\repository\org\openjfx\javafx-controls\21.0.2\javafx-controls-21.0.2.jar;C:\Users\henri\.m2\repository\org\openjfx\javafx-fxml\21.0.2\javafx-fxml-21.0.2-win.jar;C:\Users\henri\.m2\repository\org\openjfx\javafx-fxml\21.0.2\javafx-fxml-21.0.2.jar;C:\Users\henri\.m2\repository\org\openjfx\javafx-graphics\21.0.2\javafx-graphics-21.0.2-win.jar;C:\Users\henri\.m2\repository\org\openjfx\javafx-graphics\21.0.2\javafx-graphics-21.0.2.jar;C:\Users\henri\.m2\repository\org\openjfx\javafx-media\11.0.2\javafx-media-11.0.2-win.jar;C:\Users\henri\.m2\repository\org\openjfx\javafx-media\11.0.2\javafx-media-11.0.2.jar;C:\Users\henri\.m2\repository\org\openjfx\javafx-swing\11.0.2\javafx-swing-11.0.2-win.jar;C:\Users\henri\.m2\repository\org\openjfx\javafx-swing\11.0.2\javafx-swing-11.0.2.jar;C:\Users\henri\.m2\repository\org\openjfx\javafx-web\11.0.2\javafx-web-11.0.2-win.jar;C:\Users\henri\.m2\repository\org\openjfx\javafx-web\11.0.2\javafx-web-11.0.2.jar --add-modules=javafx.base,javafx.controls,javafx.fxml,javafx.graphics,javafx.media,javafx.swing,javafx.web no.ntnu.idatt1005.foodi.Main

Host: 13th Gen Intel(R) Core(TM) i9-13900H, 20 cores, 31G,  Windows 11 , 64 bit Build 22621 (10.0.22621.3374)
Time: Mon Apr 15 14:35:22 2024 Vest-Europa (sommertid) elapsed time: 0.638483 seconds (0d 0h 0m 0s)

---------------  T H R E A D  ---------------

Current thread (0x0000012679021490):  JavaThread "JavaFX Application Thread"        [_thread_in_vm, id=35676, stack(0x000000012cc00000,0x000000012cd00000) (1024K)]

Stack: [0x000000012cc00000,0x000000012cd00000],  sp=0x000000012ccfd780,  free space=1013k
Native frames: (J=compiled Java code, j=interpreted, Vv=VM code, C=native code)
V  [jvm.dll+0x44eb16]
V  [jvm.dll+0x450320]
V  [jvm.dll+0x445a08]
C  [javafx_iio.dll+0x1d555]

Java frames: (J=compiled Java code, j=interpreted, Vv=VM code)
j  com.sun.javafx.iio.jpeg.JPEGImageLoader.decompressIndirect(JZ[B)Z+0 javafx.graphics@21.0.2
j  com.sun.javafx.iio.jpeg.JPEGImageLoader.load(IIIZZ)Lcom/sun/javafx/iio/ImageFrame;+227 javafx.graphics@21.0.2
j  com.sun.javafx.iio.ImageStorage.loadAll(Lcom/sun/javafx/iio/ImageLoader;DDZFZ)[Lcom/sun/javafx/iio/ImageFrame;+55 javafx.graphics@21.0.2
j  com.sun.javafx.iio.ImageStorage.loadAll(Ljava/lang/String;Lcom/sun/javafx/iio/ImageLoadListener;DDZFZ)[Lcom/sun/javafx/iio/ImageFrame;+399 javafx.graphics@21.0.2
j  com.sun.javafx.tk.quantum.PrismImageLoader2.loadAll(Ljava/lang/String;DDZFZ)V+25 javafx.graphics@21.0.2
j  com.sun.javafx.tk.quantum.PrismImageLoader2.<init>(Ljava/lang/String;DDZFZ)V+15 javafx.graphics@21.0.2
j  com.sun.javafx.tk.quantum.QuantumToolkit.loadImage(Ljava/lang/String;DDZZ)Lcom/sun/javafx/tk/ImageLoader;+16 javafx.graphics@21.0.2
j  javafx.scene.image.Image.loadImage(Ljava/lang/String;DDZZ)Lcom/sun/javafx/tk/ImageLoader;+10 javafx.graphics@21.0.2
j  javafx.scene.image.Image.initialize(Ljava/lang/Object;)V+92 javafx.graphics@21.0.2
j  javafx.scene.image.Image.<init>(Ljava/lang/String;)V+16 javafx.graphics@21.0.2
j  javafx.scene.image.ImageView.<init>(Ljava/lang/String;)V+6 javafx.graphics@21.0.2
j  no.ntnu.idatt1005.foodi.view.components.cookbook.RecipeCard.<init>(Ljava/lang/String;Ljava/lang/String;Ljava/lang/String;)V+57
j  no.ntnu.idatt1005.foodi.view.views.CookbookGrid.<init>()V+66
j  no.ntnu.idatt1005.foodi.view.Root.<init>()V+70
j  no.ntnu.idatt1005.foodi.Main.start(Ljavafx/stage/Stage;)V+4
j  com.sun.javafx.application.LauncherImpl.lambda$launchApplication1$9(Ljava/util/concurrent/atomic/AtomicBoolean;Ljavafx/application/Application;)V+20 javafx.graphics@21.0.2
j  com.sun.javafx.application.LauncherImpl$$Lambda+0x0000012601089e38.run()V+8 javafx.graphics@21.0.2
j  com.sun.javafx.application.PlatformImpl.lambda$runAndWait$12(Ljava/lang/Runnable;Ljava/util/concurrent/CountDownLatch;)V+1 javafx.graphics@21.0.2
j  com.sun.javafx.application.PlatformImpl$$Lambda+0x0000012601083320.run()V+8 javafx.graphics@21.0.2
j  com.sun.javafx.application.PlatformImpl.lambda$runLater$10(Ljava/lang/Runnable;)Ljava/lang/Void;+1 javafx.graphics@21.0.2
j  com.sun.javafx.application.PlatformImpl$$Lambda+0x0000012601086660.run()Ljava/lang/Object;+4 javafx.graphics@21.0.2
j  java.security.AccessController.executePrivileged(Ljava/security/PrivilegedAction;Ljava/security/AccessControlContext;Ljava/lang/Class;)Ljava/lang/Object;+29 java.base@21.0.2
j  java.security.AccessController.doPrivileged(Ljava/security/PrivilegedAction;Ljava/security/AccessControlContext;)Ljava/lang/Object;+13 java.base@21.0.2
j  com.sun.javafx.application.PlatformImpl.lambda$runLater$11(Ljava/lang/Runnable;Ljava/security/AccessControlContext;)V+7 javafx.graphics@21.0.2
j  com.sun.javafx.application.PlatformImpl$$Lambda+0x0000012601083d10.run()V+8 javafx.graphics@21.0.2
j  com.sun.glass.ui.InvokeLaterDispatcher$Future.run()V+4 javafx.graphics@21.0.2
v  ~StubRoutines::call_stub 0x000001265f54100d
j  com.sun.glass.ui.win.WinApplication._runLoop(Ljava/lang/Runnable;)V+0 javafx.graphics@21.0.2
j  com.sun.glass.ui.win.WinApplication.lambda$runLoop$3(ILjava/lang/Runnable;)V+8 javafx.graphics@21.0.2
j  com.sun.glass.ui.win.WinApplication$$Lambda+0x0000012601030b88.run()V+12 javafx.graphics@21.0.2
j  java.lang.Thread.runWith(Ljava/lang/Object;Ljava/lang/Runnable;)V+5 java.base@21.0.2
j  java.lang.Thread.run()V+19 java.base@21.0.2
v  ~StubRoutines::call_stub 0x000001265f54100d

siginfo: EXCEPTION_ACCESS_VIOLATION (0xc0000005), writing address 0x00000001a5d1ee08


Registers:
RAX=0x000000012ccfd978, RBX=0x00007ffcb3e00000, RCX=0x0000000079021490, RDX=0x0000000000000000
RSP=0x000000012ccfd780, RBP=0x000000012ccfd8b1, RSI=0x000000012ccfd980, RDI=0x000000012ccfd978
R8 =0x000000012ccfd840, R9 =0x0000000000000001, R10=0x000000000000000a, R11=0x000000012ccfd8f0
R12=0x0000012679412680, R13=0x000000012ccfd948, R14=0x0000012679412670, R15=0x000000012ccfd978
RIP=0x00007ffcb424eb16, EFLAGS=0x0000000000010206


Register to memory mapping:

RAX=0x000000012ccfd978 is pointing into the stack for thread: 0x0000012679021490
RBX=0x00007ffcb3e00000 jvm.dll
RCX=0x0000000079021490 is an unknown value
RDX=0x0 is null
RSP=0x000000012ccfd780 is pointing into the stack for thread: 0x0000012679021490
RBP=0x000000012ccfd8b1 is pointing into the stack for thread: 0x0000012679021490
RSI=0x000000012ccfd980 is pointing into the stack for thread: 0x0000012679021490
RDI=0x000000012ccfd978 is pointing into the stack for thread: 0x0000012679021490
R8 =0x000000012ccfd840 is pointing into the stack for thread: 0x0000012679021490
R9 =0x0000000000000001 is an unknown value
R10=0x000000000000000a is an unknown value
R11=0x000000012ccfd8f0 is pointing into the stack for thread: 0x0000012679021490
R12=0x0000012679412680 points into unknown readable memory: 0x00007ffcb4828018 | 18 80 82 b4 fc 7f 00 00
R13=0x000000012ccfd948 is pointing into the stack for thread: 0x0000012679021490
R14=0x0000012679412670 points into unknown readable memory: 0x0000000000000000 | 00 00 00 00 00 00 00 00
R15=0x000000012ccfd978 is pointing into the stack for thread: 0x0000012679021490

Top of Stack: (sp=0x000000012ccfd780)
0x000000012ccfd780:   0000ffaa0000ff00 000001265f581580
0x000000012ccfd790:   0000012679412a58 00007ffcb41dd0be
0x000000012ccfd7a0:   0000ffb20000ffb1 0000ffb40000ffb3
0x000000012ccfd7b0:   0000ffb60000ffb5 0000ffb80000ffb7
0x000000012ccfd7c0:   0000012679021490 00007ffcb4107ce9
0x000000012ccfd7d0:   000001267a0e0ec0 00007ffcb4250320
0x000000012ccfd7e0:   0000012679412a58 0000012679021490
0x000000012ccfd7f0:   0000000000000000 000000009d9e3492
0x000000012ccfd800:   0000000000000000 4f93a40ced31d89e
0x000000012ccfd810:   0000000000000004 0000012679412a58
0x000000012ccfd820:   000000012ccfd978 00000000000003d8
0x000000012ccfd830:   0000012675186bd8 0000012679021490
0x000000012ccfd840:   0000000000000000 00000126790712d0
0x000000012ccfd850:   0000012679003932 b26e4da9e1caaeca
0x000000012ccfd860:   0000000000000000 000001267a866720
0x000000012ccfd870:   000000012ccfd9f8 00007ffcb424f417
0x000000012ccfd880:   000000012ccfd978 0000000000030200
0x000000012ccfd890:   0000012600452960 000000012ccfd848
0x000000012ccfd8a0:   000000012ccfd889 0000000800000002
0x000000012ccfd8b0:   0000012600487700 0000000000000000
0x000000012ccfd8c0:   000057613596f92d 00007ffd065a2e54
0x000000012ccfd8d0:   000001267a866720 000001267a6229d0
0x000000012ccfd8e0:   0000012679021848 000001267900393a
0x000000012ccfd8f0:   000000012ccfd9f8 00007ffcb4245a08
0x000000012ccfd900:   00000000ffffffff 0000012679021490
0x000000012ccfd910:   00007ffcb47ebe90 0000012679021490
0x000000012ccfd920:   00000126793a6480 000000012ccfd978
0x000000012ccfd930:   0000012679021490 0000000000000000
0x000000012ccfd940:   000000012ccfd9f8 000000000000000a
0x000000012ccfd950:   0000000000000000 0000012679021490
0x000000012ccfd960:   0000000000000000 0000000000000000
0x000000012ccfd970:   0000000000000000 00007ffcb47ebe90 

Instructions: (pc=0x00007ffcb424eb16)
0x00007ffcb424ea16:   48 8b 74 24 78 48 83 c4 50 41 5e c3 ba 4e 03 00
0x00007ffcb424ea26:   00 48 8d 0d da d3 59 00 e8 0d 23 e3 ff cc ba 4e
0x00007ffcb424ea36:   03 00 00 48 8d 0d c8 d3 59 00 e8 fb 22 e3 ff cc
0x00007ffcb424ea46:   66 90 ef e6 44 00 7a e6 44 00 67 e7 44 00 93 e7
0x00007ffcb424ea56:   44 00 de e6 44 00 b0 e6 44 00 e7 e6 44 00 28 e7
0x00007ffcb424ea66:   44 00 d1 e7 44 00 d1 e7 44 00 d3 e8 44 00 5e e8
0x00007ffcb424ea76:   44 00 4b e9 44 00 77 e9 44 00 c2 e8 44 00 94 e8
0x00007ffcb424ea86:   44 00 cb e8 44 00 0c e9 44 00 b5 e9 44 00 b5 e9
0x00007ffcb424ea96:   44 00 cc cc cc cc cc cc cc cc 48 89 5c 24 08 48
0x00007ffcb424eaa6:   89 74 24 10 57 48 83 ec 50 4c 8b 51 10 48 8b fa
0x00007ffcb424eab6:   48 8b f1 49 8d 42 ff 48 83 f8 fd 0f 87 a7 01 00
0x00007ffcb424eac6:   00 49 c1 ea 05 41 8b c2 49 c1 ea 04 83 e0 0f 0f
0x00007ffcb424ead6:   84 4b 03 00 00 48 8d 1d 1e 15 bb ff 83 c0 fc 83
0x00007ffcb424eae6:   f8 09 0f 87 48 03 00 00 48 98 8b 8c 83 5c ee 44
0x00007ffcb424eaf6:   00 48 03 cb ff e1 48 8b 4f 28 4c 8b 47 20 48 8d
0x00007ffcb424eb06:   41 08 48 89 47 28 8b 11 49 63 48 68 49 8b 40 60
0x00007ffcb424eb16:   c6 04 01 00 49 63 48 68 49 8b 40 58 89 14 c8 e9
0x00007ffcb424eb26:   20 01 00 00 48 8b 4f 28 33 d2 4c 8b 4f 20 48 8d
0x00007ffcb424eb36:   41 08 48 89 47 28 44 8b 01 45 84 c0 49 63 49 68
0x00007ffcb424eb46:   49 8b 41 60 0f 95 c2 c6 04 01 00 49 63 49 68 49
0x00007ffcb424eb56:   8b 41 58 89 14 c8 41 ff 41 68 e9 e9 00 00 00 4c
0x00007ffcb424eb66:   8b 47 20 48 8b 4f 28 48 8d 41 08 48 89 47 28 48
0x00007ffcb424eb76:   8b 11 49 63 48 68 49 8b 40 60 c6 04 01 00 49 63
0x00007ffcb424eb86:   48 68 49 8b 40 60 c6 44 01 01 00 49 63 48 68 49
0x00007ffcb424eb96:   8b 40 58 48 89 54 c8 08 41 83 40 68 02 e9 a6 00
0x00007ffcb424eba6:   00 00 48 8b 4f 28 48 8b 57 20 f2 0f 10 01 48 8d
0x00007ffcb424ebb6:   41 08 48 89 47 28 48 63 4a 68 48 8b 42 60 66 0f
0x00007ffcb424ebc6:   5a c0 c6 04 01 00 48 63 4a 68 48 8b 42 58 f3 0f
0x00007ffcb424ebd6:   11 04 c8 ff 42 68 eb 70 48 8b 57 20 48 8b 4f 28
0x00007ffcb424ebe6:   f2 0f 10 01 48 8d 41 08 48 89 47 28 48 63 4a 68
0x00007ffcb424ebf6:   48 8b 42 60 c6 04 01 00 48 63 4a 68 48 8b 42 60
0x00007ffcb424ec06:   c6 44 01 01 00 48 63 4a 68 48 8b 42 58 f2 0f 11 


Stack slot to memory mapping:

stack at sp + 0 slots: 0x0000ffaa0000ff00 is an unknown value
stack at sp + 1 slots: 0x000001265f581580 is at code_begin+0 in 
[CodeBlob (0x000001265f581510)]
Framesize: 0
BufferBlob (0x000001265f581510) used for I2C/C2I adapters
stack at sp + 2 slots: 0x0000012679412a58 points into unknown readable memory: 0x88000326518cc142 | 42 c1 8c 51 26 03 00 88
stack at sp + 3 slots: 0x00007ffcb41dd0be jvm.dll
stack at sp + 4 slots: 0x0000ffb20000ffb1 is an unknown value
stack at sp + 5 slots: 0x0000ffb40000ffb3 is an unknown value
stack at sp + 6 slots: 0x0000ffb60000ffb5 is an unknown value
stack at sp + 7 slots: 0x0000ffb80000ffb7 is an unknown value


---------------  P R O C E S S  ---------------

Threads class SMR info:
_java_thread_list=0x000001267a20fce0, length=21, elements={
0x000001264fca56b0, 0x0000012679016020, 0x0000012679016f40, 0x00000126790191a0,
0x000001267901be40, 0x000001267901dd40, 0x0000012679020770, 0x0000012679028c90,
0x0000012679031aa0, 0x00000126791077c0, 0x0000012679107e70, 0x00000126790200e0,
0x000001267922dd50, 0x00000126792411a0, 0x000001267938ca60, 0x0000012679020e00,
0x00000126790221b0, 0x000001267901fa50, 0x0000012679021490, 0x000001267901ed30,
0x0000012679021b20
}

Java Threads: ( => current thread )
  0x000001264fca56b0 JavaThread "main"                              [_thread_blocked, id=42168, stack(0x000000012b500000,0x000000012b600000) (1024K)]
  0x0000012679016020 JavaThread "Reference Handler"          daemon [_thread_blocked, id=12044, stack(0x000000012bd00000,0x000000012be00000) (1024K)]
  0x0000012679016f40 JavaThread "Finalizer"                  daemon [_thread_blocked, id=3172, stack(0x000000012be00000,0x000000012bf00000) (1024K)]
  0x00000126790191a0 JavaThread "Signal Dispatcher"          daemon [_thread_blocked, id=50180, stack(0x000000012bf00000,0x000000012c000000) (1024K)]
  0x000001267901be40 JavaThread "Attach Listener"            daemon [_thread_blocked, id=25572, stack(0x000000012c000000,0x000000012c100000) (1024K)]
  0x000001267901dd40 JavaThread "Service Thread"             daemon [_thread_blocked, id=9608, stack(0x000000012c100000,0x000000012c200000) (1024K)]
  0x0000012679020770 JavaThread "Monitor Deflation Thread"   daemon [_thread_blocked, id=23220, stack(0x000000012c200000,0x000000012c300000) (1024K)]
  0x0000012679028c90 JavaThread "C2 CompilerThread0"         daemon [_thread_blocked, id=20404, stack(0x000000012c300000,0x000000012c400000) (1024K)]
  0x0000012679031aa0 JavaThread "C1 CompilerThread0"         daemon [_thread_blocked, id=15608, stack(0x000000012c400000,0x000000012c500000) (1024K)]
  0x00000126791077c0 JavaThread "C1 CompilerThread1"         daemon [_thread_blocked, id=44412, stack(0x000000012c500000,0x000000012c600000) (1024K)]
  0x0000012679107e70 JavaThread "C1 CompilerThread2"         daemon [_thread_blocked, id=47220, stack(0x000000012c600000,0x000000012c700000) (1024K)]
  0x00000126790200e0 JavaThread "Common-Cleaner"             daemon [_thread_blocked, id=45928, stack(0x000000012c700000,0x000000012c800000) (1024K)]
  0x000001267922dd50 JavaThread "C1 CompilerThread3"         daemon [_thread_blocked, id=49016, stack(0x000000012c800000,0x000000012c900000) (1024K)]
  0x00000126792411a0 JavaThread "C2 CompilerThread1"         daemon [_thread_blocked, id=30132, stack(0x000000012c900000,0x000000012ca00000) (1024K)]
  0x000001267938ca60 JavaThread "C2 CompilerThread2"         daemon [_thread_blocked, id=10344, stack(0x000000012ca00000,0x000000012cb00000) (1024K)]
  0x0000012679020e00 JavaThread "Notification Thread"        daemon [_thread_blocked, id=37140, stack(0x000000012cd00000,0x000000012ce00000) (1024K)]
  0x00000126790221b0 JavaThread "QuantumRenderer-0"          daemon [_thread_blocked, id=25220, stack(0x000000012ce00000,0x000000012cf00000) (1024K)]
  0x000001267901fa50 JavaThread "InvokeLaterDispatcher"      daemon [_thread_blocked, id=27108, stack(0x000000012d300000,0x000000012d400000) (1024K)]
=>0x0000012679021490 JavaThread "JavaFX Application Thread"         [_thread_in_vm, id=35676, stack(0x000000012cc00000,0x000000012cd00000) (1024K)]
  0x000001267901ed30 JavaThread "JavaFX-Launcher"                   [_thread_blocked, id=20808, stack(0x000000012d500000,0x000000012d600000) (1024K)]
  0x0000012679021b20 JavaThread "Thread-2"                   daemon [_thread_in_native, id=14828, stack(0x000000012cb00000,0x000000012cc00000) (1024K)]
Total: 21

Other Threads:
  0x0000012673ea5950 VMThread "VM Thread"                           [id=40936, stack(0x000000012bc00000,0x000000012bd00000) (1024K)]
  0x0000012673e8a420 WatcherThread "VM Periodic Task Thread"        [id=29620, stack(0x000000012bb00000,0x000000012bc00000) (1024K)]
  0x000001264fd46970 WorkerThread "GC Thread#0"                     [id=47444, stack(0x000000012b600000,0x000000012b700000) (1024K)]
  0x0000012673ea5210 WorkerThread "GC Thread#1"                     [id=34072, stack(0x000000012d600000,0x000000012d700000) (1024K)]
  0x0000012673ea55b0 WorkerThread "GC Thread#2"                     [id=29008, stack(0x000000012d700000,0x000000012d800000) (1024K)]
  0x0000012673ea4730 WorkerThread "GC Thread#3"                     [id=28948, stack(0x000000012d800000,0x000000012d900000) (1024K)]
  0x0000012673ea4ad0 WorkerThread "GC Thread#4"                     [id=17440, stack(0x000000012d900000,0x000000012da00000) (1024K)]
  0x000001267a480c80 WorkerThread "GC Thread#5"                     [id=11376, stack(0x000000012da00000,0x000000012db00000) (1024K)]
  0x000001267a483800 WorkerThread "GC Thread#6"                     [id=39672, stack(0x000000012db00000,0x000000012dc00000) (1024K)]
  0x000001267a481b00 WorkerThread "GC Thread#7"                     [id=10196, stack(0x000000012dc00000,0x000000012dd00000) (1024K)]
  0x000001267a481020 WorkerThread "GC Thread#8"                     [id=48968, stack(0x000000012dd00000,0x000000012de00000) (1024K)]
  0x000001267a4808e0 WorkerThread "GC Thread#9"                     [id=29572, stack(0x000000012de00000,0x000000012df00000) (1024K)]
  0x000001267a4801a0 WorkerThread "GC Thread#10"                    [id=22464, stack(0x000000012df00000,0x000000012e000000) (1024K)]
  0x000001267a4813c0 WorkerThread "GC Thread#11"                    [id=10468, stack(0x000000012e000000,0x000000012e100000) (1024K)]
  0x000001264fd57df0 ConcurrentGCThread "G1 Main Marker"            [id=43688, stack(0x000000012b700000,0x000000012b800000) (1024K)]
  0x000001264fd58aa0 WorkerThread "G1 Conc#0"                       [id=38380, stack(0x000000012b800000,0x000000012b900000) (1024K)]
  0x0000012673d5aeb0 ConcurrentGCThread "G1 Refine#0"               [id=12788, stack(0x000000012b900000,0x000000012ba00000) (1024K)]
  0x0000012673d5ba20 ConcurrentGCThread "G1 Service"                [id=43416, stack(0x000000012ba00000,0x000000012bb00000) (1024K)]
Total: 18

Threads with active compile tasks:
Total: 0

VM state: not at safepoint (normal execution)

VM Mutex/Monitor currently owned by a thread: None

Heap address: 0x0000000606c00000, size: 8084 MB, Compressed Oops mode: Zero based, Oop shift amount: 3

CDS archive(s) mapped at: [0x0000012600000000-0x0000012600c90000-0x0000012600c90000), size 13172736, SharedBaseAddress: 0x0000012600000000, ArchiveRelocationMode: 1.
Compressed class space mapped at: 0x0000012601000000-0x0000012641000000, reserved size: 1073741824
Narrow klass base: 0x0000012600000000, Narrow klass shift: 0, Narrow klass range: 0x100000000

GC Precious Log:
 CardTable entry size: 512
 Card Set container configuration: InlinePtr #cards 4 size 8 Array Of Cards #cards 32 size 80 Howl #buckets 8 coarsen threshold 7372 Howl Bitmap #cards 1024 size 144 coarsen threshold 921 Card regions per heap region 1 cards per card region 8192
 CPUs: 20 total, 20 available
 Memory: 32327M
 Large Page Support: Disabled
 NUMA Support: Disabled
 Compressed Oops: Enabled (Zero based)
 Heap Region Size: 4M
 Heap Min Capacity: 8M
 Heap Initial Capacity: 508M
 Heap Max Capacity: 8084M
 Pre-touch: Disabled
 Parallel Workers: 15
 Concurrent Workers: 4
 Concurrent Refinement Workers: 15
 Periodic GC: Disabled

Heap:
 garbage-first heap   total 520192K, used 68150K [0x0000000606c00000, 0x0000000800000000)
  region size 4096K, 7 young (28672K), 1 survivors (4096K)
 Metaspace       used 8002K, committed 8192K, reserved 1114112K
  class space    used 1184K, committed 1280K, reserved 1048576K

Heap Regions: E=young(eden), S=young(survivor), O=old, HS=humongous(starts), HC=humongous(continues), CS=collection set, F=free, TAMS=top-at-mark-start, PB=parsable bottom
|   0|0x0000000606c00000, 0x0000000607000000, 0x0000000607000000|100%|HS|  |TAMS 0x0000000606c00000| PB 0x0000000606c00000| Complete 
|   1|0x0000000607000000, 0x0000000607400000, 0x0000000607400000|100%|HC|  |TAMS 0x0000000607000000| PB 0x0000000607000000| Complete 
|   2|0x0000000607400000, 0x0000000607800000, 0x0000000607800000|100%|HC|  |TAMS 0x0000000607400000| PB 0x0000000607400000| Complete 
|   3|0x0000000607800000, 0x0000000607c00000, 0x0000000607c00000|100%|HC|  |TAMS 0x0000000607800000| PB 0x0000000607800000| Complete 
|   4|0x0000000607c00000, 0x0000000608000000, 0x0000000608000000|100%|HS|  |TAMS 0x0000000607c00000| PB 0x0000000607c00000| Complete 
|   5|0x0000000608000000, 0x0000000608400000, 0x0000000608400000|100%|HC|  |TAMS 0x0000000608000000| PB 0x0000000608000000| Complete 
|   6|0x0000000608400000, 0x0000000608800000, 0x0000000608800000|100%|HC|  |TAMS 0x0000000608400000| PB 0x0000000608400000| Complete 
|   7|0x0000000608800000, 0x0000000608c00000, 0x0000000608c00000|100%|HC|  |TAMS 0x0000000608800000| PB 0x0000000608800000| Complete 
|   8|0x0000000608c00000, 0x0000000609000000, 0x0000000609000000|100%|HS|  |TAMS 0x0000000608c00000| PB 0x0000000608c00000| Complete 
|   9|0x0000000609000000, 0x0000000609400000, 0x0000000609400000|100%|HC|  |TAMS 0x0000000609000000| PB 0x0000000609000000| Complete 
|  10|0x0000000609400000, 0x0000000609800000, 0x0000000609800000|100%|HC|  |TAMS 0x0000000609400000| PB 0x0000000609400000| Complete 
|  11|0x0000000609800000, 0x0000000609c00000, 0x0000000609c00000|100%|HC|  |TAMS 0x0000000609800000| PB 0x0000000609800000| Complete 
|  12|0x0000000609c00000, 0x0000000609c00000, 0x000000060a000000|  0%| F|  |TAMS 0x0000000609c00000| PB 0x0000000609c00000| Untracked 
|  13|0x000000060a000000, 0x000000060a000000, 0x000000060a400000|  0%| F|  |TAMS 0x000000060a000000| PB 0x000000060a000000| Untracked 
|  14|0x000000060a400000, 0x000000060a400000, 0x000000060a800000|  0%| F|  |TAMS 0x000000060a400000| PB 0x000000060a400000| Untracked 
|  15|0x000000060a800000, 0x000000060a800000, 0x000000060ac00000|  0%| F|  |TAMS 0x000000060a800000| PB 0x000000060a800000| Untracked 
|  16|0x000000060ac00000, 0x000000060ac00000, 0x000000060b000000|  0%| F|  |TAMS 0x000000060ac00000| PB 0x000000060ac00000| Untracked 
|  17|0x000000060b000000, 0x000000060b000000, 0x000000060b400000|  0%| F|  |TAMS 0x000000060b000000| PB 0x000000060b000000| Untracked 
|  18|0x000000060b400000, 0x000000060b400000, 0x000000060b800000|  0%| F|  |TAMS 0x000000060b400000| PB 0x000000060b400000| Untracked 
|  19|0x000000060b800000, 0x000000060b800000, 0x000000060bc00000|  0%| F|  |TAMS 0x000000060b800000| PB 0x000000060b800000| Untracked 
|  20|0x000000060bc00000, 0x000000060bc00000, 0x000000060c000000|  0%| F|  |TAMS 0x000000060bc00000| PB 0x000000060bc00000| Untracked 
|  21|0x000000060c000000, 0x000000060c000000, 0x000000060c400000|  0%| F|  |TAMS 0x000000060c000000| PB 0x000000060c000000| Untracked 
|  22|0x000000060c400000, 0x000000060c400000, 0x000000060c800000|  0%| F|  |TAMS 0x000000060c400000| PB 0x000000060c400000| Untracked 
|  23|0x000000060c800000, 0x000000060c800000, 0x000000060cc00000|  0%| F|  |TAMS 0x000000060c800000| PB 0x000000060c800000| Untracked 
|  24|0x000000060cc00000, 0x000000060cc00000, 0x000000060d000000|  0%| F|  |TAMS 0x000000060cc00000| PB 0x000000060cc00000| Untracked 
|  25|0x000000060d000000, 0x000000060d000000, 0x000000060d400000|  0%| F|  |TAMS 0x000000060d000000| PB 0x000000060d000000| Untracked 
|  26|0x000000060d400000, 0x000000060d400000, 0x000000060d800000|  0%| F|  |TAMS 0x000000060d400000| PB 0x000000060d400000| Untracked 
|  27|0x000000060d800000, 0x000000060d800000, 0x000000060dc00000|  0%| F|  |TAMS 0x000000060d800000| PB 0x000000060d800000| Untracked 
|  28|0x000000060dc00000, 0x000000060dc00000, 0x000000060e000000|  0%| F|  |TAMS 0x000000060dc00000| PB 0x000000060dc00000| Untracked 
|  29|0x000000060e000000, 0x000000060e000000, 0x000000060e400000|  0%| F|  |TAMS 0x000000060e000000| PB 0x000000060e000000| Untracked 
|  30|0x000000060e400000, 0x000000060e400000, 0x000000060e800000|  0%| F|  |TAMS 0x000000060e400000| PB 0x000000060e400000| Untracked 
|  31|0x000000060e800000, 0x000000060e800000, 0x000000060ec00000|  0%| F|  |TAMS 0x000000060e800000| PB 0x000000060e800000| Untracked 
|  32|0x000000060ec00000, 0x000000060ec00000, 0x000000060f000000|  0%| F|  |TAMS 0x000000060ec00000| PB 0x000000060ec00000| Untracked 
|  33|0x000000060f000000, 0x000000060f000000, 0x000000060f400000|  0%| F|  |TAMS 0x000000060f000000| PB 0x000000060f000000| Untracked 
|  34|0x000000060f400000, 0x000000060f400000, 0x000000060f800000|  0%| F|  |TAMS 0x000000060f400000| PB 0x000000060f400000| Untracked 
|  35|0x000000060f800000, 0x000000060f800000, 0x000000060fc00000|  0%| F|  |TAMS 0x000000060f800000| PB 0x000000060f800000| Untracked 
|  36|0x000000060fc00000, 0x000000060fc00000, 0x0000000610000000|  0%| F|  |TAMS 0x000000060fc00000| PB 0x000000060fc00000| Untracked 
|  37|0x0000000610000000, 0x0000000610000000, 0x0000000610400000|  0%| F|  |TAMS 0x0000000610000000| PB 0x0000000610000000| Untracked 
|  38|0x0000000610400000, 0x0000000610400000, 0x0000000610800000|  0%| F|  |TAMS 0x0000000610400000| PB 0x0000000610400000| Untracked 
|  39|0x0000000610800000, 0x0000000610800000, 0x0000000610c00000|  0%| F|  |TAMS 0x0000000610800000| PB 0x0000000610800000| Untracked 
|  40|0x0000000610c00000, 0x0000000610c00000, 0x0000000611000000|  0%| F|  |TAMS 0x0000000610c00000| PB 0x0000000610c00000| Untracked 
|  41|0x0000000611000000, 0x0000000611000000, 0x0000000611400000|  0%| F|  |TAMS 0x0000000611000000| PB 0x0000000611000000| Untracked 
|  42|0x0000000611400000, 0x0000000611400000, 0x0000000611800000|  0%| F|  |TAMS 0x0000000611400000| PB 0x0000000611400000| Untracked 
|  43|0x0000000611800000, 0x0000000611800000, 0x0000000611c00000|  0%| F|  |TAMS 0x0000000611800000| PB 0x0000000611800000| Untracked 
|  44|0x0000000611c00000, 0x0000000611c00000, 0x0000000612000000|  0%| F|  |TAMS 0x0000000611c00000| PB 0x0000000611c00000| Untracked 
|  45|0x0000000612000000, 0x0000000612000000, 0x0000000612400000|  0%| F|  |TAMS 0x0000000612000000| PB 0x0000000612000000| Untracked 
|  46|0x0000000612400000, 0x0000000612400000, 0x0000000612800000|  0%| F|  |TAMS 0x0000000612400000| PB 0x0000000612400000| Untracked 
|  47|0x0000000612800000, 0x0000000612800000, 0x0000000612c00000|  0%| F|  |TAMS 0x0000000612800000| PB 0x0000000612800000| Untracked 
|  48|0x0000000612c00000, 0x0000000612c00000, 0x0000000613000000|  0%| F|  |TAMS 0x0000000612c00000| PB 0x0000000612c00000| Untracked 
|  49|0x0000000613000000, 0x0000000613000000, 0x0000000613400000|  0%| F|  |TAMS 0x0000000613000000| PB 0x0000000613000000| Untracked 
|  50|0x0000000613400000, 0x0000000613400000, 0x0000000613800000|  0%| F|  |TAMS 0x0000000613400000| PB 0x0000000613400000| Untracked 
|  51|0x0000000613800000, 0x0000000613800000, 0x0000000613c00000|  0%| F|  |TAMS 0x0000000613800000| PB 0x0000000613800000| Untracked 
|  52|0x0000000613c00000, 0x0000000613c00000, 0x0000000614000000|  0%| F|  |TAMS 0x0000000613c00000| PB 0x0000000613c00000| Untracked 
|  53|0x0000000614000000, 0x0000000614000000, 0x0000000614400000|  0%| F|  |TAMS 0x0000000614000000| PB 0x0000000614000000| Untracked 
|  54|0x0000000614400000, 0x0000000614400000, 0x0000000614800000|  0%| F|  |TAMS 0x0000000614400000| PB 0x0000000614400000| Untracked 
|  55|0x0000000614800000, 0x0000000614800000, 0x0000000614c00000|  0%| F|  |TAMS 0x0000000614800000| PB 0x0000000614800000| Untracked 
|  56|0x0000000614c00000, 0x0000000614c00000, 0x0000000615000000|  0%| F|  |TAMS 0x0000000614c00000| PB 0x0000000614c00000| Untracked 
|  57|0x0000000615000000, 0x0000000615000000, 0x0000000615400000|  0%| F|  |TAMS 0x0000000615000000| PB 0x0000000615000000| Untracked 
|  58|0x0000000615400000, 0x0000000615400000, 0x0000000615800000|  0%| F|  |TAMS 0x0000000615400000| PB 0x0000000615400000| Untracked 
|  59|0x0000000615800000, 0x0000000615800000, 0x0000000615c00000|  0%| F|  |TAMS 0x0000000615800000| PB 0x0000000615800000| Untracked 
|  60|0x0000000615c00000, 0x0000000615c00000, 0x0000000616000000|  0%| F|  |TAMS 0x0000000615c00000| PB 0x0000000615c00000| Untracked 
|  61|0x0000000616000000, 0x0000000616000000, 0x0000000616400000|  0%| F|  |TAMS 0x0000000616000000| PB 0x0000000616000000| Untracked 
|  62|0x0000000616400000, 0x0000000616400000, 0x0000000616800000|  0%| F|  |TAMS 0x0000000616400000| PB 0x0000000616400000| Untracked 
|  63|0x0000000616800000, 0x0000000616800000, 0x0000000616c00000|  0%| F|  |TAMS 0x0000000616800000| PB 0x0000000616800000| Untracked 
|  64|0x0000000616c00000, 0x0000000616c00000, 0x0000000617000000|  0%| F|  |TAMS 0x0000000616c00000| PB 0x0000000616c00000| Untracked 
|  65|0x0000000617000000, 0x0000000617000000, 0x0000000617400000|  0%| F|  |TAMS 0x0000000617000000| PB 0x0000000617000000| Untracked 
|  66|0x0000000617400000, 0x0000000617400000, 0x0000000617800000|  0%| F|  |TAMS 0x0000000617400000| PB 0x0000000617400000| Untracked 
|  67|0x0000000617800000, 0x0000000617800000, 0x0000000617c00000|  0%| F|  |TAMS 0x0000000617800000| PB 0x0000000617800000| Untracked 
|  68|0x0000000617c00000, 0x0000000617c00000, 0x0000000618000000|  0%| F|  |TAMS 0x0000000617c00000| PB 0x0000000617c00000| Untracked 
|  69|0x0000000618000000, 0x0000000618000000, 0x0000000618400000|  0%| F|  |TAMS 0x0000000618000000| PB 0x0000000618000000| Untracked 
|  70|0x0000000618400000, 0x0000000618400000, 0x0000000618800000|  0%| F|  |TAMS 0x0000000618400000| PB 0x0000000618400000| Untracked 
|  71|0x0000000618800000, 0x0000000618800000, 0x0000000618c00000|  0%| F|  |TAMS 0x0000000618800000| PB 0x0000000618800000| Untracked 
|  72|0x0000000618c00000, 0x0000000618c00000, 0x0000000619000000|  0%| F|  |TAMS 0x0000000618c00000| PB 0x0000000618c00000| Untracked 
|  73|0x0000000619000000, 0x0000000619000000, 0x0000000619400000|  0%| F|  |TAMS 0x0000000619000000| PB 0x0000000619000000| Untracked 
|  74|0x0000000619400000, 0x0000000619400000, 0x0000000619800000|  0%| F|  |TAMS 0x0000000619400000| PB 0x0000000619400000| Untracked 
|  75|0x0000000619800000, 0x0000000619800000, 0x0000000619c00000|  0%| F|  |TAMS 0x0000000619800000| PB 0x0000000619800000| Untracked 
|  76|0x0000000619c00000, 0x0000000619c00000, 0x000000061a000000|  0%| F|  |TAMS 0x0000000619c00000| PB 0x0000000619c00000| Untracked 
|  77|0x000000061a000000, 0x000000061a000000, 0x000000061a400000|  0%| F|  |TAMS 0x000000061a000000| PB 0x000000061a000000| Untracked 
|  78|0x000000061a400000, 0x000000061a400000, 0x000000061a800000|  0%| F|  |TAMS 0x000000061a400000| PB 0x000000061a400000| Untracked 
|  79|0x000000061a800000, 0x000000061a800000, 0x000000061ac00000|  0%| F|  |TAMS 0x000000061a800000| PB 0x000000061a800000| Untracked 
|  80|0x000000061ac00000, 0x000000061ac00000, 0x000000061b000000|  0%| F|  |TAMS 0x000000061ac00000| PB 0x000000061ac00000| Untracked 
|  81|0x000000061b000000, 0x000000061b000000, 0x000000061b400000|  0%| F|  |TAMS 0x000000061b000000| PB 0x000000061b000000| Untracked 
|  82|0x000000061b400000, 0x000000061b400000, 0x000000061b800000|  0%| F|  |TAMS 0x000000061b400000| PB 0x000000061b400000| Untracked 
|  83|0x000000061b800000, 0x000000061b800000, 0x000000061bc00000|  0%| F|  |TAMS 0x000000061b800000| PB 0x000000061b800000| Untracked 
|  84|0x000000061bc00000, 0x000000061bc00000, 0x000000061c000000|  0%| F|  |TAMS 0x000000061bc00000| PB 0x000000061bc00000| Untracked 
|  85|0x000000061c000000, 0x000000061c000000, 0x000000061c400000|  0%| F|  |TAMS 0x000000061c000000| PB 0x000000061c000000| Untracked 
|  86|0x000000061c400000, 0x000000061c400000, 0x000000061c800000|  0%| F|  |TAMS 0x000000061c400000| PB 0x000000061c400000| Untracked 
|  87|0x000000061c800000, 0x000000061c800000, 0x000000061cc00000|  0%| F|  |TAMS 0x000000061c800000| PB 0x000000061c800000| Untracked 
|  88|0x000000061cc00000, 0x000000061cc00000, 0x000000061d000000|  0%| F|  |TAMS 0x000000061cc00000| PB 0x000000061cc00000| Untracked 
|  89|0x000000061d000000, 0x000000061d000000, 0x000000061d400000|  0%| F|  |TAMS 0x000000061d000000| PB 0x000000061d000000| Untracked 
|  90|0x000000061d400000, 0x000000061d400000, 0x000000061d800000|  0%| F|  |TAMS 0x000000061d400000| PB 0x000000061d400000| Untracked 
|  91|0x000000061d800000, 0x000000061d800000, 0x000000061dc00000|  0%| F|  |TAMS 0x000000061d800000| PB 0x000000061d800000| Untracked 
|  92|0x000000061dc00000, 0x000000061dc00000, 0x000000061e000000|  0%| F|  |TAMS 0x000000061dc00000| PB 0x000000061dc00000| Untracked 
|  93|0x000000061e000000, 0x000000061e000000, 0x000000061e400000|  0%| F|  |TAMS 0x000000061e000000| PB 0x000000061e000000| Untracked 
|  94|0x000000061e400000, 0x000000061e400000, 0x000000061e800000|  0%| F|  |TAMS 0x000000061e400000| PB 0x000000061e400000| Untracked 
|  95|0x000000061e800000, 0x000000061e800000, 0x000000061ec00000|  0%| F|  |TAMS 0x000000061e800000| PB 0x000000061e800000| Untracked 
|  96|0x000000061ec00000, 0x000000061ec00000, 0x000000061f000000|  0%| F|  |TAMS 0x000000061ec00000| PB 0x000000061ec00000| Untracked 
|  97|0x000000061f000000, 0x000000061f000000, 0x000000061f400000|  0%| F|  |TAMS 0x000000061f000000| PB 0x000000061f000000| Untracked 
|  98|0x000000061f400000, 0x000000061f400000, 0x000000061f800000|  0%| F|  |TAMS 0x000000061f400000| PB 0x000000061f400000| Untracked 
|  99|0x000000061f800000, 0x000000061f800000, 0x000000061fc00000|  0%| F|  |TAMS 0x000000061f800000| PB 0x000000061f800000| Untracked 
| 100|0x000000061fc00000, 0x000000061fc00000, 0x0000000620000000|  0%| F|  |TAMS 0x000000061fc00000| PB 0x000000061fc00000| Untracked 
| 101|0x0000000620000000, 0x0000000620000000, 0x0000000620400000|  0%| F|  |TAMS 0x0000000620000000| PB 0x0000000620000000| Untracked 
| 102|0x0000000620400000, 0x0000000620400000, 0x0000000620800000|  0%| F|  |TAMS 0x0000000620400000| PB 0x0000000620400000| Untracked 
| 103|0x0000000620800000, 0x0000000620800000, 0x0000000620c00000|  0%| F|  |TAMS 0x0000000620800000| PB 0x0000000620800000| Untracked 
| 104|0x0000000620c00000, 0x0000000620c00000, 0x0000000621000000|  0%| F|  |TAMS 0x0000000620c00000| PB 0x0000000620c00000| Untracked 
| 105|0x0000000621000000, 0x0000000621000000, 0x0000000621400000|  0%| F|  |TAMS 0x0000000621000000| PB 0x0000000621000000| Untracked 
| 106|0x0000000621400000, 0x0000000621400000, 0x0000000621800000|  0%| F|  |TAMS 0x0000000621400000| PB 0x0000000621400000| Untracked 
| 107|0x0000000621800000, 0x0000000621800000, 0x0000000621c00000|  0%| F|  |TAMS 0x0000000621800000| PB 0x0000000621800000| Untracked 
| 108|0x0000000621c00000, 0x0000000621c00000, 0x0000000622000000|  0%| F|  |TAMS 0x0000000621c00000| PB 0x0000000621c00000| Untracked 
| 109|0x0000000622000000, 0x0000000622000000, 0x0000000622400000|  0%| F|  |TAMS 0x0000000622000000| PB 0x0000000622000000| Untracked 
| 110|0x0000000622400000, 0x0000000622400000, 0x0000000622800000|  0%| F|  |TAMS 0x0000000622400000| PB 0x0000000622400000| Untracked 
| 111|0x0000000622800000, 0x0000000622800000, 0x0000000622c00000|  0%| F|  |TAMS 0x0000000622800000| PB 0x0000000622800000| Untracked 
| 112|0x0000000622c00000, 0x0000000622c00000, 0x0000000623000000|  0%| F|  |TAMS 0x0000000622c00000| PB 0x0000000622c00000| Untracked 
| 113|0x0000000623000000, 0x0000000623000000, 0x0000000623400000|  0%| F|  |TAMS 0x0000000623000000| PB 0x0000000623000000| Untracked 
| 114|0x0000000623400000, 0x0000000623400000, 0x0000000623800000|  0%| F|  |TAMS 0x0000000623400000| PB 0x0000000623400000| Untracked 
| 115|0x0000000623800000, 0x0000000623800000, 0x0000000623c00000|  0%| F|  |TAMS 0x0000000623800000| PB 0x0000000623800000| Untracked 
| 116|0x0000000623c00000, 0x0000000623c00000, 0x0000000624000000|  0%| F|  |TAMS 0x0000000623c00000| PB 0x0000000623c00000| Untracked 
| 117|0x0000000624000000, 0x0000000624000000, 0x0000000624400000|  0%| F|  |TAMS 0x0000000624000000| PB 0x0000000624000000| Untracked 
| 118|0x0000000624400000, 0x0000000624400000, 0x0000000624800000|  0%| F|  |TAMS 0x0000000624400000| PB 0x0000000624400000| Untracked 
| 119|0x0000000624800000, 0x0000000624800000, 0x0000000624c00000|  0%| F|  |TAMS 0x0000000624800000| PB 0x0000000624800000| Untracked 
| 120|0x0000000624c00000, 0x0000000624e8d818, 0x0000000625000000| 63%| S|CS|TAMS 0x0000000624c00000| PB 0x0000000624c00000| Complete 
| 121|0x0000000625000000, 0x000000062516a2d8, 0x0000000625400000| 35%| E|  |TAMS 0x0000000625000000| PB 0x0000000625000000| Complete 
| 122|0x0000000625400000, 0x0000000625800000, 0x0000000625800000|100%| E|CS|TAMS 0x0000000625400000| PB 0x0000000625400000| Complete 
| 123|0x0000000625800000, 0x0000000625c00000, 0x0000000625c00000|100%| E|CS|TAMS 0x0000000625800000| PB 0x0000000625800000| Complete 
| 124|0x0000000625c00000, 0x0000000626000000, 0x0000000626000000|100%| E|CS|TAMS 0x0000000625c00000| PB 0x0000000625c00000| Complete 
| 125|0x0000000626000000, 0x0000000626400000, 0x0000000626400000|100%| E|CS|TAMS 0x0000000626000000| PB 0x0000000626000000| Complete 
| 126|0x0000000626400000, 0x0000000626800000, 0x0000000626800000|100%| E|  |TAMS 0x0000000626400000| PB 0x0000000626400000| Complete 

Card table byte_map: [0x0000012668b60000,0x0000012669b30000] _byte_map_base: 0x0000012665b2a000

Marking Bits: (CMBitMap*) 0x000001264fd47070
 Bits: [0x0000012669b30000, 0x0000012671980000)

Polling page: 0x000001264dc50000

Metaspace:

Usage:
  Non-class:      6.66 MB used.
      Class:      1.16 MB used.
       Both:      7.82 MB used.

Virtual space:
  Non-class space:       64.00 MB reserved,       6.75 MB ( 11%) committed,  1 nodes.
      Class space:        1.00 GB reserved,       1.25 MB ( <1%) committed,  1 nodes.
             Both:        1.06 GB reserved,       8.00 MB ( <1%) committed. 

Chunk freelists:
   Non-Class:  7.12 MB
       Class:  14.70 MB
        Both:  21.83 MB

MaxMetaspaceSize: unlimited
CompressedClassSpaceSize: 1.00 GB
Initial GC threshold: 21.00 MB
Current GC threshold: 21.00 MB
CDS: on
 - commit_granule_bytes: 65536.
 - commit_granule_words: 8192.
 - virtual_space_node_default_size: 8388608.
 - enlarge_chunks_in_place: 1.
 - use_allocation_guard: 0.


Internal statistics:

num_allocs_failed_limit: 0.
num_arena_births: 138.
num_arena_deaths: 0.
num_vsnodes_births: 2.
num_vsnodes_deaths: 0.
num_space_committed: 128.
num_space_uncommitted: 0.
num_chunks_returned_to_freelist: 0.
num_chunks_taken_from_freelist: 397.
num_chunk_merges: 0.
num_chunk_splits: 281.
num_chunks_enlarged: 215.
num_inconsistent_stats: 0.

CodeHeap 'non-profiled nmethods': size=119168Kb used=523Kb max_used=523Kb free=118644Kb
 bounds [0x000001265fc90000, 0x000001265ff00000, 0x00000126670f0000]
CodeHeap 'profiled nmethods': size=119104Kb used=2524Kb max_used=2524Kb free=116579Kb
 bounds [0x00000126580f0000, 0x0000012658370000, 0x000001265f540000]
CodeHeap 'non-nmethods': size=7488Kb used=3224Kb max_used=3238Kb free=4264Kb
 bounds [0x000001265f540000, 0x000001265f870000, 0x000001265fc90000]
 total_blobs=2030 nmethods=1424 adapters=508
 compilation: enabled
              stopped_count=0, restarted_count=0
 full_count=0

Compilation events (20 events):
Event: 0.581 Thread 0x000001267922dd50 nmethod 1413 0x0000012658361990 code [0x0000012658361b80, 0x0000012658361fa8]
Event: 0.582 Thread 0x0000012679107e70 1415       3       java.util.ImmutableCollections$Set12::<init> (53 bytes)
Event: 0.582 Thread 0x0000012679107e70 nmethod 1415 0x0000012658362190 code [0x0000012658362440, 0x0000012658363098]
Event: 0.583 Thread 0x000001267938ca60 nmethod 1414 0x000001265fd11d90 code [0x000001265fd11f40, 0x000001265fd122d0]
Event: 0.585 Thread 0x000001267938ca60 1416       4       java.lang.String::startsWith (7 bytes)
Event: 0.586 Thread 0x000001267938ca60 nmethod 1416 0x000001265fd12490 code [0x000001265fd12640, 0x000001265fd12908]
Event: 0.590 Thread 0x000001267922dd50 1417       3       java.io.SequenceInputStream::read (68 bytes)
Event: 0.591 Thread 0x000001267922dd50 nmethod 1417 0x0000012658363510 code [0x0000012658363760, 0x0000012658363fb8]
Event: 0.619 Thread 0x000001267922dd50 1418       3       javafx.beans.property.ObjectPropertyBase::<init> (30 bytes)
Event: 0.619 Thread 0x000001267922dd50 nmethod 1418 0x0000012658364290 code [0x0000012658364460, 0x00000126583647e0]
Event: 0.619 Thread 0x00000126791077c0 1419       3       com.sun.javafx.scene.NodeHelper::getHelper (59 bytes)
Event: 0.619 Thread 0x000001267922dd50 1420       3       javafx.scene.Node$1::getHelper (5 bytes)
Event: 0.619 Thread 0x000001267922dd50 nmethod 1420 0x0000012658364910 code [0x0000012658364aa0, 0x0000012658364bb8]
Event: 0.619 Thread 0x00000126791077c0 nmethod 1419 0x0000012658364c90 code [0x0000012658364ea0, 0x00000126583654c0]
Event: 0.633 Thread 0x00000126791077c0 1421       3       java.io.BufferedInputStream::fill (204 bytes)
Event: 0.633 Thread 0x0000012679031aa0 1422       3       java.io.BufferedInputStream::getInIfOpen (21 bytes)
Event: 0.633 Thread 0x0000012679031aa0 nmethod 1422 0x0000012658365690 code [0x0000012658365840, 0x0000012658365a58]
Event: 0.633 Thread 0x00000126791077c0 nmethod 1421 0x0000012658365b10 code [0x0000012658365d80, 0x00000126583668e8]
Event: 0.634 Thread 0x00000126791077c0 1423   !   3       java.io.FileInputStream::available (24 bytes)
Event: 0.634 Thread 0x00000126791077c0 nmethod 1423 0x0000012658366c10 code [0x0000012658366de0, 0x0000012658366ff0]

GC Heap History (2 events):
Event: 0.378 GC heap before
{Heap before GC invocations=0 (full 0):
 garbage-first heap   total 520192K, used 24576K [0x0000000606c00000, 0x0000000800000000)
  region size 4096K, 6 young (24576K), 0 survivors (0K)
 Metaspace       used 3971K, committed 4224K, reserved 1114112K
  class space    used 406K, committed 512K, reserved 1048576K
}
Event: 0.381 GC heap after
{Heap after GC invocations=1 (full 0):
 garbage-first heap   total 520192K, used 2614K [0x0000000606c00000, 0x0000000800000000)
  region size 4096K, 1 young (4096K), 1 survivors (4096K)
 Metaspace       used 3971K, committed 4224K, reserved 1114112K
  class space    used 406K, committed 512K, reserved 1048576K
}

Dll operation events (20 events):
Event: 0.218 Loaded shared library C:\Users\henri\.openjfx\cache\21.0.2+5\amd64\api-ms-win-crt-math-l1-1-0.dll
Event: 0.219 Loaded shared library C:\Users\henri\.openjfx\cache\21.0.2+5\amd64\api-ms-win-crt-multibyte-l1-1-0.dll
Event: 0.220 Loaded shared library C:\Users\henri\.openjfx\cache\21.0.2+5\amd64\api-ms-win-crt-private-l1-1-0.dll
Event: 0.222 Loaded shared library C:\Users\henri\.openjfx\cache\21.0.2+5\amd64\api-ms-win-crt-process-l1-1-0.dll
Event: 0.223 Loaded shared library C:\Users\henri\.openjfx\cache\21.0.2+5\amd64\api-ms-win-crt-runtime-l1-1-0.dll
Event: 0.224 Loaded shared library C:\Users\henri\.openjfx\cache\21.0.2+5\amd64\api-ms-win-crt-stdio-l1-1-0.dll
Event: 0.226 Loaded shared library C:\Users\henri\.openjfx\cache\21.0.2+5\amd64\api-ms-win-crt-string-l1-1-0.dll
Event: 0.227 Loaded shared library C:\Users\henri\.openjfx\cache\21.0.2+5\amd64\api-ms-win-crt-time-l1-1-0.dll
Event: 0.228 Loaded shared library C:\Users\henri\.openjfx\cache\21.0.2+5\amd64\api-ms-win-crt-utility-l1-1-0.dll
Event: 0.237 Loaded shared library C:\Users\henri\.openjfx\cache\21.0.2+5\amd64\ucrtbase.dll
Event: 0.239 Loaded shared library C:\Users\henri\.openjfx\cache\21.0.2+5\amd64\vcruntime140.dll
Event: 0.240 Loaded shared library C:\Users\henri\.openjfx\cache\21.0.2+5\amd64\vcruntime140_1.dll
Event: 0.244 Loaded shared library C:\Users\henri\.openjfx\cache\21.0.2+5\amd64\msvcp140.dll
Event: 0.246 Loaded shared library C:\Users\henri\.openjfx\cache\21.0.2+5\amd64\msvcp140_1.dll
Event: 0.249 Loaded shared library C:\Users\henri\.openjfx\cache\21.0.2+5\amd64\msvcp140_2.dll
Event: 0.269 Loaded shared library C:\Users\henri\.openjfx\cache\21.0.2+5\amd64\prism_d3d.dll
Event: 0.328 Loaded shared library C:\Users\henri\.openjfx\cache\21.0.2+5\amd64\glass.dll
Event: 0.408 Loaded shared library C:\Users\henri\.jdks\openjdk-21.0.2\bin\jimage.dll
Event: 0.458 Loaded shared library C:\Users\henri\.openjfx\cache\21.0.2+5\amd64\javafx_font.dll
Event: 0.539 Loaded shared library C:\Users\henri\.openjfx\cache\21.0.2+5\amd64\javafx_iio.dll

Deoptimization events (20 events):
Event: 0.544 Thread 0x0000012679021490 Uncommon trap: trap_request=0xffffffde fr.pc=0x000001265fcf9ef8 relative=0x0000000000000e38
Event: 0.544 Thread 0x0000012679021490 Uncommon trap: reason=class_check action=maybe_recompile pc=0x000001265fcf9ef8 method=java.io.BufferedInputStream.implRead([BII)I @ 100 c2
Event: 0.544 Thread 0x0000012679021490 DEOPT PACKING pc=0x000001265fcf9ef8 sp=0x000000012ccfd2e0
Event: 0.544 Thread 0x0000012679021490 DEOPT UNPACKING pc=0x000001265f5946a2 sp=0x000000012ccfd248 mode 2
Event: 0.544 Thread 0x0000012679021490 Uncommon trap: trap_request=0xffffffde fr.pc=0x000001265fcf9ef8 relative=0x0000000000000e38
Event: 0.544 Thread 0x0000012679021490 Uncommon trap: reason=class_check action=maybe_recompile pc=0x000001265fcf9ef8 method=java.io.BufferedInputStream.implRead([BII)I @ 100 c2
Event: 0.544 Thread 0x0000012679021490 DEOPT PACKING pc=0x000001265fcf9ef8 sp=0x000000012ccfd2e0
Event: 0.544 Thread 0x0000012679021490 DEOPT UNPACKING pc=0x000001265f5946a2 sp=0x000000012ccfd248 mode 2
Event: 0.545 Thread 0x0000012679021490 Uncommon trap: trap_request=0xffffffde fr.pc=0x000001265fcf9ef8 relative=0x0000000000000e38
Event: 0.545 Thread 0x0000012679021490 Uncommon trap: reason=class_check action=maybe_recompile pc=0x000001265fcf9ef8 method=java.io.BufferedInputStream.implRead([BII)I @ 100 c2
Event: 0.545 Thread 0x0000012679021490 DEOPT PACKING pc=0x000001265fcf9ef8 sp=0x000000012ccfd2e0
Event: 0.545 Thread 0x0000012679021490 DEOPT UNPACKING pc=0x000001265f5946a2 sp=0x000000012ccfd248 mode 2
Event: 0.545 Thread 0x0000012679021490 Uncommon trap: trap_request=0xffffffde fr.pc=0x000001265fcf9ef8 relative=0x0000000000000e38
Event: 0.545 Thread 0x0000012679021490 Uncommon trap: reason=class_check action=maybe_recompile pc=0x000001265fcf9ef8 method=java.io.BufferedInputStream.implRead([BII)I @ 100 c2
Event: 0.545 Thread 0x0000012679021490 DEOPT PACKING pc=0x000001265fcf9ef8 sp=0x000000012ccfd2e0
Event: 0.545 Thread 0x0000012679021490 DEOPT UNPACKING pc=0x000001265f5946a2 sp=0x000000012ccfd248 mode 2
Event: 0.546 Thread 0x0000012679021490 Uncommon trap: trap_request=0xffffffde fr.pc=0x000001265fcf8128 relative=0x0000000000000b48
Event: 0.546 Thread 0x0000012679021490 Uncommon trap: reason=class_check action=maybe_recompile pc=0x000001265fcf8128 method=java.io.BufferedInputStream.implRead([BII)I @ 100 c2
Event: 0.546 Thread 0x0000012679021490 DEOPT PACKING pc=0x000001265fcf8128 sp=0x000000012ccfd260
Event: 0.546 Thread 0x0000012679021490 DEOPT UNPACKING pc=0x000001265f5946a2 sp=0x000000012ccfd248 mode 2

Classes loaded (20 events):
Event: 0.477 Loading class java/util/AbstractList$SubList done
Event: 0.477 Loading class java/util/AbstractList$RandomAccessSubList done
Event: 0.477 Loading class java/util/AbstractList$SubList$1
Event: 0.477 Loading class java/util/AbstractList$SubList$1 done
Event: 0.477 Loading class java/util/AbstractList$ListItr
Event: 0.477 Loading class java/util/AbstractList$ListItr done
Event: 0.497 Loading class java/util/WeakHashMap$Values
Event: 0.497 Loading class java/util/WeakHashMap$Values done
Event: 0.497 Loading class java/util/WeakHashMap$ValueIterator
Event: 0.497 Loading class java/util/WeakHashMap$ValueIterator done
Event: 0.497 Loading class java/util/EventListener
Event: 0.497 Loading class java/util/EventListener done
Event: 0.499 Loading class java/lang/CloneNotSupportedException
Event: 0.499 Loading class java/lang/CloneNotSupportedException done
Event: 0.508 Loading class java/util/ConcurrentModificationException
Event: 0.508 Loading class java/util/ConcurrentModificationException done
Event: 0.532 Loading class jdk/internal/foreign/MemorySessionImpl
Event: 0.532 Loading class java/lang/foreign/MemorySegment$Scope
Event: 0.532 Loading class java/lang/foreign/MemorySegment$Scope done
Event: 0.532 Loading class jdk/internal/foreign/MemorySessionImpl done

Classes unloaded (0 events):
No events

Classes redefined (0 events):
No events

Internal exceptions (20 events):
Event: 0.263 Thread 0x000001264fca56b0 Exception <a 'java/lang/NoSuchMethodError'{0x000000062553e908}: 'void java.lang.invoke.DirectMethodHandle$Holder.invokeStatic(java.lang.Object, java.lang.Object, java.lang.Object)'> (0x000000062553e908) 
thrown [s\open\src\hotspot\share\interpreter\linkResolver.cpp, line 773]
Event: 0.318 Thread 0x000001264fca56b0 Exception <a 'java/lang/NoSuchMethodError'{0x000000062555f520}: 'int java.lang.invoke.DirectMethodHandle$Holder.invokeStaticInit(java.lang.Object, java.lang.Object, java.lang.Object)'> (0x000000062555f520) 
thrown [s\open\src\hotspot\share\interpreter\linkResolver.cpp, line 773]
Event: 0.329 Thread 0x000001264fca56b0 Exception <a 'java/lang/NoSuchMethodError'{0x00000006256bc4d8}: 'java.lang.Object java.lang.invoke.DirectMethodHandle$Holder.newInvokeSpecial(java.lang.Object, java.lang.Object, int, java.lang.Object)'> (0x00000006256bc4d8) 
thrown [s\open\src\hotspot\share\interpreter\linkResolver.cpp, line 773]
Event: 0.329 Thread 0x000001264fca56b0 Exception <a 'java/lang/NoSuchMethodError'{0x00000006256c0630}: 'java.lang.Object java.lang.invoke.DirectMethodHandle$Holder.invokeSpecial(java.lang.Object, java.lang.Object, java.lang.Object, int, java.lang.Object)'> (0x00000006256c0630) 
thrown [s\open\src\hotspot\share\interpreter\linkResolver.cpp, line 773]
Event: 0.365 Thread 0x0000012679021490 Exception <a 'java/lang/NoSuchMethodError'{0x0000000625246f70}: 'void java.lang.invoke.DirectMethodHandle$Holder.invokeStaticInit(java.lang.Object)'> (0x0000000625246f70) 
thrown [s\open\src\hotspot\share\interpreter\linkResolver.cpp, line 773]
Event: 0.367 Thread 0x000001264fca56b0 Exception <a 'java/lang/NoSuchMethodError'{0x00000006256d3da0}: 'java.lang.Object java.lang.invoke.DirectMethodHandle$Holder.newInvokeSpecial(java.lang.Object, java.lang.Object, java.lang.Object, java.lang.Object, java.lang.Object, java.lang.Object)'> (0x00000006256d3da0) 
thrown [s\open\src\hotspot\share\interpreter\linkResolver.cpp, line 773]
Event: 0.376 Thread 0x000001264fca56b0 Exception <a 'java/lang/NoSuchMethodError'{0x000000062537fe78}: 'java.lang.Object java.lang.invoke.DirectMethodHandle$Holder.newInvokeSpecial(java.lang.Object, java.lang.Object, java.lang.Object, java.lang.Object, java.lang.Object)'> (0x000000062537fe78) 
thrown [s\open\src\hotspot\share\interpreter\linkResolver.cpp, line 773]
Event: 0.401 Thread 0x0000012679021490 Exception <a 'java/lang/NoSuchMethodError'{0x00000006260a6fa0}: 'java.lang.Object java.lang.invoke.DirectMethodHandle$Holder.invokeStaticInit(java.lang.Object, java.lang.Object, java.lang.Object, java.lang.Object)'> (0x00000006260a6fa0) 
thrown [s\open\src\hotspot\share\interpreter\linkResolver.cpp, line 773]
Event: 0.402 Thread 0x0000012679021490 Exception <a 'java/lang/NullPointerException'{0x00000006260b3b20}> (0x00000006260b3b20) 
thrown [s\open\src\hotspot\share\interpreter\linkResolver.cpp, line 1372]
Event: 0.417 Thread 0x0000012679021490 Exception <a 'java/io/FileNotFoundException'{0x00000006262e57e0}> (0x00000006262e57e0) 
thrown [s\open\src\hotspot\share\prims\jni.cpp, line 520]
Event: 0.432 Thread 0x0000012679021490 Exception <a 'java/lang/ClassNotFoundException'{0x0000000625d47ef0}: com/sun/glass/ui/win/themes> (0x0000000625d47ef0) 
thrown [s\open\src\hotspot\share\prims\jni.cpp, line 539]
Event: 0.433 Thread 0x0000012679021490 Exception <a 'java/lang/ClassNotFoundException'{0x0000000625d53e08}: com/sun/glass/ui/win/themes_nb> (0x0000000625d53e08) 
thrown [s\open\src\hotspot\share\prims\jni.cpp, line 539]
Event: 0.447 Thread 0x0000012679021490 Exception <a 'java/lang/ClassNotFoundException'{0x0000000625e88d70}: com/sun/glass/ui/win/themes_no> (0x0000000625e88d70) 
thrown [s\open\src\hotspot\share\prims\jni.cpp, line 539]
Event: 0.447 Thread 0x0000012679021490 Exception <a 'java/lang/ClassNotFoundException'{0x0000000625e8de28}: com/sun/glass/ui/win/themes_nb_NO> (0x0000000625e8de28) 
thrown [s\open\src\hotspot\share\prims\jni.cpp, line 539]
Event: 0.448 Thread 0x0000012679021490 Exception <a 'java/lang/ClassNotFoundException'{0x0000000625e8f148}: com/sun/glass/ui/win/themes_no_NO> (0x0000000625e8f148) 
thrown [s\open\src\hotspot\share\prims\jni.cpp, line 539]
Event: 0.497 Thread 0x0000012679021490 Exception <a 'java/lang/NoSuchMethodError'{0x00000006254d7b08}: 'void java.lang.invoke.DirectMethodHandle$Holder.invokeStaticInit(java.lang.Object, java.lang.Object)'> (0x00000006254d7b08) 
thrown [s\open\src\hotspot\share\interpreter\linkResolver.cpp, line 773]
Event: 0.506 Thread 0x0000012679021490 Exception <a 'java/lang/NoSuchMethodError'{0x000000062554c860}: 'void java.lang.invoke.DirectMethodHandle$Holder.invokeStatic(java.lang.Object, java.lang.Object, int)'> (0x000000062554c860) 
thrown [s\open\src\hotspot\share\interpreter\linkResolver.cpp, line 773]
Event: 0.536 Thread 0x0000012679021490 Exception <a 'java/io/FileNotFoundException'{0x00000006256feea8}> (0x00000006256feea8) 
thrown [s\open\src\hotspot\share\prims\jni.cpp, line 520]
Event: 0.586 Thread 0x0000012679021490 Exception <a 'java/io/FileNotFoundException'{0x0000000625152948}> (0x0000000625152948) 
thrown [s\open\src\hotspot\share\prims\jni.cpp, line 520]
Event: 0.620 Thread 0x0000012679021490 Exception <a 'java/io/FileNotFoundException'{0x000000062515f0f0}> (0x000000062515f0f0) 
thrown [s\open\src\hotspot\share\prims\jni.cpp, line 520]

ZGC Phase Switch (0 events):
No events

VM Operations (10 events):
Event: 0.069 Executing VM operation: HandshakeAllThreads (Deoptimize)
Event: 0.069 Executing VM operation: HandshakeAllThreads (Deoptimize) done
Event: 0.100 Executing VM operation: HandshakeAllThreads (Deoptimize)
Event: 0.100 Executing VM operation: HandshakeAllThreads (Deoptimize) done
Event: 0.324 Executing VM operation: HandshakeAllThreads (Deoptimize)
Event: 0.324 Executing VM operation: HandshakeAllThreads (Deoptimize) done
Event: 0.378 Executing VM operation: G1CollectForAllocation (G1 Evacuation Pause)
Event: 0.381 Executing VM operation: G1CollectForAllocation (G1 Evacuation Pause) done
Event: 0.460 Executing VM operation: HandshakeAllThreads (Deoptimize)
Event: 0.460 Executing VM operation: HandshakeAllThreads (Deoptimize) done

Events (20 events):
Event: 0.025 Thread 0x000001267901dd40 Thread added: 0x000001267901dd40
Event: 0.025 Thread 0x0000012679020770 Thread added: 0x0000012679020770
Event: 0.025 Thread 0x0000012679028c90 Thread added: 0x0000012679028c90
Event: 0.025 Thread 0x0000012679031aa0 Thread added: 0x0000012679031aa0
Event: 0.027 Thread 0x00000126791077c0 Thread added: 0x00000126791077c0
Event: 0.027 Thread 0x0000012679107e70 Thread added: 0x0000012679107e70
Event: 0.051 Thread 0x00000126790200e0 Thread added: 0x00000126790200e0
Event: 0.065 Thread 0x000001267922dd50 Thread added: 0x000001267922dd50
Event: 0.066 Thread 0x00000126792411a0 Thread added: 0x00000126792411a0
Event: 0.076 Thread 0x000001267938ca60 Thread added: 0x000001267938ca60
Event: 0.076 Thread 0x000001267938d110 Thread added: 0x000001267938d110
Event: 0.103 Thread 0x000001267988e730 Thread added: 0x000001267988e730
Event: 0.108 Thread 0x0000012679020e00 Thread added: 0x0000012679020e00
Event: 0.264 Thread 0x00000126790221b0 Thread added: 0x00000126790221b0
Event: 0.329 Thread 0x000001267901fa50 Thread added: 0x000001267901fa50
Event: 0.329 Thread 0x000001267988e730 Thread exited: 0x000001267988e730
Event: 0.330 Thread 0x0000012679021490 Thread added: 0x0000012679021490
Event: 0.357 Thread 0x000001267938d110 Thread exited: 0x000001267938d110
Event: 0.376 Thread 0x000001267901ed30 Thread added: 0x000001267901ed30
Event: 0.384 Thread 0x0000012679021b20 Thread added: 0x0000012679021b20


Dynamic libraries:
0x00007ff7c4000000 - 0x00007ff7c400e000 	C:\Users\henri\.jdks\openjdk-21.0.2\bin\java.exe
0x00007ffd2f910000 - 0x00007ffd2fb26000 	C:\windows\SYSTEM32\ntdll.dll
0x00007ffd2ee90000 - 0x00007ffd2ef54000 	C:\windows\System32\KERNEL32.DLL
0x00007ffd2cc30000 - 0x00007ffd2cfd7000 	C:\windows\System32\KERNELBASE.dll
0x00007ffd2d520000 - 0x00007ffd2d631000 	C:\windows\System32\ucrtbase.dll
0x00007ffcf12e0000 - 0x00007ffcf12f8000 	C:\Users\henri\.jdks\openjdk-21.0.2\bin\jli.dll
0x00007ffcf12c0000 - 0x00007ffcf12db000 	C:\Users\henri\.jdks\openjdk-21.0.2\bin\VCRUNTIME140.dll
0x00007ffd2f030000 - 0x00007ffd2f1de000 	C:\windows\System32\USER32.dll
0x00007ffd2cfe0000 - 0x00007ffd2d006000 	C:\windows\System32\win32u.dll
0x00007ffd1c1c0000 - 0x00007ffd1c453000 	C:\windows\WinSxS\amd64_microsoft.windows.common-controls_6595b64144ccf1df_6.0.22621.3235_none_270f74e173860f98\COMCTL32.dll
0x00007ffd2d640000 - 0x00007ffd2d669000 	C:\windows\System32\GDI32.dll
0x00007ffd2eca0000 - 0x00007ffd2ed47000 	C:\windows\System32\msvcrt.dll
0x00007ffd2d2c0000 - 0x00007ffd2d3d9000 	C:\windows\System32\gdi32full.dll
0x00007ffd2d220000 - 0x00007ffd2d2ba000 	C:\windows\System32\msvcp_win.dll
0x00007ffd2f280000 - 0x00007ffd2f2b1000 	C:\windows\System32\IMM32.DLL
0x00007ffd064b0000 - 0x00007ffd064bc000 	C:\Users\henri\.jdks\openjdk-21.0.2\bin\vcruntime140_1.dll
0x00007ffcf1230000 - 0x00007ffcf12be000 	C:\Users\henri\.jdks\openjdk-21.0.2\bin\msvcp140.dll
0x00007ffcb3e00000 - 0x00007ffcb4b17000 	C:\Users\henri\.jdks\openjdk-21.0.2\bin\server\jvm.dll
0x00007ffd2f650000 - 0x00007ffd2f702000 	C:\windows\System32\ADVAPI32.dll
0x00007ffd2f710000 - 0x00007ffd2f7b8000 	C:\windows\System32\sechost.dll
0x00007ffd2d010000 - 0x00007ffd2d038000 	C:\windows\System32\bcrypt.dll
0x00007ffd2d670000 - 0x00007ffd2d785000 	C:\windows\System32\RPCRT4.dll
0x00007ffd2f1f0000 - 0x00007ffd2f261000 	C:\windows\System32\WS2_32.dll
0x00007ffd2bad0000 - 0x00007ffd2bb1d000 	C:\windows\SYSTEM32\POWRPROF.dll
0x00007ffd211b0000 - 0x00007ffd211e4000 	C:\windows\SYSTEM32\WINMM.dll
0x00007ffd1ed40000 - 0x00007ffd1ed4a000 	C:\windows\SYSTEM32\VERSION.dll
0x00007ffd2ba90000 - 0x00007ffd2baa3000 	C:\windows\SYSTEM32\UMPDC.dll
0x00007ffd2bd60000 - 0x00007ffd2bd78000 	C:\windows\SYSTEM32\kernel.appcore.dll
0x00007ffcf7f00000 - 0x00007ffcf7f0a000 	C:\Users\henri\.jdks\openjdk-21.0.2\bin\jimage.dll
0x00007ffd2a420000 - 0x00007ffd2a653000 	C:\windows\SYSTEM32\DBGHELP.DLL
0x00007ffd2f2c0000 - 0x00007ffd2f648000 	C:\windows\System32\combase.dll
0x00007ffd2edb0000 - 0x00007ffd2ee87000 	C:\windows\System32\OLEAUT32.dll
0x00007ffd1c520000 - 0x00007ffd1c552000 	C:\windows\SYSTEM32\dbgcore.DLL
0x00007ffd2d4a0000 - 0x00007ffd2d519000 	C:\windows\System32\bcryptPrimitives.dll
0x00007ffcf1210000 - 0x00007ffcf122f000 	C:\Users\henri\.jdks\openjdk-21.0.2\bin\java.dll
0x00007ffd2d810000 - 0x00007ffd2e06c000 	C:\windows\System32\SHELL32.dll
0x00007ffd2ab60000 - 0x00007ffd2b459000 	C:\windows\SYSTEM32\windows.storage.dll
0x00007ffd2aa20000 - 0x00007ffd2ab5e000 	C:\windows\SYSTEM32\wintypes.dll
0x00007ffd2f7d0000 - 0x00007ffd2f8c3000 	C:\windows\System32\SHCORE.dll
0x00007ffd2e610000 - 0x00007ffd2e66e000 	C:\windows\System32\shlwapi.dll
0x00007ffd2cb60000 - 0x00007ffd2cb81000 	C:\windows\SYSTEM32\profapi.dll
0x00007ffcd4360000 - 0x00007ffcd4437000 	C:\Users\henri\.jdks\openjdk-21.0.2\bin\jsvml.dll
0x00007ffcf6a20000 - 0x00007ffcf6a30000 	C:\Users\henri\.jdks\openjdk-21.0.2\bin\net.dll
0x00007ffd23e40000 - 0x00007ffd23f76000 	C:\windows\SYSTEM32\WINHTTP.dll
0x00007ffd2c1d0000 - 0x00007ffd2c239000 	C:\windows\system32\mswsock.dll
0x00007ffcf11f0000 - 0x00007ffcf1206000 	C:\Users\henri\.jdks\openjdk-21.0.2\bin\nio.dll
0x00007ffcf11d0000 - 0x00007ffcf11e8000 	C:\Users\henri\.jdks\openjdk-21.0.2\bin\zip.dll
0x000001264fbb0000 - 0x000001264fbb3000 	C:\Users\henri\.openjfx\cache\21.0.2+5\amd64\api-ms-win-core-console-l1-1-0.dll
0x000001264fbc0000 - 0x000001264fbc3000 	C:\Users\henri\.openjfx\cache\21.0.2+5\amd64\api-ms-win-core-console-l1-2-0.dll
0x000001264fbd0000 - 0x000001264fbd3000 	C:\Users\henri\.openjfx\cache\21.0.2+5\amd64\api-ms-win-core-datetime-l1-1-0.dll
0x000001264fbe0000 - 0x000001264fbe3000 	C:\Users\henri\.openjfx\cache\21.0.2+5\amd64\api-ms-win-core-debug-l1-1-0.dll
0x000001264fbf0000 - 0x000001264fbf3000 	C:\Users\henri\.openjfx\cache\21.0.2+5\amd64\api-ms-win-core-errorhandling-l1-1-0.dll
0x000001264fc00000 - 0x000001264fc04000 	C:\Users\henri\.openjfx\cache\21.0.2+5\amd64\api-ms-win-core-file-l1-1-0.dll
0x000001264fc10000 - 0x000001264fc13000 	C:\Users\henri\.openjfx\cache\21.0.2+5\amd64\api-ms-win-core-file-l1-2-0.dll
0x000001264fc20000 - 0x000001264fc23000 	C:\Users\henri\.openjfx\cache\21.0.2+5\amd64\api-ms-win-core-file-l2-1-0.dll
0x000001264fc30000 - 0x000001264fc33000 	C:\Users\henri\.openjfx\cache\21.0.2+5\amd64\api-ms-win-core-handle-l1-1-0.dll
0x000001264fc40000 - 0x000001264fc43000 	C:\Users\henri\.openjfx\cache\21.0.2+5\amd64\api-ms-win-core-heap-l1-1-0.dll
0x000001264fc50000 - 0x000001264fc53000 	C:\Users\henri\.openjfx\cache\21.0.2+5\amd64\api-ms-win-core-interlocked-l1-1-0.dll
0x0000012674da0000 - 0x0000012674da3000 	C:\Users\henri\.openjfx\cache\21.0.2+5\amd64\api-ms-win-core-libraryloader-l1-1-0.dll
0x0000012674db0000 - 0x0000012674db3000 	C:\Users\henri\.openjfx\cache\21.0.2+5\amd64\api-ms-win-core-localization-l1-2-0.dll
0x0000012674dc0000 - 0x0000012674dc3000 	C:\Users\henri\.openjfx\cache\21.0.2+5\amd64\api-ms-win-core-memory-l1-1-0.dll
0x0000012674dd0000 - 0x0000012674dd3000 	C:\Users\henri\.openjfx\cache\21.0.2+5\amd64\api-ms-win-core-namedpipe-l1-1-0.dll
0x0000012674de0000 - 0x0000012674de3000 	C:\Users\henri\.openjfx\cache\21.0.2+5\amd64\api-ms-win-core-processenvironment-l1-1-0.dll
0x0000012674df0000 - 0x0000012674df3000 	C:\Users\henri\.openjfx\cache\21.0.2+5\amd64\api-ms-win-core-processthreads-l1-1-0.dll
0x0000012674e00000 - 0x0000012674e03000 	C:\Users\henri\.openjfx\cache\21.0.2+5\amd64\api-ms-win-core-processthreads-l1-1-1.dll
0x0000012674e10000 - 0x0000012674e13000 	C:\Users\henri\.openjfx\cache\21.0.2+5\amd64\api-ms-win-core-profile-l1-1-0.dll
0x0000012674e20000 - 0x0000012674e23000 	C:\Users\henri\.openjfx\cache\21.0.2+5\amd64\api-ms-win-core-rtlsupport-l1-1-0.dll
0x0000012674e30000 - 0x0000012674e33000 	C:\Users\henri\.openjfx\cache\21.0.2+5\amd64\api-ms-win-core-string-l1-1-0.dll
0x0000012674e40000 - 0x0000012674e43000 	C:\Users\henri\.openjfx\cache\21.0.2+5\amd64\api-ms-win-core-synch-l1-1-0.dll
0x0000012674e50000 - 0x0000012674e53000 	C:\Users\henri\.openjfx\cache\21.0.2+5\amd64\api-ms-win-core-synch-l1-2-0.dll
0x0000012674e60000 - 0x0000012674e63000 	C:\Users\henri\.openjfx\cache\21.0.2+5\amd64\api-ms-win-core-sysinfo-l1-1-0.dll
0x0000012674e70000 - 0x0000012674e73000 	C:\Users\henri\.openjfx\cache\21.0.2+5\amd64\api-ms-win-core-timezone-l1-1-0.dll
0x0000012674e80000 - 0x0000012674e83000 	C:\Users\henri\.openjfx\cache\21.0.2+5\amd64\api-ms-win-core-util-l1-1-0.dll
0x0000012674e90000 - 0x0000012674e93000 	C:\Users\henri\.openjfx\cache\21.0.2+5\amd64\api-ms-win-crt-conio-l1-1-0.dll
0x0000012674ea0000 - 0x0000012674ea4000 	C:\Users\henri\.openjfx\cache\21.0.2+5\amd64\api-ms-win-crt-convert-l1-1-0.dll
0x0000012674eb0000 - 0x0000012674eb3000 	C:\Users\henri\.openjfx\cache\21.0.2+5\amd64\api-ms-win-crt-environment-l1-1-0.dll
0x0000012674ec0000 - 0x0000012674ec3000 	C:\Users\henri\.openjfx\cache\21.0.2+5\amd64\api-ms-win-crt-filesystem-l1-1-0.dll
0x0000012674ed0000 - 0x0000012674ed3000 	C:\Users\henri\.openjfx\cache\21.0.2+5\amd64\api-ms-win-crt-heap-l1-1-0.dll
0x0000012674ee0000 - 0x0000012674ee3000 	C:\Users\henri\.openjfx\cache\21.0.2+5\amd64\api-ms-win-crt-locale-l1-1-0.dll
0x0000012674ef0000 - 0x0000012674ef5000 	C:\Users\henri\.openjfx\cache\21.0.2+5\amd64\api-ms-win-crt-math-l1-1-0.dll
0x0000012674f00000 - 0x0000012674f05000 	C:\Users\henri\.openjfx\cache\21.0.2+5\amd64\api-ms-win-crt-multibyte-l1-1-0.dll
0x0000012674f10000 - 0x0000012674f20000 	C:\Users\henri\.openjfx\cache\21.0.2+5\amd64\api-ms-win-crt-private-l1-1-0.dll
0x0000012674f20000 - 0x0000012674f23000 	C:\Users\henri\.openjfx\cache\21.0.2+5\amd64\api-ms-win-crt-process-l1-1-0.dll
0x0000012674f30000 - 0x0000012674f34000 	C:\Users\henri\.openjfx\cache\21.0.2+5\amd64\api-ms-win-crt-runtime-l1-1-0.dll
0x0000012674f40000 - 0x0000012674f44000 	C:\Users\henri\.openjfx\cache\21.0.2+5\amd64\api-ms-win-crt-stdio-l1-1-0.dll
0x0000012674f50000 - 0x0000012674f54000 	C:\Users\henri\.openjfx\cache\21.0.2+5\amd64\api-ms-win-crt-string-l1-1-0.dll
0x0000012674f60000 - 0x0000012674f63000 	C:\Users\henri\.openjfx\cache\21.0.2+5\amd64\api-ms-win-crt-time-l1-1-0.dll
0x0000012674f70000 - 0x0000012674f73000 	C:\Users\henri\.openjfx\cache\21.0.2+5\amd64\api-ms-win-crt-utility-l1-1-0.dll
0x00007ffd05f40000 - 0x00007ffd0603c000 	C:\Users\henri\.openjfx\cache\21.0.2+5\amd64\ucrtbase.dll
0x00007ffd1ac80000 - 0x00007ffd1ac9b000 	C:\Users\henri\.openjfx\cache\21.0.2+5\amd64\vcruntime140.dll
0x00007ffd21420000 - 0x00007ffd2142c000 	C:\Users\henri\.openjfx\cache\21.0.2+5\amd64\vcruntime140_1.dll
0x00007ffd05eb0000 - 0x00007ffd05f3e000 	C:\Users\henri\.openjfx\cache\21.0.2+5\amd64\msvcp140.dll
0x00007ffd20e30000 - 0x00007ffd20e39000 	C:\Users\henri\.openjfx\cache\21.0.2+5\amd64\msvcp140_1.dll
0x00007ffd17aa0000 - 0x00007ffd17ae1000 	C:\Users\henri\.openjfx\cache\21.0.2+5\amd64\msvcp140_2.dll
0x00007ffd06ce0000 - 0x00007ffd06d10000 	C:\Users\henri\.openjfx\cache\21.0.2+5\amd64\prism_d3d.dll
0x00007ffcfcc80000 - 0x00007ffcfce29000 	C:\windows\system32\d3d9.dll
0x00007ffd295c0000 - 0x00007ffd295eb000 	C:\windows\SYSTEM32\dwmapi.dll
0x00007ffd29e90000 - 0x00007ffd29ec9000 	C:\windows\SYSTEM32\dxcore.dll
0x00007ffd26d80000 - 0x00007ffd26e2b000 	C:\windows\system32\uxtheme.dll
0x00007ffcf0e80000 - 0x00007ffcf0f30000 	C:\windows\SYSTEM32\d3d9on12.dll
0x00007ffd294b0000 - 0x00007ffd295a8000 	C:\windows\SYSTEM32\dxgi.dll
0x00007ffcf4f00000 - 0x00007ffcf4f26000 	C:\windows\SYSTEM32\d3d12.dll
0x00007ffd2c920000 - 0x00007ffd2c96e000 	C:\windows\SYSTEM32\cfgmgr32.dll
0x00007ffce7b90000 - 0x00007ffce7d93000 	C:\windows\SYSTEM32\D3D12Core.dll
0x00007ffcf4690000 - 0x00007ffcf46b7000 	C:\windows\System32\DriverStore\FileRepository\iigd_dch.inf_amd64_e330adaf63434ca3\igd12umd64.dll
0x00007ffcdd4a0000 - 0x00007ffcde3eb000 	C:\windows\System32\DriverStore\FileRepository\iigd_dch.inf_amd64_e330adaf63434ca3\igd12um64xel.dll
0x00007ffd2d040000 - 0x00007ffd2d1a7000 	C:\windows\System32\CRYPT32.dll
0x00007ffd2e1d0000 - 0x00007ffd2e375000 	C:\windows\System32\ole32.dll
0x00007ffd05370000 - 0x00007ffd053b4000 	C:\windows\SYSTEM32\ControlLib.dll
0x00007ffd2e690000 - 0x00007ffd2eb04000 	C:\windows\System32\SETUPAPI.dll
0x00007ffd2c8f0000 - 0x00007ffd2c91c000 	C:\windows\SYSTEM32\DEVOBJ.dll
0x00007ffd1ca40000 - 0x00007ffd1cac8000 	C:\windows\System32\DriverStore\FileRepository\iigd_dch.inf_amd64_e330adaf63434ca3\IntelControlLib.dll
0x00007ffd2d1b0000 - 0x00007ffd2d21b000 	C:\windows\System32\WINTRUST.dll
0x00007ffd2c8d0000 - 0x00007ffd2c8e2000 	C:\windows\SYSTEM32\MSASN1.dll
0x00007ffd23120000 - 0x00007ffd2316a000 	C:\windows\SYSTEM32\directxdatabasehelper.dll
0x00007ffd1b980000 - 0x00007ffd1bd54000 	C:\windows\System32\DriverStore\FileRepository\iigd_dch.inf_amd64_e330adaf63434ca3\igdgmm64.dll
0x00007ffd13bb0000 - 0x00007ffd179c2000 	C:\windows\System32\DriverStore\FileRepository\iigd_dch.inf_amd64_e330adaf63434ca3\igc64.dll
0x00007ffcf37d0000 - 0x00007ffcf37ff000 	C:\windows\SYSTEM32\D3DSCache.dll
0x00007ffd2c2d0000 - 0x00007ffd2c2f8000 	C:\windows\SYSTEM32\USERENV.dll
0x00007ffcdc0f0000 - 0x00007ffcdd49d000 	C:\windows\System32\DriverStore\FileRepository\iigd_dch.inf_amd64_e330adaf63434ca3\igd12dxva64.dll
0x00007ffcd9040000 - 0x00007ffcdad60000 	C:\windows\System32\DriverStore\FileRepository\iigd_dch.inf_amd64_e330adaf63434ca3\media_bin_64.dll
0x00007ffcf3150000 - 0x00007ffcf3177000 	C:\windows\System32\DriverStore\FileRepository\iigd_dch.inf_amd64_e330adaf63434ca3\igdinfo64.dll
0x00007ffd1f3e0000 - 0x00007ffd1f66e000 	C:\windows\SYSTEM32\twinapi.appcore.dll
0x00007ffd00fd0000 - 0x00007ffd01012000 	C:\Users\henri\.openjfx\cache\21.0.2+5\amd64\glass.dll
0x00007ffd2eba0000 - 0x00007ffd2ec99000 	C:\windows\System32\COMDLG32.dll
0x00007ffd2e070000 - 0x00007ffd2e1c3000 	C:\windows\System32\MSCTF.dll
0x00007ffd17b20000 - 0x00007ffd17b34000 	C:\Users\henri\.openjfx\cache\21.0.2+5\amd64\javafx_font.dll
0x00007ffd06590000 - 0x00007ffd065bd000 	C:\Users\henri\.openjfx\cache\21.0.2+5\amd64\javafx_iio.dll

dbghelp: loaded successfully - version: 4.0.5 - missing functions: none
symbol engine: initialized successfully - sym options: 0x614 - pdb path: .;C:\Users\henri\.jdks\openjdk-21.0.2\bin;C:\windows\SYSTEM32;C:\windows\WinSxS\amd64_microsoft.windows.common-controls_6595b64144ccf1df_6.0.22621.3235_none_270f74e173860f98;C:\Users\henri\.jdks\openjdk-21.0.2\bin\server;C:\Users\henri\.openjfx\cache\21.0.2+5\amd64;C:\windows\System32\DriverStore\FileRepository\iigd_dch.inf_amd64_e330adaf63434ca3

VM Arguments:
jvm_args: --module-path=C:\Users\henri\.m2\repository\org\openjfx\javafx-base\21.0.2\javafx-base-21.0.2-win.jar;C:\Users\henri\.m2\repository\org\openjfx\javafx-base\21.0.2\javafx-base-21.0.2.jar;C:\Users\henri\.m2\repository\org\openjfx\javafx-controls\21.0.2\javafx-controls-21.0.2-win.jar;C:\Users\henri\.m2\repository\org\openjfx\javafx-controls\21.0.2\javafx-controls-21.0.2.jar;C:\Users\henri\.m2\repository\org\openjfx\javafx-fxml\21.0.2\javafx-fxml-21.0.2-win.jar;C:\Users\henri\.m2\repository\org\openjfx\javafx-fxml\21.0.2\javafx-fxml-21.0.2.jar;C:\Users\henri\.m2\repository\org\openjfx\javafx-graphics\21.0.2\javafx-graphics-21.0.2-win.jar;C:\Users\henri\.m2\repository\org\openjfx\javafx-graphics\21.0.2\javafx-graphics-21.0.2.jar;C:\Users\henri\.m2\repository\org\openjfx\javafx-media\11.0.2\javafx-media-11.0.2-win.jar;C:\Users\henri\.m2\repository\org\openjfx\javafx-media\11.0.2\javafx-media-11.0.2.jar;C:\Users\henri\.m2\repository\org\openjfx\javafx-swing\11.0.2\javafx-swing-11.0.2-win.jar;C:\Users\henri\.m2\repository\org\openjfx\javafx-swing\11.0.2\javafx-swing-11.0.2.jar;C:\Users\henri\.m2\repository\org\openjfx\javafx-web\11.0.2\javafx-web-11.0.2-win.jar;C:\Users\henri\.m2\repository\org\openjfx\javafx-web\11.0.2\javafx-web-11.0.2.jar --add-modules=javafx.base,javafx.controls,javafx.fxml,javafx.graphics,javafx.media,javafx.swing,javafx.web 
java_command: no.ntnu.idatt1005.foodi.Main
java_class_path (initial): C:\Users\henri\Dokumenter\.NTNU\V2024\Systemutvikling\idatt1005_2024_20\target\classes;C:\Users\henri\.m2\repository\com\github\Dansoftowner\jSystemThemeDetector\3.8\jSystemThemeDetector-3.8.jar;C:\Users\henri\.m2\repository\com\github\oshi\oshi-core\5.8.6\oshi-core-5.8.6.jar;C:\Users\henri\.m2\repository\com\h2database\h2\2.2.224\h2-2.2.224.jar;C:\Users\henri\.m2\repository\commons-codec\commons-codec\1.6\commons-codec-1.6.jar;C:\Users\henri\.m2\repository\commons-io\commons-io\2.5\commons-io-2.5.jar;C:\Users\henri\.m2\repository\de\jangassen\jfa\1.2.0\jfa-1.2.0.jar;C:\Users\henri\.m2\repository\io\github\g00fy2\versioncompare\1.4.1\versioncompare-1.4.1.jar;C:\Users\henri\.m2\repository\net\java\dev\jna\jna\5.10.0\jna-5.10.0.jar;C:\Users\henri\.m2\repository\net\java\dev\jna\jna-platform\5.10.0\jna-platform-5.10.0.jar;C:\Users\henri\.m2\repository\org\apache\commons\commons-compress\1.19\commons-compress-1.19.jar;C:\Users\henri\.m2\repository\org\apache\maven\maven-aether-provider\3.0\maven-aether-provider-3.0.jar;C:\Users\henri\.m2\repository\org\apache\maven\maven-archiver\3.5.0\maven-archiver-3.5.0.jar;C:\Users\henri\.m2\repository\org\apache\maven\maven-artifact\3.0\maven-artifact-3.0.jar;C:\Users\henri\.m2\repository\org\apache\maven\maven-compat\3.0\maven-compat-3.0.jar;C:\Users\henri\.m2\repository\org\apache\maven\maven-core\3.0\maven-core-3.0.jar;C:\Users\henri\.m2\repository\org\apache\maven\maven-model\3.0\maven-model-3.0.jar;C:\Users\henri\.m2\repository\org\apache\maven\maven-model-builder\3.0\maven-model-builder-3.0.jar;C:\Users\henri\.m2\repository\org\apache\maven\maven-plugin-api\3.0\maven-plugin-api-3.0.jar;C:\Users\henri\.m2\repository\org\apache\maven\maven-repository-metadata\3.0\maven-repository-metadata-3.0.jar;C:\Users\henri\.m2\repository\org\apache\maven\maven-settings\3.0\maven-settings-3.0.jar;C:\Users\henri\.m2\repository\org\apache\maven\maven-settings-builder\3.0\maven-settings-builder-3.0.jar;C:\Users\henri\.m2\repository\org\apache\maven\plugins\maven-assembly-plugin\3.3.0\maven-assembly-plugin-3.3.0.jar;C:\Users\henri\.m2\repository\org\apache\maven\shared\file-management\3.0.0\file-management-3.0.0.jar;C:\Users\henri\.m2\repository\org\apache\maven\shared\maven-artifact-transfer\0.11.0\maven-artifact-transfer-0.11.0.jar;C:\Users\henri\.m2\repository\org\apache\maven\shared\maven-common-artifact-filters\3.1.0\maven-common-artifact-filters-3.1.0.jar;C:\Users\henri\.m2\repository\org\apache\maven\shared\maven-filtering\3.1.1\maven-filtering-3.1.1.jar;C:\Users\henri\.m2\repository\org\apache\maven\shared\maven-shared-io\3.0.0\maven-shared-io-3.0.0.jar;C:\Users\henri\.m2\repository\org\apache\maven\shared\maven-shared-utils\3.1.0\maven-shared-utils-3.1.0.jar;C:\Users\henri\.m2\repository\org\apache\maven\wagon\wagon-provider-api\2.10\wagon-provider-api-2.10.jar;C:\Users\henri\.m2\repository\org\codehaus\plexus\plexus-archiver\4.2.1\plexus-archiver-4.2.1.jar;C:\Users\henri\.m2\repository\org\codehaus\plexus\plexus-classworlds\2.2.3\plexus-classworlds-2.2.3.jar;C:\Users\henri\.m2\repository\org\codehaus\plexus\plexus-component-annotations\1.5.5\plexus-component-annotations-1.5.5.jar;C:\Users\henri\.m2\repository\org\codehaus\plexus\plexus-interpolation\1.25\plexus-interpolation-1.25.jar;C:\Users\henri\.m2\repository\org\codehaus\plexus\plexus-io\3.2.0\plexus-io-3.2.0.jar;C:\Users\henri\.m2\repository\org\codehaus\plexus\plexus-utils\3.3.0\plexus-utils-3.3.0.jar;C:\Users\henri\.m2\repository\org\iq80\snappy\snappy\0.4\snappy-0.4.jar;C:\Users\henri\.m2\repository\org\jetbrains\annotations\24.0.1\annotations-24.0.1.jar;C:\Users\henri\.m2\repository\org\slf4j\slf4j-api\1.7.36\slf4j-api-1.7.36.jar;C:\Users\henri\.m2\repository\org\slf4j\slf4j-simple\1.7.36\slf4j-simple-1.7.36.jar;C:\Users\henri\.m2\repository\org\sonatype\aether\aether-api\1.7\aether-api-1.7.jar;C:\Users\henri\.m2\repository\org\sonatype\aether\aether-impl\1.7\aether-impl-1.7.jar;C:\Users\henri\.m2\repository\org\sonatype\aether\aether-spi\1.7\aether-spi-1.7.jar;C:\Users\henri\.m2\repository\org\sonatype\aether\aether-util\1.7\aether-util-1.7.jar;C:\Users\henri\.m2\repository\org\sonatype\plexus\plexus-build-api\0.0.7\plexus-build-api-0.0.7.jar;C:\Users\henri\.m2\repository\org\sonatype\plexus\plexus-cipher\1.4\plexus-cipher-1.4.jar;C:\Users\henri\.m2\repository\org\sonatype\plexus\plexus-sec-dispatcher\1.3\plexus-sec-dispatcher-1.3.jar;C:\Users\henri\.m2\repository\org\sonatype\sisu\sisu-guice\2.1.7\sisu-guice-2.1.7-noaop.jar;C:\Users\henri\.m2\repository\org\sonatype\sisu\sisu-inject-bean\1.4.2\sisu-inject-bean-1.4.2.jar;C:\Users\henri\.m2\repository\org\sonatype\sisu\sisu-inject-plexus\1.4.2\sisu-inject-plexus-1.4.2.jar;C:\Users\henri\.m2\repository\org\tukaani\xz\1.8\xz-1.8.jar;C:\Users\henri\.m2\repository\org\xerial\sqlite-jdbc\3.36.0.3\sqlite-jdbc-3.36.0.3.jar
Launcher Type: SUN_STANDARD

[Global flags]
     intx CICompilerCount                          = 12                                        {product} {ergonomic}
     uint ConcGCThreads                            = 4                                         {product} {ergonomic}
     uint G1ConcRefinementThreads                  = 15                                        {product} {ergonomic}
   size_t G1HeapRegionSize                         = 4194304                                   {product} {ergonomic}
    uintx GCDrainStackTargetSize                   = 64                                        {product} {ergonomic}
   size_t InitialHeapSize                          = 532676608                                 {product} {ergonomic}
   size_t MarkStackSize                            = 4194304                                   {product} {ergonomic}
   size_t MaxHeapSize                              = 8476688384                                {product} {ergonomic}
   size_t MaxNewSize                               = 5083496448                                {product} {ergonomic}
   size_t MinHeapDeltaBytes                        = 4194304                                   {product} {ergonomic}
   size_t MinHeapSize                              = 8388608                                   {product} {ergonomic}
    uintx NonNMethodCodeHeapSize                   = 7602480                                {pd product} {ergonomic}
    uintx NonProfiledCodeHeapSize                  = 122027880                              {pd product} {ergonomic}
    uintx ProfiledCodeHeapSize                     = 122027880                              {pd product} {ergonomic}
    uintx ReservedCodeCacheSize                    = 251658240                              {pd product} {ergonomic}
     bool SegmentedCodeCache                       = true                                      {product} {ergonomic}
   size_t SoftMaxHeapSize                          = 8476688384                             {manageable} {ergonomic}
     bool UseCompressedOops                        = true                           {product lp64_product} {ergonomic}
     bool UseG1GC                                  = true                                      {product} {ergonomic}
     bool UseLargePagesIndividualAllocation        = false                                  {pd product} {ergonomic}

Logging:
Log output configuration:
 #0: stdout all=warning uptime,level,tags foldmultilines=false
 #1: stderr all=off uptime,level,tags foldmultilines=false

Environment Variables:
JAVA_HOME=C:\Users\henri\.jdks\openjdk-21.0.2
PATH=C:\Program Files\Common Files\Oracle\Java\javapath;C:\windows\system32;C:\windows;C:\windows\System32\Wbem;C:\windows\System32\WindowsPowerShell\v1.0\;C:\windows\System32\OpenSSH\;C:\Program Files (x86)\NVIDIA Corporation\PhysX\Common;C:\Program Files\NVIDIA Corporation\NVIDIA NvDLISR;C:\Program Files\dotnet\;C:\Program Files\Git\cmd;C:\Program Files\nodejs\;C:\ProgramData\chocolatey\bin;;C:\Program Files\Docker\Docker\resources\bin;C:\Program Files (x86)\Gpg4win\..\GnuPG\bin;C:\Users\henri\AppData\Local\Programs\Python\Launcher\;C:\Users\henri\.cargo\bin;C:\Users\henri\AppData\Local\Microsoft\WindowsApps;C:\Users\henri\AppData\Local\Programs\Microsoft VS Code\bin;C:\Users\henri\.dotnet\tools;C:\Users\henri\AppData\Local\GitHubDesktop\bin;C:\Users\henri\AppData\Roaming\npm;C:\Program Files\JetBrains\IntelliJ IDEA 2023.3\bin;C:\Users\henri\AppData\Local\JetBrains\Toolbox\scripts;
USERNAME=henri
OS=Windows_NT
PROCESSOR_IDENTIFIER=Intel64 Family 6 Model 186 Stepping 2, GenuineIntel
TMP=C:\Users\henri\AppData\Local\Temp
TEMP=C:\Users\henri\AppData\Local\Temp




Periodic native trim disabled

---------------  S Y S T E M  ---------------

OS:
 Windows 11 , 64 bit Build 22621 (10.0.22621.3374)
OS uptime: 3 days 23:12 hours
Hyper-V role detected

CPU: total 20 (initial active 20) (10 cores per cpu, 2 threads per core) family 6 model 186 stepping 2 microcode 0x410e, cx8, cmov, fxsr, ht, mmx, 3dnowpref, sse, sse2, sse3, ssse3, sse4.1, sse4.2, popcnt, lzcnt, tsc, tscinvbit, avx, avx2, aes, erms, clmul, bmi1, bmi2, adx, sha, fma, vzeroupper, clflush, clflushopt, clwb, hv, serialize, rdtscp, rdpid, fsrm, f16c, cet_ibt, cet_ss
Processor Information for processor 0
  Max Mhz: 2600, Current Mhz: 2600, Mhz Limit: 2600
Processor Information for processor 1
  Max Mhz: 2600, Current Mhz: 2600, Mhz Limit: 2600
Processor Information for processor 2
  Max Mhz: 2600, Current Mhz: 2600, Mhz Limit: 2600
Processor Information for processor 3
  Max Mhz: 2600, Current Mhz: 2600, Mhz Limit: 2600
Processor Information for processor 4
  Max Mhz: 2600, Current Mhz: 2600, Mhz Limit: 2600
Processor Information for processor 5
  Max Mhz: 2600, Current Mhz: 2600, Mhz Limit: 2600
Processor Information for processor 6
  Max Mhz: 2600, Current Mhz: 2600, Mhz Limit: 2600
Processor Information for processor 7
  Max Mhz: 2600, Current Mhz: 2600, Mhz Limit: 2600
Processor Information for processor 8
  Max Mhz: 2600, Current Mhz: 2600, Mhz Limit: 2600
Processor Information for processor 9
  Max Mhz: 2600, Current Mhz: 2600, Mhz Limit: 2600
Processor Information for processor 10
  Max Mhz: 2600, Current Mhz: 2600, Mhz Limit: 2600
Processor Information for processor 11
  Max Mhz: 2600, Current Mhz: 2600, Mhz Limit: 2600
Processor Information for processor 12
  Max Mhz: 2600, Current Mhz: 1900, Mhz Limit: 1898
Processor Information for processor 13
  Max Mhz: 2600, Current Mhz: 1900, Mhz Limit: 1898
Processor Information for processor 14
  Max Mhz: 2600, Current Mhz: 1900, Mhz Limit: 1898
Processor Information for processor 15
  Max Mhz: 2600, Current Mhz: 1900, Mhz Limit: 1898
Processor Information for processor 16
  Max Mhz: 2600, Current Mhz: 1900, Mhz Limit: 1898
Processor Information for processor 17
  Max Mhz: 2600, Current Mhz: 1900, Mhz Limit: 1898
Processor Information for processor 18
  Max Mhz: 2600, Current Mhz: 1900, Mhz Limit: 1898
Processor Information for processor 19
  Max Mhz: 2600, Current Mhz: 1900, Mhz Limit: 1898

Memory: 4k page, system-wide physical 32327M (17040M free)
TotalPageFile size 37191M (AvailPageFile size 18295M)
current process WorkingSet (physical memory assigned to process): 222M, peak: 222M
current process commit charge ("private bytes"): 756M, peak: 757M

vm_info: OpenJDK 64-Bit Server VM (21.0.2+13-58) for windows-amd64 JRE (21.0.2+13-58), built on 2024-01-05T18:32:24Z by "mach5one" with MS VC++ 17.1 (VS2022)

END.
