#
# A fatal error has been detected by the Java Runtime Environment:
#
#  EXCEPTION_ACCESS_VIOLATION (0xc0000005) at pc=0x00007ff8a5c3c2d4, pid=11076, tid=2176
#
# JRE version: Java(TM) SE Runtime Environment (20.0.2+9) (build 20.0.2+9-78)
# Java VM: Java HotSpot(TM) 64-Bit Server VM (20.0.2+9-78, mixed mode, sharing, tiered, compressed oops, compressed class ptrs, g1 gc, windows-amd64)
# Problematic frame:
# V  [jvm.dll+0x44c2d4]
#
# No core dump will be written. Minidumps are not enabled by default on client versions of Windows
#
# If you would like to submit a bug report, please visit:
#   https://bugreport.java.com/bugreport/crash.jsp
#

---------------  S U M M A R Y ------------

Command Line: --module-path=C:\Users\henri\.m2\repository\org\openjfx\javafx-base\21.0.2\javafx-base-21.0.2-win.jar;C:\Users\henri\.m2\repository\org\openjfx\javafx-base\21.0.2\javafx-base-21.0.2.jar;C:\Users\henri\.m2\repository\org\openjfx\javafx-controls\21.0.2\javafx-controls-21.0.2-win.jar;C:\Users\henri\.m2\repository\org\openjfx\javafx-controls\21.0.2\javafx-controls-21.0.2.jar;C:\Users\henri\.m2\repository\org\openjfx\javafx-fxml\21.0.2\javafx-fxml-21.0.2-win.jar;C:\Users\henri\.m2\repository\org\openjfx\javafx-fxml\21.0.2\javafx-fxml-21.0.2.jar;C:\Users\henri\.m2\repository\org\openjfx\javafx-graphics\21.0.2\javafx-graphics-21.0.2-win.jar;C:\Users\henri\.m2\repository\org\openjfx\javafx-graphics\21.0.2\javafx-graphics-21.0.2.jar;C:\Users\henri\.m2\repository\org\openjfx\javafx-media\11.0.2\javafx-media-11.0.2-win.jar;C:\Users\henri\.m2\repository\org\openjfx\javafx-media\11.0.2\javafx-media-11.0.2.jar;C:\Users\henri\.m2\repository\org\openjfx\javafx-swing\11.0.2\javafx-swing-11.0.2-win.jar;C:\Users\henri\.m2\repository\org\openjfx\javafx-swing\11.0.2\javafx-swing-11.0.2.jar;C:\Users\henri\.m2\repository\org\openjfx\javafx-web\11.0.2\javafx-web-11.0.2-win.jar;C:\Users\henri\.m2\repository\org\openjfx\javafx-web\11.0.2\javafx-web-11.0.2.jar --add-modules=javafx.base,javafx.controls,javafx.fxml,javafx.graphics,javafx.media,javafx.swing,javafx.web no.ntnu.idatt1002.Main

Host: 13th Gen Intel(R) Core(TM) i9-13900H, 20 cores, 31G,  Windows 11 , 64 bit Build 22621 (10.0.22621.3235)
Time: Mon Mar 18 20:31:07 2024 Vest-Europa (normaltid) elapsed time: 0.977811 seconds (0d 0h 0m 0s)

---------------  T H R E A D  ---------------

Current thread (0x0000026c4e384370):  JavaThread "JavaFX Application Thread" [_thread_in_vm, id=2176, stack(0x000000d53d800000,0x000000d53d900000)]

Stack: [0x000000d53d800000,0x000000d53d900000],  sp=0x000000d53d8fd8b0,  free space=1014k
Native frames: (J=compiled Java code, j=interpreted, Vv=VM code, C=native code)
V  [jvm.dll+0x44c2d4]
V  [jvm.dll+0x44ddfb]
V  [jvm.dll+0x4440b8]
C  [javafx_iio.dll+0x1d555]

Java frames: (J=compiled Java code, j=interpreted, Vv=VM code)
j  com.sun.javafx.iio.jpeg.JPEGImageLoader.decompressIndirect(JZ[B)Z+0 javafx.graphics@21.0.2
j  com.sun.javafx.iio.jpeg.JPEGImageLoader.load(IIIZZ)Lcom/sun/javafx/iio/ImageFrame;+227 javafx.graphics@21.0.2
j  com.sun.javafx.iio.ImageStorage.loadAll(Lcom/sun/javafx/iio/ImageLoader;DDZFZ)[Lcom/sun/javafx/iio/ImageFrame;+55 javafx.graphics@21.0.2
j  com.sun.javafx.iio.ImageStorage.loadAll(Ljava/lang/String;Lcom/sun/javafx/iio/ImageLoadListener;DDZFZ)[Lcom/sun/javafx/iio/ImageFrame;+399 javafx.graphics@21.0.2
j  com.sun.javafx.tk.quantum.PrismImageLoader2.loadAll(Ljava/lang/String;DDZFZ)V+25 javafx.graphics@21.0.2
j  com.sun.javafx.tk.quantum.PrismImageLoader2.<init>(Ljava/lang/String;DDZFZ)V+15 javafx.graphics@21.0.2
j  com.sun.javafx.tk.quantum.QuantumToolkit.loadImage(Ljava/lang/String;DDZZ)Lcom/sun/javafx/tk/ImageLoader;+16 javafx.graphics@21.0.2
j  javafx.scene.image.Image.loadImage(Ljava/lang/String;DDZZ)Lcom/sun/javafx/tk/ImageLoader;+10 javafx.graphics@21.0.2
j  javafx.scene.image.Image.initialize(Ljava/lang/Object;)V+92 javafx.graphics@21.0.2
j  javafx.scene.image.Image.<init>(Ljava/lang/String;)V+16 javafx.graphics@21.0.2
j  javafx.scene.image.ImageView.<init>(Ljava/lang/String;)V+6 javafx.graphics@21.0.2
j  no.ntnu.idatt1002.view.components.cookbook.RecipeCard.<init>(Ljava/lang/String;Ljava/lang/String;Ljava/lang/String;)V+47
j  no.ntnu.idatt1002.view.views.CookbookGrid.<init>()V+225
j  no.ntnu.idatt1002.view.Root.<init>()V+70
j  no.ntnu.idatt1002.Main.start(Ljavafx/stage/Stage;)V+4
j  com.sun.javafx.application.LauncherImpl.lambda$launchApplication1$9(Ljava/util/concurrent/atomic/AtomicBoolean;Ljavafx/application/Application;)V+20 javafx.graphics@21.0.2
j  com.sun.javafx.application.LauncherImpl$$Lambda$103+0x0000026c090888a0.run()V+8 javafx.graphics@21.0.2
j  com.sun.javafx.application.PlatformImpl.lambda$runAndWait$12(Ljava/lang/Runnable;Ljava/util/concurrent/CountDownLatch;)V+1 javafx.graphics@21.0.2
j  com.sun.javafx.application.PlatformImpl$$Lambda$96+0x0000026c090821e0.run()V+8 javafx.graphics@21.0.2
j  com.sun.javafx.application.PlatformImpl.lambda$runLater$10(Ljava/lang/Runnable;)Ljava/lang/Void;+1 javafx.graphics@21.0.2
j  com.sun.javafx.application.PlatformImpl$$Lambda$98+0x0000026c09083030.run()Ljava/lang/Object;+4 javafx.graphics@21.0.2
j  java.security.AccessController.executePrivileged(Ljava/security/PrivilegedAction;Ljava/security/AccessControlContext;Ljava/lang/Class;)Ljava/lang/Object;+29 java.base@20.0.2
j  java.security.AccessController.doPrivileged(Ljava/security/PrivilegedAction;Ljava/security/AccessControlContext;)Ljava/lang/Object;+13 java.base@20.0.2
j  com.sun.javafx.application.PlatformImpl.lambda$runLater$11(Ljava/lang/Runnable;Ljava/security/AccessControlContext;)V+7 javafx.graphics@21.0.2
j  com.sun.javafx.application.PlatformImpl$$Lambda$97+0x0000026c090827d0.run()V+8 javafx.graphics@21.0.2
j  com.sun.glass.ui.InvokeLaterDispatcher$Future.run()V+4 javafx.graphics@21.0.2
v  ~StubRoutines::call_stub 0x0000026c6d98100d
j  com.sun.glass.ui.win.WinApplication._runLoop(Ljava/lang/Runnable;)V+0 javafx.graphics@21.0.2
j  com.sun.glass.ui.win.WinApplication.lambda$runLoop$3(ILjava/lang/Runnable;)V+8 javafx.graphics@21.0.2
j  com.sun.glass.ui.win.WinApplication$$Lambda$86+0x0000026c09034000.run()V+12 javafx.graphics@21.0.2
j  java.lang.Thread.runWith(Ljava/lang/Object;Ljava/lang/Runnable;)V+5 java.base@20.0.2
j  java.lang.Thread.run()V+19 java.base@20.0.2
v  ~StubRoutines::call_stub 0x0000026c6d98100d

siginfo: EXCEPTION_ACCESS_VIOLATION (0xc0000005), writing address 0x000000d58bc81e18


Registers:
RAX=0x000000d53d8fdaa8, RBX=0x000000000000000a, RCX=0x000000004e384370, RDX=0x0000000000000000
RSP=0x000000d53d8fd8b0, RBP=0x000000d53d8fd9e1, RSI=0x000000d53d8fdaa8, RDI=0x00007ff8a57f0000
R8 =0x000000d53d8fd970, R9 =0x0000000000000001, R10=0x0000026c08012100, R11=0x000000d53d8fda20
R12=0x0000026c491319e0, R13=0x000000d53d8fda78, R14=0x000000d53d8fdab0, R15=0x000000d53d8fdaa8
RIP=0x00007ff8a5c3c2d4, EFLAGS=0x0000000000010202


Register to memory mapping:

RIP=0x00007ff8a5c3c2d4 jvm.dll
RAX=0x000000d53d8fdaa8 is pointing into the stack for thread: 0x0000026c4e384370
RBX=0x000000000000000a is an unknown value
RCX=0x000000004e384370 is an unknown value
RDX=0x0 is NULL
RSP=0x000000d53d8fd8b0 is pointing into the stack for thread: 0x0000026c4e384370
RBP=0x000000d53d8fd9e1 is pointing into the stack for thread: 0x0000026c4e384370
RSI=0x000000d53d8fdaa8 is pointing into the stack for thread: 0x0000026c4e384370
RDI=0x00007ff8a57f0000 jvm.dll
R8 =0x000000d53d8fd970 is pointing into the stack for thread: 0x0000026c4e384370
R9 =0x0000000000000001 is an unknown value
R10=0x0000026c08012100 is a pointer to class: 
java.io.InputStream {0x0000026c08012108}
 - instance size:     2
 - klass size:        83
 - access:            public synchronized abstract 
 - state:             fully_initialized
 - name:              'java/io/InputStream'
 - super:             'java/lang/Object'
 - sub:               'com/sun/javafx/iio/png/PNGIDATChunkInputStream'   'java/io/SequenceInputStream'   'java/util/zip/ZipFile$ZipFileInputStream'   'java/io/FilterInputStream'   (2 more klasses...)
 - arrays:            'java/io/InputStream'[]
 - methods:           Array<T>(0x0000026c08bbff50)
 - method ordering:   Array<T>(0x0000026c08bbfef8)
 - default_methods:   Array<T>(0x0000000000000000)
 - local interfaces:  Array<T>(0x0000026c08bbff40)
 - trans. interfaces: Array<T>(0x0000026c086268e8)
 - constants:         constant pool [184] {0x0000026c0868a438} for 'java/io/InputStream' cache=0x0000026c08054238
 - class loader data:  loader data: 0x0000026c7915ab00 of 'bootstrap'
 - source file:       'InputStream.java'
 - class annotations:       Array<T>(0x0000000000000000)
 - class type annotations:  Array<T>(0x0000000000000000)
 - field annotations:       Array<T>(0x0000000000000000)
 - field type annotations:  Array<T>(0x0000000000000000)
 - inner classes:     Array<T>(0x0000026c08bc0340)
 - nest members:     Array<T>(0x0000026c08bbfea0)
 - permitted subclasses:     Array<T>(0x0000026c086100f8)
 - java mirror:       a 'java/lang/Class'{0x0000000624e1d680} = 'java/io/InputStream'
 - vtable length      19  (start addr: 0x0000026c080122c0)
 - itable length      8 (start addr: 0x0000026c08012358)
 - ---- static fields (2 words):
 - private static final 'MAX_SKIP_BUFFER_SIZE' 'I' @112 
 - private static final 'DEFAULT_BUFFER_SIZE' 'I' @116 
 - private static final 'MAX_BUFFER_SIZE' 'I' @120 
 - ---- non-static fields (0 words):
 - non-static oop maps: 
R11=0x000000d53d8fda20 is pointing into the stack for thread: 0x0000026c4e384370
R12=0x0000026c491319e0 points into unknown readable memory: 0x2e6f692e6176616a | 6a 61 76 61 2e 69 6f 2e
R13=0x000000d53d8fda78 is pointing into the stack for thread: 0x0000026c4e384370
R14=0x000000d53d8fdab0 is pointing into the stack for thread: 0x0000026c4e384370
R15=0x000000d53d8fdaa8 is pointing into the stack for thread: 0x0000026c4e384370


Top of Stack: (sp=0x000000d53d8fd8b0)
0x000000d53d8fd8b0:   00000006256fd000 0000026c6d9d6d00
0x000000d53d8fd8c0:   0000026c49131db8 00007ff8a5bd0cae
0x000000d53d8fd8d0:   0000ffb20000ffb1 0000ffb40000ffb3
0x000000d53d8fd8e0:   0000ffb60000ffb5 0000ffb80000ffb7
0x000000d53d8fd8f0:   0000026c4e384370 0000ffbc0000ffbb
0x000000d53d8fd900:   0000026c491319d0 00007ff8a5c3ddfb
0x000000d53d8fd910:   0000026c49131db8 0000026c4e384370
0x000000d53d8fd920:   0000026c4e385460 0000ffc80000ffc7
0x000000d53d8fd930:   0000ffca0000ffc9 0000ffcc0000ffcb
0x000000d53d8fd940:   0000ffce00000004 0000026c49131db8
0x000000d53d8fd950:   000000d53d8fdaa8 00000000000003d8
0x000000d53d8fd960:   0000026c495977c8 0000026c4e384370
0x000000d53d8fd970:   0000ffda0000ffd9 0000026c7925ca40
0x000000d53d8fd980:   0000026c79221c30 0000000000000000
0x000000d53d8fd990:   0000000000000000 0000026c4eabff70
0x000000d53d8fd9a0:   000000d53d8fdb28 00007ff8a5c3cbf7
0x000000d53d8fd9b0:   000000d53d8fdaa8 0000000000030200
0x000000d53d8fd9c0:   0000026c0844f750 000000d53d8fd978
0x000000d53d8fd9d0:   000000d53d8fd9b9 0000000800000002
0x000000d53d8fd9e0:   0000026c08487500 0000000000000000
0x000000d53d8fd9f0:   00003b17c96c6c08 00007ff938e42e54
0x000000d53d8fda00:   0000026c4eabff70 0000026c4eabd160
0x000000d53d8fda10:   0000026c4e384650 0000026c79221c38
0x000000d53d8fda20:   000000d53d8fdb28 00007ff8a5c340b8
0x000000d53d8fda30:   00000000ffffffff 0000026c4e384370
0x000000d53d8fda40:   00007ff8a6189c08 0000026c4e384370
0x000000d53d8fda50:   0000026c4e264128 000000d53d8fdaa8
0x000000d53d8fda60:   0000026c4e384370 0000000000000000
0x000000d53d8fda70:   000000d53d8fdb28 000000000000000a
0x000000d53d8fda80:   0000000000000000 0000026c4e384370
0x000000d53d8fda90:   0000000000000000 0000000000000000
0x000000d53d8fdaa0:   0000000000000000 00007ff8a6189c08 

Instructions: (pc=0x00007ff8a5c3c2d4)
0x00007ff8a5c3c1d4:   00 00 48 8d 0d a3 d9 54 00 e8 de 4a e3 ff e8 29
0x00007ff8a5c3c1e4:   fa 26 00 48 8d 4c 24 20 e8 ef 98 2e 00 83 7c 24
0x00007ff8a5c3c1f4:   3c 03 0f 85 c4 fd ff ff 8b 44 24 38 48 8d 4c 24
0x00007ff8a5c3c204:   20 89 46 08 e8 43 8e 2e 00 48 8b 5c 24 60 48 8b
0x00007ff8a5c3c214:   74 24 68 48 83 c4 50 5f c3 0f 1f 00 ad c0 44 00
0x00007ff8a5c3c224:   de bf 44 00 2b c1 44 00 60 c1 44 00 46 c0 44 00
0x00007ff8a5c3c234:   12 c0 44 00 7a c0 44 00 e9 c0 44 00 a1 c1 44 00
0x00007ff8a5c3c244:   a1 c1 44 00 cc cc cc cc cc cc cc cc 48 89 5c 24
0x00007ff8a5c3c254:   08 48 89 74 24 10 48 89 7c 24 18 41 56 48 83 ec
0x00007ff8a5c3c264:   50 48 8b 59 10 48 8b f2 4c 8b f1 48 8d 43 ff 48
0x00007ff8a5c3c274:   83 f8 fd 0f 87 c2 01 00 00 48 c1 eb 05 8b c3 48
0x00007ff8a5c3c284:   c1 eb 04 83 e0 0f 0f 84 96 03 00 00 48 8d 3d 69
0x00007ff8a5c3c294:   3d bb ff 66 0f 1f 84 00 00 00 00 00 83 c0 fc 83
0x00007ff8a5c3c2a4:   f8 09 0f 87 69 01 00 00 48 98 8b 8c 87 3c c6 44
0x00007ff8a5c3c2b4:   00 48 03 cf ff e1 48 8b 4e 28 4c 8b 46 20 48 8d
0x00007ff8a5c3c2c4:   41 08 48 89 46 28 8b 11 49 63 48 68 49 8b 40 60
0x00007ff8a5c3c2d4:   c6 04 01 00 49 63 48 68 49 8b 40 58 89 14 c8 41
0x00007ff8a5c3c2e4:   ff 40 68 e9 3f 01 00 00 48 8b 4e 28 33 d2 4c 8b
0x00007ff8a5c3c2f4:   4e 20 48 8d 41 08 48 89 46 28 44 8b 01 45 84 c0
0x00007ff8a5c3c304:   49 63 49 68 49 8b 41 60 0f 95 c2 c6 04 01 00 49
0x00007ff8a5c3c314:   63 49 68 49 8b 41 58 89 14 c8 41 ff 41 68 e9 04
0x00007ff8a5c3c324:   01 00 00 4c 8b 46 20 48 8b 4e 28 48 8d 41 08 48
0x00007ff8a5c3c334:   89 46 28 48 8b 11 49 63 48 68 49 8b 40 60 c6 04
0x00007ff8a5c3c344:   01 00 49 63 48 68 49 8b 40 60 c6 44 01 01 00 49
0x00007ff8a5c3c354:   63 48 68 49 8b 40 58 48 89 54 c8 08 41 83 40 68
0x00007ff8a5c3c364:   02 e9 c1 00 00 00 48 8b 4e 28 48 8b 56 20 f2 0f
0x00007ff8a5c3c374:   10 01 48 8d 41 08 48 89 46 28 48 63 4a 68 48 8b
0x00007ff8a5c3c384:   42 60 66 0f 5a c0 c6 04 01 00 48 63 4a 68 48 8b
0x00007ff8a5c3c394:   42 58 f3 0f 11 04 c8 ff 42 68 e9 88 00 00 00 48
0x00007ff8a5c3c3a4:   8b 56 20 48 8b 4e 28 f2 0f 10 01 48 8d 41 08 48
0x00007ff8a5c3c3b4:   89 46 28 48 63 4a 68 48 8b 42 60 c6 04 01 00 48
0x00007ff8a5c3c3c4:   63 4a 68 48 8b 42 60 c6 44 01 01 00 48 63 4a 68 


Stack slot to memory mapping:
stack at sp + 0 slots: 0x00000006256fd000 is an oop: [Ljava.io.InputStream; 
{0x00000006256fd000} - klass: 'java/io/InputStream'[]
 - length: 2
stack at sp + 1 slots: 0x0000026c6d9d6d00 is at code_begin+0 in 
[CodeBlob (0x0000026c6d9d6c90)]
Framesize: 0
BufferBlob (0x0000026c6d9d6c90) used for I2C/C2I adapters
stack at sp + 2 slots: 0x0000026c49131db8 points into unknown readable memory: 0x88000f0008d799a5 | a5 99 d7 08 00 0f 00 88
stack at sp + 3 slots: 0x00007ff8a5bd0cae jvm.dll
stack at sp + 4 slots: 0x0000ffb20000ffb1 is an unknown value
stack at sp + 5 slots: 0x0000ffb40000ffb3 is an unknown value
stack at sp + 6 slots: 0x0000ffb60000ffb5 is an unknown value
stack at sp + 7 slots: 0x0000ffb80000ffb7 is an unknown value


---------------  P R O C E S S  ---------------

Threads class SMR info:
_java_thread_list=0x0000026c4d8b20e0, length=20, elements={
0x0000026c5e467f70, 0x0000026c79230ba0, 0x0000026c792319a0, 0x0000026c79237300,
0x0000026c7923b710, 0x0000026c7923ce30, 0x0000026c490a1f70, 0x0000026c79240580,
0x0000026c79244650, 0x0000026c79244be0, 0x0000026c491e3f10, 0x0000026c79245700,
0x0000026c792435a0, 0x0000026c4d8f69e0, 0x0000026c4dbd81f0, 0x0000026c4e383e20,
0x0000026c4e384370, 0x0000026c4e59c310, 0x0000026c4e5eff40, 0x0000026c4ec5f4c0
}

Java Threads: ( => current thread )
  0x0000026c5e467f70 JavaThread "main" [_thread_blocked, id=10064, stack(0x000000d53c100000,0x000000d53c200000)]
  0x0000026c79230ba0 JavaThread "Reference Handler" daemon [_thread_blocked, id=14608, stack(0x000000d53c800000,0x000000d53c900000)]
  0x0000026c792319a0 JavaThread "Finalizer" daemon [_thread_blocked, id=20716, stack(0x000000d53c900000,0x000000d53ca00000)]
  0x0000026c79237300 JavaThread "Signal Dispatcher" daemon [_thread_blocked, id=18780, stack(0x000000d53ca00000,0x000000d53cb00000)]
  0x0000026c7923b710 JavaThread "Attach Listener" daemon [_thread_blocked, id=3836, stack(0x000000d53cb00000,0x000000d53cc00000)]
  0x0000026c7923ce30 JavaThread "Service Thread" daemon [_thread_blocked, id=4612, stack(0x000000d53cc00000,0x000000d53cd00000)]
  0x0000026c490a1f70 JavaThread "Monitor Deflation Thread" daemon [_thread_blocked, id=19424, stack(0x000000d53cd00000,0x000000d53ce00000)]
  0x0000026c79240580 JavaThread "C2 CompilerThread0" daemon [_thread_blocked, id=4372, stack(0x000000d53ce00000,0x000000d53cf00000)]
  0x0000026c79244650 JavaThread "C1 CompilerThread0" daemon [_thread_blocked, id=20656, stack(0x000000d53cf00000,0x000000d53d000000)]
  0x0000026c79244be0 JavaThread "C1 CompilerThread1" daemon [_thread_blocked, id=8000, stack(0x000000d53d000000,0x000000d53d100000)]
  0x0000026c491e3f10 JavaThread "Common-Cleaner" daemon [_thread_blocked, id=21364, stack(0x000000d53d100000,0x000000d53d200000)]
  0x0000026c79245700 JavaThread "C1 CompilerThread2" daemon [_thread_blocked, id=4564, stack(0x000000d53d200000,0x000000d53d300000)]
  0x0000026c792435a0 JavaThread "C1 CompilerThread3" daemon [_thread_blocked, id=13392, stack(0x000000d53d300000,0x000000d53d400000)]
  0x0000026c4d8f69e0 JavaThread "Notification Thread" daemon [_thread_blocked, id=19952, stack(0x000000d53d900000,0x000000d53da00000)]
  0x0000026c4dbd81f0 JavaThread "QuantumRenderer-0" daemon [_thread_blocked, id=7384, stack(0x000000d53db00000,0x000000d53dc00000)]
  0x0000026c4e383e20 JavaThread "InvokeLaterDispatcher" daemon [_thread_blocked, id=8412, stack(0x000000d53d700000,0x000000d53d800000)]
=>0x0000026c4e384370 JavaThread "JavaFX Application Thread" [_thread_in_vm, id=2176, stack(0x000000d53d800000,0x000000d53d900000)]
  0x0000026c4e59c310 JavaThread "JavaFX-Launcher" [_thread_blocked, id=16212, stack(0x000000d53e200000,0x000000d53e300000)]
  0x0000026c4e5eff40 JavaThread "Thread-2" daemon [_thread_in_native, id=20800, stack(0x000000d53e100000,0x000000d53e200000)]
  0x0000026c4ec5f4c0 JavaThread "Prism Font Disposer" daemon [_thread_blocked, id=8400, stack(0x000000d53d600000,0x000000d53d700000)]

Other Threads:
  0x0000026c79211da0 VMThread "VM Thread" [stack: 0x000000d53c700000,0x000000d53c800000] [id=14712]
  0x0000026c4d910350 WatcherThread "VM Periodic Task Thread" [stack: 0x000000d53da00000,0x000000d53db00000] [id=16428]
  0x0000026c5e51c060 WorkerThread "GC Thread#0" [stack: 0x000000d53c200000,0x000000d53c300000] [id=4744]
  0x0000026c79211530 WorkerThread "GC Thread#1" [stack: 0x000000d53e300000,0x000000d53e400000] [id=11440]
  0x0000026c79211800 WorkerThread "GC Thread#2" [stack: 0x000000d53e400000,0x000000d53e500000] [id=2324]
  0x0000026c79210720 WorkerThread "GC Thread#3" [stack: 0x000000d53e500000,0x000000d53e600000] [id=15656]
  0x0000026c792109f0 WorkerThread "GC Thread#4" [stack: 0x000000d53e600000,0x000000d53e700000] [id=7172]
  0x0000026c79210cc0 WorkerThread "GC Thread#5" [stack: 0x000000d53e700000,0x000000d53e800000] [id=12996]
  0x0000026c79210180 WorkerThread "GC Thread#6" [stack: 0x000000d53e800000,0x000000d53e900000] [id=8468]
  0x0000026c79211260 WorkerThread "GC Thread#7" [stack: 0x000000d53e900000,0x000000d53ea00000] [id=20568]
  0x0000026c4e6466b0 WorkerThread "GC Thread#8" [stack: 0x000000d53ea00000,0x000000d53eb00000] [id=10760]
  0x0000026c4e643c80 WorkerThread "GC Thread#9" [stack: 0x000000d53eb00000,0x000000d53ec00000] [id=20444]
  0x0000026c4e644220 WorkerThread "GC Thread#10" [stack: 0x000000d53ec00000,0x000000d53ed00000] [id=3248]
  0x0000026c4e6458a0 WorkerThread "GC Thread#11" [stack: 0x000000d53ed00000,0x000000d53ee00000] [id=11764]
  0x0000026c7906ff80 ConcurrentGCThread "G1 Main Marker" [stack: 0x000000d53c300000,0x000000d53c400000] [id=2704]
  0x0000026c790708c0 WorkerThread "G1 Conc#0" [stack: 0x000000d53c400000,0x000000d53c500000] [id=10348]
  0x0000026c79153200 ConcurrentGCThread "G1 Refine#0" [stack: 0x000000d53c500000,0x000000d53c600000] [id=20456]
  0x0000026c79154bc0 ConcurrentGCThread "G1 Service" [stack: 0x000000d53c600000,0x000000d53c700000] [id=20064]

Threads with active compile tasks:

VM state: not at safepoint (normal execution)

VM Mutex/Monitor currently owned by a thread: None

Heap address: 0x0000000606c00000, size: 8084 MB, Compressed Oops mode: Zero based, Oop shift amount: 3

CDS archive(s) mapped at: [0x0000026c08000000-0x0000026c08c60000-0x0000026c08c60000), size 12976128, SharedBaseAddress: 0x0000026c08000000, ArchiveRelocationMode: 1.
Compressed class space mapped at: 0x0000026c09000000-0x0000026c49000000, reserved size: 1073741824
Narrow klass base: 0x0000026c08000000, Narrow klass shift: 0, Narrow klass range: 0x100000000

GC Precious Log:
 CardTable entry size: 512
 Card Set container configuration: InlinePtr #cards 4 size 8 Array Of Cards #cards 32 size 80 Howl #buckets 8 coarsen threshold 7372 Howl Bitmap #cards 1024 size 144 coarsen threshold 921 Card regions per heap region 1 cards per card region 8192
 CPUs: 20 total, 20 available
 Memory: 32327M
 Large Page Support: Disabled
 NUMA Support: Disabled
 Compressed Oops: Enabled (Zero based)
 Heap Region Size: 4M
 Heap Min Capacity: 8M
 Heap Initial Capacity: 508M
 Heap Max Capacity: 8084M
 Pre-touch: Disabled
 Parallel Workers: 15
 Concurrent Workers: 4
 Concurrent Refinement Workers: 15
 Periodic GC: Disabled

Heap:
 garbage-first heap   total 520192K, used 215651K [0x0000000606c00000, 0x0000000800000000)
  region size 4096K, 6 young (24576K), 1 survivors (4096K)
 Metaspace       used 8901K, committed 9152K, reserved 1114112K
  class space    used 1296K, committed 1408K, reserved 1048576K

Heap Regions: E=young(eden), S=young(survivor), O=old, HS=humongous(starts), HC=humongous(continues), CS=collection set, F=free, OA=open archive, CA=closed archive, TAMS=top-at-mark-start, PB=parsable bottom
|   0|0x0000000606c00000, 0x0000000607000000, 0x0000000607000000|100%|HS|  |TAMS 0x0000000606c00000| PB 0x0000000606c00000| Complete 
|   1|0x0000000607000000, 0x0000000607400000, 0x0000000607400000|100%|HC|  |TAMS 0x0000000607000000| PB 0x0000000607000000| Complete 
|   2|0x0000000607400000, 0x0000000607800000, 0x0000000607800000|100%|HC|  |TAMS 0x0000000607400000| PB 0x0000000607400000| Complete 
|   3|0x0000000607800000, 0x0000000607c00000, 0x0000000607c00000|100%|HC|  |TAMS 0x0000000607800000| PB 0x0000000607800000| Complete 
|   4|0x0000000607c00000, 0x0000000608000000, 0x0000000608000000|100%|HS|  |TAMS 0x0000000607c00000| PB 0x0000000607c00000| Complete 
|   5|0x0000000608000000, 0x0000000608400000, 0x0000000608400000|100%|HC|  |TAMS 0x0000000608000000| PB 0x0000000608000000| Complete 
|   6|0x0000000608400000, 0x0000000608800000, 0x0000000608800000|100%|HC|  |TAMS 0x0000000608400000| PB 0x0000000608400000| Complete 
|   7|0x0000000608800000, 0x0000000608c00000, 0x0000000608c00000|100%|HC|  |TAMS 0x0000000608800000| PB 0x0000000608800000| Complete 
|   8|0x0000000608c00000, 0x0000000609000000, 0x0000000609000000|100%|HS|  |TAMS 0x0000000608c00000| PB 0x0000000608c00000| Complete 
|   9|0x0000000609000000, 0x0000000609400000, 0x0000000609400000|100%|HC|  |TAMS 0x0000000609000000| PB 0x0000000609000000| Complete 
|  10|0x0000000609400000, 0x0000000609800000, 0x0000000609800000|100%|HC|  |TAMS 0x0000000609400000| PB 0x0000000609400000| Complete 
|  11|0x0000000609800000, 0x0000000609c00000, 0x0000000609c00000|100%|HC|  |TAMS 0x0000000609800000| PB 0x0000000609800000| Complete 
|  12|0x0000000609c00000, 0x000000060a000000, 0x000000060a000000|100%|HS|  |TAMS 0x0000000609c00000| PB 0x0000000609c00000| Complete 
|  13|0x000000060a000000, 0x000000060a400000, 0x000000060a400000|100%|HC|  |TAMS 0x000000060a000000| PB 0x000000060a000000| Complete 
|  14|0x000000060a400000, 0x000000060a800000, 0x000000060a800000|100%|HC|  |TAMS 0x000000060a400000| PB 0x000000060a400000| Complete 
|  15|0x000000060a800000, 0x000000060ac00000, 0x000000060ac00000|100%|HC|  |TAMS 0x000000060a800000| PB 0x000000060a800000| Complete 
|  16|0x000000060ac00000, 0x000000060b000000, 0x000000060b000000|100%|HS|  |TAMS 0x000000060ac00000| PB 0x000000060ac00000| Complete 
|  17|0x000000060b000000, 0x000000060b400000, 0x000000060b400000|100%|HC|  |TAMS 0x000000060b000000| PB 0x000000060b000000| Complete 
|  18|0x000000060b400000, 0x000000060b800000, 0x000000060b800000|100%|HC|  |TAMS 0x000000060b400000| PB 0x000000060b400000| Complete 
|  19|0x000000060b800000, 0x000000060bc00000, 0x000000060bc00000|100%|HC|  |TAMS 0x000000060b800000| PB 0x000000060b800000| Complete 
|  20|0x000000060bc00000, 0x000000060c000000, 0x000000060c000000|100%|HS|  |TAMS 0x000000060bc00000| PB 0x000000060bc00000| Complete 
|  21|0x000000060c000000, 0x000000060c400000, 0x000000060c400000|100%|HC|  |TAMS 0x000000060c000000| PB 0x000000060c000000| Complete 
|  22|0x000000060c400000, 0x000000060c800000, 0x000000060c800000|100%|HC|  |TAMS 0x000000060c400000| PB 0x000000060c400000| Complete 
|  23|0x000000060c800000, 0x000000060cc00000, 0x000000060cc00000|100%|HC|  |TAMS 0x000000060c800000| PB 0x000000060c800000| Complete 
|  24|0x000000060cc00000, 0x000000060d000000, 0x000000060d000000|100%|HS|  |TAMS 0x000000060cc00000| PB 0x000000060cc00000| Complete 
|  25|0x000000060d000000, 0x000000060d400000, 0x000000060d400000|100%|HC|  |TAMS 0x000000060d000000| PB 0x000000060d000000| Complete 
|  26|0x000000060d400000, 0x000000060d800000, 0x000000060d800000|100%|HC|  |TAMS 0x000000060d400000| PB 0x000000060d400000| Complete 
|  27|0x000000060d800000, 0x000000060dc00000, 0x000000060dc00000|100%|HC|  |TAMS 0x000000060d800000| PB 0x000000060d800000| Complete 
|  28|0x000000060dc00000, 0x000000060e000000, 0x000000060e000000|100%|HS|  |TAMS 0x000000060dc00000| PB 0x000000060dc00000| Complete 
|  29|0x000000060e000000, 0x000000060e400000, 0x000000060e400000|100%|HC|  |TAMS 0x000000060e000000| PB 0x000000060e000000| Complete 
|  30|0x000000060e400000, 0x000000060e800000, 0x000000060e800000|100%|HC|  |TAMS 0x000000060e400000| PB 0x000000060e400000| Complete 
|  31|0x000000060e800000, 0x000000060ec00000, 0x000000060ec00000|100%|HC|  |TAMS 0x000000060e800000| PB 0x000000060e800000| Complete 
|  32|0x000000060ec00000, 0x000000060f000000, 0x000000060f000000|100%|HS|  |TAMS 0x000000060ec00000| PB 0x000000060ec00000| Complete 
|  33|0x000000060f000000, 0x000000060f400000, 0x000000060f400000|100%|HC|  |TAMS 0x000000060f000000| PB 0x000000060f000000| Complete 
|  34|0x000000060f400000, 0x000000060f800000, 0x000000060f800000|100%|HC|  |TAMS 0x000000060f400000| PB 0x000000060f400000| Complete 
|  35|0x000000060f800000, 0x000000060fc00000, 0x000000060fc00000|100%|HC|  |TAMS 0x000000060f800000| PB 0x000000060f800000| Complete 
|  36|0x000000060fc00000, 0x0000000610000000, 0x0000000610000000|100%|HS|  |TAMS 0x000000060fc00000| PB 0x000000060fc00000| Complete 
|  37|0x0000000610000000, 0x0000000610400000, 0x0000000610400000|100%|HC|  |TAMS 0x0000000610000000| PB 0x0000000610000000| Complete 
|  38|0x0000000610400000, 0x0000000610800000, 0x0000000610800000|100%|HC|  |TAMS 0x0000000610400000| PB 0x0000000610400000| Complete 
|  39|0x0000000610800000, 0x0000000610c00000, 0x0000000610c00000|100%|HC|  |TAMS 0x0000000610800000| PB 0x0000000610800000| Complete 
|  40|0x0000000610c00000, 0x0000000611000000, 0x0000000611000000|100%|HS|  |TAMS 0x0000000610c00000| PB 0x0000000610c00000| Complete 
|  41|0x0000000611000000, 0x0000000611400000, 0x0000000611400000|100%|HC|  |TAMS 0x0000000611000000| PB 0x0000000611000000| Complete 
|  42|0x0000000611400000, 0x0000000611800000, 0x0000000611800000|100%|HC|  |TAMS 0x0000000611400000| PB 0x0000000611400000| Complete 
|  43|0x0000000611800000, 0x0000000611c00000, 0x0000000611c00000|100%|HC|  |TAMS 0x0000000611800000| PB 0x0000000611800000| Complete 
|  44|0x0000000611c00000, 0x0000000612000000, 0x0000000612000000|100%|HS|  |TAMS 0x0000000611c00000| PB 0x0000000611c00000| Complete 
|  45|0x0000000612000000, 0x0000000612400000, 0x0000000612400000|100%|HC|  |TAMS 0x0000000612000000| PB 0x0000000612000000| Complete 
|  46|0x0000000612400000, 0x0000000612800000, 0x0000000612800000|100%|HC|  |TAMS 0x0000000612400000| PB 0x0000000612400000| Complete 
|  47|0x0000000612800000, 0x0000000612c00000, 0x0000000612c00000|100%|HC|  |TAMS 0x0000000612800000| PB 0x0000000612800000| Complete 
|  48|0x0000000612c00000, 0x0000000612c00000, 0x0000000613000000|  0%| F|  |TAMS 0x0000000612c00000| PB 0x0000000612c00000| Untracked 
|  49|0x0000000613000000, 0x0000000613000000, 0x0000000613400000|  0%| F|  |TAMS 0x0000000613000000| PB 0x0000000613000000| Untracked 
|  50|0x0000000613400000, 0x0000000613400000, 0x0000000613800000|  0%| F|  |TAMS 0x0000000613400000| PB 0x0000000613400000| Untracked 
|  51|0x0000000613800000, 0x0000000613800000, 0x0000000613c00000|  0%| F|  |TAMS 0x0000000613800000| PB 0x0000000613800000| Untracked 
|  52|0x0000000613c00000, 0x0000000613c00000, 0x0000000614000000|  0%| F|  |TAMS 0x0000000613c00000| PB 0x0000000613c00000| Untracked 
|  53|0x0000000614000000, 0x0000000614000000, 0x0000000614400000|  0%| F|  |TAMS 0x0000000614000000| PB 0x0000000614000000| Untracked 
|  54|0x0000000614400000, 0x0000000614400000, 0x0000000614800000|  0%| F|  |TAMS 0x0000000614400000| PB 0x0000000614400000| Untracked 
|  55|0x0000000614800000, 0x0000000614800000, 0x0000000614c00000|  0%| F|  |TAMS 0x0000000614800000| PB 0x0000000614800000| Untracked 
|  56|0x0000000614c00000, 0x0000000614c00000, 0x0000000615000000|  0%| F|  |TAMS 0x0000000614c00000| PB 0x0000000614c00000| Untracked 
|  57|0x0000000615000000, 0x0000000615000000, 0x0000000615400000|  0%| F|  |TAMS 0x0000000615000000| PB 0x0000000615000000| Untracked 
|  58|0x0000000615400000, 0x0000000615400000, 0x0000000615800000|  0%| F|  |TAMS 0x0000000615400000| PB 0x0000000615400000| Untracked 
|  59|0x0000000615800000, 0x0000000615800000, 0x0000000615c00000|  0%| F|  |TAMS 0x0000000615800000| PB 0x0000000615800000| Untracked 
|  60|0x0000000615c00000, 0x0000000615c00000, 0x0000000616000000|  0%| F|  |TAMS 0x0000000615c00000| PB 0x0000000615c00000| Untracked 
|  61|0x0000000616000000, 0x0000000616000000, 0x0000000616400000|  0%| F|  |TAMS 0x0000000616000000| PB 0x0000000616000000| Untracked 
|  62|0x0000000616400000, 0x0000000616400000, 0x0000000616800000|  0%| F|  |TAMS 0x0000000616400000| PB 0x0000000616400000| Untracked 
|  63|0x0000000616800000, 0x0000000616800000, 0x0000000616c00000|  0%| F|  |TAMS 0x0000000616800000| PB 0x0000000616800000| Untracked 
|  64|0x0000000616c00000, 0x0000000616c00000, 0x0000000617000000|  0%| F|  |TAMS 0x0000000616c00000| PB 0x0000000616c00000| Untracked 
|  65|0x0000000617000000, 0x0000000617000000, 0x0000000617400000|  0%| F|  |TAMS 0x0000000617000000| PB 0x0000000617000000| Untracked 
|  66|0x0000000617400000, 0x0000000617400000, 0x0000000617800000|  0%| F|  |TAMS 0x0000000617400000| PB 0x0000000617400000| Untracked 
|  67|0x0000000617800000, 0x0000000617800000, 0x0000000617c00000|  0%| F|  |TAMS 0x0000000617800000| PB 0x0000000617800000| Untracked 
|  68|0x0000000617c00000, 0x0000000617c00000, 0x0000000618000000|  0%| F|  |TAMS 0x0000000617c00000| PB 0x0000000617c00000| Untracked 
|  69|0x0000000618000000, 0x0000000618000000, 0x0000000618400000|  0%| F|  |TAMS 0x0000000618000000| PB 0x0000000618000000| Untracked 
|  70|0x0000000618400000, 0x0000000618400000, 0x0000000618800000|  0%| F|  |TAMS 0x0000000618400000| PB 0x0000000618400000| Untracked 
|  71|0x0000000618800000, 0x0000000618800000, 0x0000000618c00000|  0%| F|  |TAMS 0x0000000618800000| PB 0x0000000618800000| Untracked 
|  72|0x0000000618c00000, 0x0000000618c00000, 0x0000000619000000|  0%| F|  |TAMS 0x0000000618c00000| PB 0x0000000618c00000| Untracked 
|  73|0x0000000619000000, 0x0000000619000000, 0x0000000619400000|  0%| F|  |TAMS 0x0000000619000000| PB 0x0000000619000000| Untracked 
|  74|0x0000000619400000, 0x0000000619400000, 0x0000000619800000|  0%| F|  |TAMS 0x0000000619400000| PB 0x0000000619400000| Untracked 
|  75|0x0000000619800000, 0x0000000619800000, 0x0000000619c00000|  0%| F|  |TAMS 0x0000000619800000| PB 0x0000000619800000| Untracked 
|  76|0x0000000619c00000, 0x0000000619c00000, 0x000000061a000000|  0%| F|  |TAMS 0x0000000619c00000| PB 0x0000000619c00000| Untracked 
|  77|0x000000061a000000, 0x000000061a000000, 0x000000061a400000|  0%| F|  |TAMS 0x000000061a000000| PB 0x000000061a000000| Untracked 
|  78|0x000000061a400000, 0x000000061a400000, 0x000000061a800000|  0%| F|  |TAMS 0x000000061a400000| PB 0x000000061a400000| Untracked 
|  79|0x000000061a800000, 0x000000061a800000, 0x000000061ac00000|  0%| F|  |TAMS 0x000000061a800000| PB 0x000000061a800000| Untracked 
|  80|0x000000061ac00000, 0x000000061ac00000, 0x000000061b000000|  0%| F|  |TAMS 0x000000061ac00000| PB 0x000000061ac00000| Untracked 
|  81|0x000000061b000000, 0x000000061b000000, 0x000000061b400000|  0%| F|  |TAMS 0x000000061b000000| PB 0x000000061b000000| Untracked 
|  82|0x000000061b400000, 0x000000061b400000, 0x000000061b800000|  0%| F|  |TAMS 0x000000061b400000| PB 0x000000061b400000| Untracked 
|  83|0x000000061b800000, 0x000000061b800000, 0x000000061bc00000|  0%| F|  |TAMS 0x000000061b800000| PB 0x000000061b800000| Untracked 
|  84|0x000000061bc00000, 0x000000061bc00000, 0x000000061c000000|  0%| F|  |TAMS 0x000000061bc00000| PB 0x000000061bc00000| Untracked 
|  85|0x000000061c000000, 0x000000061c000000, 0x000000061c400000|  0%| F|  |TAMS 0x000000061c000000| PB 0x000000061c000000| Untracked 
|  86|0x000000061c400000, 0x000000061c400000, 0x000000061c800000|  0%| F|  |TAMS 0x000000061c400000| PB 0x000000061c400000| Untracked 
|  87|0x000000061c800000, 0x000000061c800000, 0x000000061cc00000|  0%| F|  |TAMS 0x000000061c800000| PB 0x000000061c800000| Untracked 
|  88|0x000000061cc00000, 0x000000061cc00000, 0x000000061d000000|  0%| F|  |TAMS 0x000000061cc00000| PB 0x000000061cc00000| Untracked 
|  89|0x000000061d000000, 0x000000061d000000, 0x000000061d400000|  0%| F|  |TAMS 0x000000061d000000| PB 0x000000061d000000| Untracked 
|  90|0x000000061d400000, 0x000000061d400000, 0x000000061d800000|  0%| F|  |TAMS 0x000000061d400000| PB 0x000000061d400000| Untracked 
|  91|0x000000061d800000, 0x000000061d800000, 0x000000061dc00000|  0%| F|  |TAMS 0x000000061d800000| PB 0x000000061d800000| Untracked 
|  92|0x000000061dc00000, 0x000000061dc00000, 0x000000061e000000|  0%| F|  |TAMS 0x000000061dc00000| PB 0x000000061dc00000| Untracked 
|  93|0x000000061e000000, 0x000000061e000000, 0x000000061e400000|  0%| F|  |TAMS 0x000000061e000000| PB 0x000000061e000000| Untracked 
|  94|0x000000061e400000, 0x000000061e400000, 0x000000061e800000|  0%| F|  |TAMS 0x000000061e400000| PB 0x000000061e400000| Untracked 
|  95|0x000000061e800000, 0x000000061e800000, 0x000000061ec00000|  0%| F|  |TAMS 0x000000061e800000| PB 0x000000061e800000| Untracked 
|  96|0x000000061ec00000, 0x000000061ec00000, 0x000000061f000000|  0%| F|  |TAMS 0x000000061ec00000| PB 0x000000061ec00000| Untracked 
|  97|0x000000061f000000, 0x000000061f000000, 0x000000061f400000|  0%| F|  |TAMS 0x000000061f000000| PB 0x000000061f000000| Untracked 
|  98|0x000000061f400000, 0x000000061f400000, 0x000000061f800000|  0%| F|  |TAMS 0x000000061f400000| PB 0x000000061f400000| Untracked 
|  99|0x000000061f800000, 0x000000061f800000, 0x000000061fc00000|  0%| F|  |TAMS 0x000000061f800000| PB 0x000000061f800000| Untracked 
| 100|0x000000061fc00000, 0x000000061fc00000, 0x0000000620000000|  0%| F|  |TAMS 0x000000061fc00000| PB 0x000000061fc00000| Untracked 
| 101|0x0000000620000000, 0x0000000620000000, 0x0000000620400000|  0%| F|  |TAMS 0x0000000620000000| PB 0x0000000620000000| Untracked 
| 102|0x0000000620400000, 0x0000000620400000, 0x0000000620800000|  0%| F|  |TAMS 0x0000000620400000| PB 0x0000000620400000| Untracked 
| 103|0x0000000620800000, 0x0000000620800000, 0x0000000620c00000|  0%| F|  |TAMS 0x0000000620800000| PB 0x0000000620800000| Untracked 
| 104|0x0000000620c00000, 0x0000000620c00000, 0x0000000621000000|  0%| F|  |TAMS 0x0000000620c00000| PB 0x0000000620c00000| Untracked 
| 105|0x0000000621000000, 0x0000000621000000, 0x0000000621400000|  0%| F|  |TAMS 0x0000000621000000| PB 0x0000000621000000| Untracked 
| 106|0x0000000621400000, 0x0000000621400000, 0x0000000621800000|  0%| F|  |TAMS 0x0000000621400000| PB 0x0000000621400000| Untracked 
| 107|0x0000000621800000, 0x0000000621800000, 0x0000000621c00000|  0%| F|  |TAMS 0x0000000621800000| PB 0x0000000621800000| Untracked 
| 108|0x0000000621c00000, 0x0000000621c00000, 0x0000000622000000|  0%| F|  |TAMS 0x0000000621c00000| PB 0x0000000621c00000| Untracked 
| 109|0x0000000622000000, 0x0000000622000000, 0x0000000622400000|  0%| F|  |TAMS 0x0000000622000000| PB 0x0000000622000000| Untracked 
| 110|0x0000000622400000, 0x0000000622400000, 0x0000000622800000|  0%| F|  |TAMS 0x0000000622400000| PB 0x0000000622400000| Untracked 
| 111|0x0000000622800000, 0x0000000622800000, 0x0000000622c00000|  0%| F|  |TAMS 0x0000000622800000| PB 0x0000000622800000| Untracked 
| 112|0x0000000622c00000, 0x0000000622c00000, 0x0000000623000000|  0%| F|  |TAMS 0x0000000622c00000| PB 0x0000000622c00000| Untracked 
| 113|0x0000000623000000, 0x0000000623000000, 0x0000000623400000|  0%| F|  |TAMS 0x0000000623000000| PB 0x0000000623000000| Untracked 
| 114|0x0000000623400000, 0x0000000623400000, 0x0000000623800000|  0%| F|  |TAMS 0x0000000623400000| PB 0x0000000623400000| Untracked 
| 115|0x0000000623800000, 0x0000000623800000, 0x0000000623c00000|  0%| F|  |TAMS 0x0000000623800000| PB 0x0000000623800000| Untracked 
| 116|0x0000000623c00000, 0x0000000623c00000, 0x0000000624000000|  0%| F|  |TAMS 0x0000000623c00000| PB 0x0000000623c00000| Untracked 
| 117|0x0000000624000000, 0x0000000624000000, 0x0000000624400000|  0%| F|  |TAMS 0x0000000624000000| PB 0x0000000624000000| Untracked 
| 118|0x0000000624400000, 0x0000000624400000, 0x0000000624800000|  0%| F|  |TAMS 0x0000000624400000| PB 0x0000000624400000| Untracked 
| 119|0x0000000624800000, 0x0000000624800000, 0x0000000624c00000|  0%| F|  |TAMS 0x0000000624800000| PB 0x0000000624800000| Untracked 
| 120|0x0000000624c00000, 0x0000000624e98e18, 0x0000000625000000| 64%| S|CS|TAMS 0x0000000624c00000| PB 0x0000000624c00000| Complete 
| 121|0x0000000625000000, 0x0000000625000000, 0x0000000625400000|  0%| F|  |TAMS 0x0000000625000000| PB 0x0000000625000000| Untracked 
| 122|0x0000000625400000, 0x0000000625703278, 0x0000000625800000| 75%| E|  |TAMS 0x0000000625400000| PB 0x0000000625400000| Complete 
| 123|0x0000000625800000, 0x0000000625c00000, 0x0000000625c00000|100%| E|CS|TAMS 0x0000000625800000| PB 0x0000000625800000| Complete 
| 124|0x0000000625c00000, 0x0000000626000000, 0x0000000626000000|100%| E|CS|TAMS 0x0000000625c00000| PB 0x0000000625c00000| Complete 
| 125|0x0000000626000000, 0x0000000626400000, 0x0000000626400000|100%| E|CS|TAMS 0x0000000626000000| PB 0x0000000626000000| Complete 
| 126|0x0000000626400000, 0x0000000626800000, 0x0000000626800000|100%| E|CS|TAMS 0x0000000626400000| PB 0x0000000626400000| Complete 

Card table byte_map: [0x0000026c76fb0000,0x0000026c77f80000] _byte_map_base: 0x0000026c73f7a000

Marking Bits: (CMBitMap*) 0x0000026c5e51c5a0
 Bits: [0x0000026c00000000, 0x0000026c07e50000)

Polling page: 0x0000026c5dc20000

Metaspace:

Usage:
  Non-class:      7.43 MB used.
      Class:      1.27 MB used.
       Both:      8.69 MB used.

Virtual space:
  Non-class space:       64.00 MB reserved,       7.56 MB ( 12%) committed,  1 nodes.
      Class space:        1.00 GB reserved,       1.38 MB ( <1%) committed,  1 nodes.
             Both:        1.06 GB reserved,       8.94 MB ( <1%) committed. 

Chunk freelists:
   Non-Class:  2.56 MB
       Class:  2.61 MB
        Both:  5.17 MB

MaxMetaspaceSize: unlimited
CompressedClassSpaceSize: 1.00 GB
Initial GC threshold: 21.00 MB
Current GC threshold: 21.00 MB
CDS: on
MetaspaceReclaimPolicy: balanced
 - commit_granule_bytes: 65536.
 - commit_granule_words: 8192.
 - virtual_space_node_default_size: 8388608.
 - enlarge_chunks_in_place: 1.
 - new_chunks_are_fully_committed: 0.
 - uncommit_free_chunks: 1.
 - use_allocation_guard: 0.


Internal statistics:

num_allocs_failed_limit: 0.
num_arena_births: 168.
num_arena_deaths: 0.
num_vsnodes_births: 2.
num_vsnodes_deaths: 0.
num_space_committed: 143.
num_space_uncommitted: 0.
num_chunks_returned_to_freelist: 0.
num_chunks_taken_from_freelist: 470.
num_chunk_merges: 0.
num_chunk_splits: 318.
num_chunks_enlarged: 233.
num_inconsistent_stats: 0.

CodeHeap 'non-profiled nmethods': size=119168Kb used=557Kb max_used=557Kb free=118610Kb
 bounds [0x0000026c6e0d0000, 0x0000026c6e340000, 0x0000026c75530000]
CodeHeap 'profiled nmethods': size=119104Kb used=3141Kb max_used=3141Kb free=115962Kb
 bounds [0x0000026c66530000, 0x0000026c66850000, 0x0000026c6d980000]
CodeHeap 'non-nmethods': size=7488Kb used=3318Kb max_used=3333Kb free=4169Kb
 bounds [0x0000026c6d980000, 0x0000026c6dcd0000, 0x0000026c6e0d0000]
 total_blobs=2370 nmethods=1735 adapters=542
 compilation: enabled
              stopped_count=0, restarted_count=0
 full_count=0

Compilation events (20 events):
Event: 0.922 Thread 0x0000026c79244650 1727       3       javafx.beans.property.ReadOnlyDoubleProperty::<init> (5 bytes)
Event: 0.922 Thread 0x0000026c79244650 nmethod 1727 0x0000026c66838b90 code [0x0000026c66838d20, 0x0000026c66838f48]
Event: 0.922 Thread 0x0000026c792435a0 nmethod 1726 0x0000026c66839090 code [0x0000026c668392e0, 0x0000026c66839fa8]
Event: 0.922 Thread 0x0000026c79244be0 nmethod 1725 0x0000026c6683a290 code [0x0000026c6683a500, 0x0000026c6683b3d8]
Event: 0.922 Thread 0x0000026c79245700 1728       3       javafx.scene.Node::getDepthTest (21 bytes)
Event: 0.922 Thread 0x0000026c79244be0 1729       3       com.sun.javafx.collections.SourceAdapterChange::<init> (11 bytes)
Event: 0.922 Thread 0x0000026c79245700 nmethod 1728 0x0000026c6683b710 code [0x0000026c6683b8e0, 0x0000026c6683be20]
Event: 0.923 Thread 0x0000026c79244be0 nmethod 1729 0x0000026c6683bf90 code [0x0000026c6683c120, 0x0000026c6683c3b0]
Event: 0.923 Thread 0x0000026c79240580 1730       4       java.lang.StringLatin1::indexOf (121 bytes)
Event: 0.923 Thread 0x0000026c79244be0 1731       3       java.lang.ClassLoader::getResource (41 bytes)
Event: 0.923 Thread 0x0000026c79244be0 nmethod 1731 0x0000026c6683c490 code [0x0000026c6683c680, 0x0000026c6683cc78]
Event: 0.926 Thread 0x0000026c79240580 nmethod 1730 0x0000026c6e15ad10 code [0x0000026c6e15ae80, 0x0000026c6e15b320]
Event: 0.954 Thread 0x0000026c79245700 1732       3       javafx.scene.Node::computeDerivedDepthTest (71 bytes)
Event: 0.954 Thread 0x0000026c79244be0 1733       3       javafx.scene.Node::nodeResolvedOrientationInvalidated (64 bytes)
Event: 0.955 Thread 0x0000026c792435a0 1734       3       javafx.collections.ObservableListBase::fireChange (9 bytes)
Event: 0.955 Thread 0x0000026c79244650 1735   !   3       jdk.internal.loader.BuiltinClassLoader::findMiscResource (122 bytes)
Event: 0.955 Thread 0x0000026c792435a0 nmethod 1734 0x0000026c6683ce90 code [0x0000026c6683d040, 0x0000026c6683d380]
Event: 0.955 Thread 0x0000026c79244be0 nmethod 1733 0x0000026c6683d490 code [0x0000026c6683d6c0, 0x0000026c6683dfa0]
Event: 0.955 Thread 0x0000026c79245700 nmethod 1732 0x0000026c6683e310 code [0x0000026c6683e5c0, 0x0000026c6683f968]
Event: 0.955 Thread 0x0000026c79244650 nmethod 1735 0x0000026c6683fe10 code [0x0000026c668400c0, 0x0000026c668412d8]

GC Heap History (2 events):
Event: 0.370 GC heap before
{Heap before GC invocations=0 (full 0):
 garbage-first heap   total 520192K, used 20480K [0x0000000606c00000, 0x0000000800000000)
  region size 4096K, 6 young (24576K), 0 survivors (0K)
 Metaspace       used 4609K, committed 4800K, reserved 1114112K
  class space    used 549K, committed 640K, reserved 1048576K
}
Event: 0.373 GC heap after
{Heap after GC invocations=1 (full 0):
 garbage-first heap   total 520192K, used 2659K [0x0000000606c00000, 0x0000000800000000)
  region size 4096K, 1 young (4096K), 1 survivors (4096K)
 Metaspace       used 4609K, committed 4800K, reserved 1114112K
  class space    used 549K, committed 640K, reserved 1048576K
}

Dll operation events (20 events):
Event: 0.208 Loaded shared library C:\Users\henri\.openjfx\cache\21.0.2+5\amd64\api-ms-win-crt-math-l1-1-0.dll
Event: 0.209 Loaded shared library C:\Users\henri\.openjfx\cache\21.0.2+5\amd64\api-ms-win-crt-multibyte-l1-1-0.dll
Event: 0.211 Loaded shared library C:\Users\henri\.openjfx\cache\21.0.2+5\amd64\api-ms-win-crt-private-l1-1-0.dll
Event: 0.212 Loaded shared library C:\Users\henri\.openjfx\cache\21.0.2+5\amd64\api-ms-win-crt-process-l1-1-0.dll
Event: 0.213 Loaded shared library C:\Users\henri\.openjfx\cache\21.0.2+5\amd64\api-ms-win-crt-runtime-l1-1-0.dll
Event: 0.214 Loaded shared library C:\Users\henri\.openjfx\cache\21.0.2+5\amd64\api-ms-win-crt-stdio-l1-1-0.dll
Event: 0.216 Loaded shared library C:\Users\henri\.openjfx\cache\21.0.2+5\amd64\api-ms-win-crt-string-l1-1-0.dll
Event: 0.217 Loaded shared library C:\Users\henri\.openjfx\cache\21.0.2+5\amd64\api-ms-win-crt-time-l1-1-0.dll
Event: 0.219 Loaded shared library C:\Users\henri\.openjfx\cache\21.0.2+5\amd64\api-ms-win-crt-utility-l1-1-0.dll
Event: 0.228 Loaded shared library C:\Users\henri\.openjfx\cache\21.0.2+5\amd64\ucrtbase.dll
Event: 0.231 Loaded shared library C:\Users\henri\.openjfx\cache\21.0.2+5\amd64\vcruntime140.dll
Event: 0.232 Loaded shared library C:\Users\henri\.openjfx\cache\21.0.2+5\amd64\vcruntime140_1.dll
Event: 0.237 Loaded shared library C:\Users\henri\.openjfx\cache\21.0.2+5\amd64\msvcp140.dll
Event: 0.239 Loaded shared library C:\Users\henri\.openjfx\cache\21.0.2+5\amd64\msvcp140_1.dll
Event: 0.241 Loaded shared library C:\Users\henri\.openjfx\cache\21.0.2+5\amd64\msvcp140_2.dll
Event: 0.261 Loaded shared library C:\Users\henri\.openjfx\cache\21.0.2+5\amd64\prism_d3d.dll
Event: 0.312 Loaded shared library C:\Users\henri\.openjfx\cache\21.0.2+5\amd64\glass.dll
Event: 0.385 Loaded shared library C:\Program Files\Java\jdk-20\bin\jimage.dll
Event: 0.428 Loaded shared library C:\Users\henri\.openjfx\cache\21.0.2+5\amd64\javafx_font.dll
Event: 0.583 Loaded shared library C:\Users\henri\.openjfx\cache\21.0.2+5\amd64\javafx_iio.dll

Deoptimization events (20 events):
Event: 0.555 Thread 0x0000026c4e384370 DEOPT PACKING pc=0x0000026c6e0dd454 sp=0x000000d53d8fd730
Event: 0.555 Thread 0x0000026c4e384370 DEOPT UNPACKING pc=0x0000026c6d9e9d22 sp=0x000000d53d8fd6d0 mode 2
Event: 0.580 Thread 0x0000026c4e384370 Uncommon trap: trap_request=0xffffffde fr.pc=0x0000026c6e151858 relative=0x0000000000000298
Event: 0.580 Thread 0x0000026c4e384370 Uncommon trap: reason=class_check action=maybe_recompile pc=0x0000026c6e151858 method=java.util.regex.Pattern$BmpCharPropertyGreedy.match(Ljava/util/regex/Matcher;ILjava/lang/CharSequence;)Z @ 26 c2
Event: 0.580 Thread 0x0000026c4e384370 DEOPT PACKING pc=0x0000026c6e151858 sp=0x000000d53d8fe320
Event: 0.580 Thread 0x0000026c4e384370 DEOPT UNPACKING pc=0x0000026c6d9e9d22 sp=0x000000d53d8fe2d8 mode 2
Event: 0.625 Thread 0x0000026c4e384370 Uncommon trap: trap_request=0xffffffde fr.pc=0x0000026c6e151858 relative=0x0000000000000298
Event: 0.625 Thread 0x0000026c4e384370 Uncommon trap: reason=class_check action=maybe_recompile pc=0x0000026c6e151858 method=java.util.regex.Pattern$BmpCharPropertyGreedy.match(Ljava/util/regex/Matcher;ILjava/lang/CharSequence;)Z @ 26 c2
Event: 0.625 Thread 0x0000026c4e384370 DEOPT PACKING pc=0x0000026c6e151858 sp=0x000000d53d8fe320
Event: 0.625 Thread 0x0000026c4e384370 DEOPT UNPACKING pc=0x0000026c6d9e9d22 sp=0x000000d53d8fe2d8 mode 2
Event: 0.656 Thread 0x0000026c4e384370 Uncommon trap: trap_request=0xffffffde fr.pc=0x0000026c6e151858 relative=0x0000000000000298
Event: 0.656 Thread 0x0000026c4e384370 Uncommon trap: reason=class_check action=maybe_recompile pc=0x0000026c6e151858 method=java.util.regex.Pattern$BmpCharPropertyGreedy.match(Ljava/util/regex/Matcher;ILjava/lang/CharSequence;)Z @ 26 c2
Event: 0.656 Thread 0x0000026c4e384370 DEOPT PACKING pc=0x0000026c6e151858 sp=0x000000d53d8fe320
Event: 0.656 Thread 0x0000026c4e384370 DEOPT UNPACKING pc=0x0000026c6d9e9d22 sp=0x000000d53d8fe2d8 mode 2
Event: 0.689 Thread 0x0000026c4e384370 Uncommon trap: trap_request=0xffffffde fr.pc=0x0000026c6e151858 relative=0x0000000000000298
Event: 0.689 Thread 0x0000026c4e384370 Uncommon trap: reason=class_check action=maybe_recompile pc=0x0000026c6e151858 method=java.util.regex.Pattern$BmpCharPropertyGreedy.match(Ljava/util/regex/Matcher;ILjava/lang/CharSequence;)Z @ 26 c2
Event: 0.689 Thread 0x0000026c4e384370 DEOPT PACKING pc=0x0000026c6e151858 sp=0x000000d53d8fe320
Event: 0.689 Thread 0x0000026c4e384370 DEOPT UNPACKING pc=0x0000026c6d9e9d22 sp=0x000000d53d8fe2d8 mode 2
Event: 0.923 Thread 0x0000026c4e384370 DEOPT PACKING pc=0x0000026c666ec875 sp=0x000000d53d8fde30
Event: 0.923 Thread 0x0000026c4e384370 DEOPT UNPACKING pc=0x0000026c6d9ea4c2 sp=0x000000d53d8fd280 mode 0

Classes loaded (20 events):
Event: 0.512 Loading class java/lang/foreign/SegmentAllocator done
Event: 0.512 Loading class jdk/internal/foreign/MemorySessionImpl done
Event: 0.513 Loading class java/util/BitSet
Event: 0.513 Loading class java/util/BitSet done
Event: 0.549 Loading class java/util/Formatter$FixedString
Event: 0.549 Loading class java/util/Formatter$FixedString done
Event: 0.550 Loading class sun/net/www/protocol/jrt/Handler
Event: 0.550 Loading class sun/net/www/protocol/jrt/Handler done
Event: 0.552 Loading class sun/util/resources/LocaleData$CommonResourceBundleProvider
Event: 0.552 Loading class sun/util/resources/LocaleData$LocaleDataResourceBundleProvider
Event: 0.552 Loading class java/util/spi/ResourceBundleProvider
Event: 0.552 Loading class java/util/spi/ResourceBundleProvider done
Event: 0.552 Loading class sun/util/resources/LocaleData$LocaleDataResourceBundleProvider done
Event: 0.552 Loading class sun/util/resources/LocaleData$CommonResourceBundleProvider done
Event: 0.552 Loading class java/util/ArrayList$SubList$1
Event: 0.552 Loading class java/util/ArrayList$SubList$1 done
Event: 0.552 Loading class sun/util/resources/Bundles$2
Event: 0.553 Loading class sun/util/resources/Bundles$2 done
Event: 0.553 Loading class java/lang/InstantiationException
Event: 0.553 Loading class java/lang/InstantiationException done

Classes unloaded (0 events):
No events

Classes redefined (0 events):
No events

Internal exceptions (20 events):
Event: 0.406 Thread 0x0000026c4e384370 Exception <a 'java/lang/ClassNotFoundException'{0x000000062610b390}: com/sun/glass/ui/win/themes> (0x000000062610b390) 
thrown [s\open\src\hotspot\share\prims\jni.cpp, line 538]
Event: 0.407 Thread 0x0000026c4e384370 Exception <a 'java/lang/ClassNotFoundException'{0x0000000626117ac0}: com/sun/glass/ui/win/themes_nb> (0x0000000626117ac0) 
thrown [s\open\src\hotspot\share\prims\jni.cpp, line 538]
Event: 0.418 Thread 0x0000026c4e384370 Exception <a 'java/lang/ClassNotFoundException'{0x00000006262302f0}: com/sun/glass/ui/win/themes_no> (0x00000006262302f0) 
thrown [s\open\src\hotspot\share\prims\jni.cpp, line 538]
Event: 0.418 Thread 0x0000026c4e384370 Exception <a 'java/lang/ClassNotFoundException'{0x0000000626231258}: com/sun/glass/ui/win/themes_nb_NO> (0x0000000626231258) 
thrown [s\open\src\hotspot\share\prims\jni.cpp, line 538]
Event: 0.418 Thread 0x0000026c4e384370 Exception <a 'java/lang/ClassNotFoundException'{0x00000006262321d8}: com/sun/glass/ui/win/themes_no_NO> (0x00000006262321d8) 
thrown [s\open\src\hotspot\share\prims\jni.cpp, line 538]
Event: 0.463 Thread 0x0000026c4e384370 Exception <a 'java/lang/NoSuchMethodError'{0x0000000625f975a0}: 'void java.lang.invoke.DirectMethodHandle$Holder.invokeStaticInit(java.lang.Object, java.lang.Object)'> (0x0000000625f975a0) 
thrown [s\open\src\hotspot\share\interpreter\linkResolver.cpp, line 773]
Event: 0.471 Thread 0x0000026c4e384370 Exception <a 'java/lang/NoSuchMethodError'{0x0000000625ff4538}: 'void java.lang.invoke.DirectMethodHandle$Holder.invokeStatic(java.lang.Object, java.lang.Object, int)'> (0x0000000625ff4538) 
thrown [s\open\src\hotspot\share\interpreter\linkResolver.cpp, line 773]
Event: 0.522 Thread 0x0000026c4e384370 Exception <a 'java/lang/NoSuchMethodError'{0x0000000625b3e080}: 'void java.lang.invoke.DirectMethodHandle$Holder.invokeSpecial(java.lang.Object, java.lang.Object, int)'> (0x0000000625b3e080) 
thrown [s\open\src\hotspot\share\interpreter\linkResolver.cpp, line 773]
Event: 0.580 Thread 0x0000026c4e384370 Exception <a 'java/io/FileNotFoundException'{0x000000062552d800}> (0x000000062552d800) 
thrown [s\open\src\hotspot\share\prims\jni.cpp, line 519]
Event: 0.625 Thread 0x0000026c4e384370 Exception <a 'java/io/FileNotFoundException'{0x00000006256830b0}> (0x00000006256830b0) 
thrown [s\open\src\hotspot\share\prims\jni.cpp, line 519]
Event: 0.656 Thread 0x0000026c4e384370 Exception <a 'java/io/FileNotFoundException'{0x000000062568eea8}> (0x000000062568eea8) 
thrown [s\open\src\hotspot\share\prims\jni.cpp, line 519]
Event: 0.689 Thread 0x0000026c4e384370 Exception <a 'java/io/FileNotFoundException'{0x000000062569aef8}> (0x000000062569aef8) 
thrown [s\open\src\hotspot\share\prims\jni.cpp, line 519]
Event: 0.723 Thread 0x0000026c4e384370 Exception <a 'java/io/FileNotFoundException'{0x00000006256a6e08}> (0x00000006256a6e08) 
thrown [s\open\src\hotspot\share\prims\jni.cpp, line 519]
Event: 0.760 Thread 0x0000026c4e384370 Exception <a 'java/io/FileNotFoundException'{0x00000006256b2b98}> (0x00000006256b2b98) 
thrown [s\open\src\hotspot\share\prims\jni.cpp, line 519]
Event: 0.792 Thread 0x0000026c4e384370 Exception <a 'java/io/FileNotFoundException'{0x00000006256be948}> (0x00000006256be948) 
thrown [s\open\src\hotspot\share\prims\jni.cpp, line 519]
Event: 0.823 Thread 0x0000026c4e384370 Exception <a 'java/io/FileNotFoundException'{0x00000006256ca940}> (0x00000006256ca940) 
thrown [s\open\src\hotspot\share\prims\jni.cpp, line 519]
Event: 0.856 Thread 0x0000026c4e384370 Exception <a 'java/io/FileNotFoundException'{0x00000006256d66d0}> (0x00000006256d66d0) 
thrown [s\open\src\hotspot\share\prims\jni.cpp, line 519]
Event: 0.889 Thread 0x0000026c4e384370 Exception <a 'java/io/FileNotFoundException'{0x00000006256e2740}> (0x00000006256e2740) 
thrown [s\open\src\hotspot\share\prims\jni.cpp, line 519]
Event: 0.924 Thread 0x0000026c4e384370 Exception <a 'java/io/FileNotFoundException'{0x00000006256ee4d0}> (0x00000006256ee4d0) 
thrown [s\open\src\hotspot\share\prims\jni.cpp, line 519]
Event: 0.956 Thread 0x0000026c4e384370 Exception <a 'java/io/FileNotFoundException'{0x00000006256fa260}> (0x00000006256fa260) 
thrown [s\open\src\hotspot\share\prims\jni.cpp, line 519]

VM Operations (14 events):
Event: 0.065 Executing VM operation: HandshakeAllThreads
Event: 0.065 Executing VM operation: HandshakeAllThreads done
Event: 0.094 Executing VM operation: HandshakeAllThreads
Event: 0.094 Executing VM operation: HandshakeAllThreads done
Event: 0.308 Executing VM operation: HandshakeAllThreads
Event: 0.308 Executing VM operation: HandshakeAllThreads done
Event: 0.370 Executing VM operation: G1CollectForAllocation
Event: 0.373 Executing VM operation: G1CollectForAllocation done
Event: 0.431 Executing VM operation: HandshakeAllThreads
Event: 0.431 Executing VM operation: HandshakeAllThreads done
Event: 0.546 Executing VM operation: ICBufferFull
Event: 0.546 Executing VM operation: ICBufferFull done
Event: 0.555 Executing VM operation: HandshakeAllThreads
Event: 0.555 Executing VM operation: HandshakeAllThreads done

Events (20 events):
Event: 0.047 Thread 0x0000026c491e3f10 Thread added: 0x0000026c491e3f10
Event: 0.060 Thread 0x0000026c79245700 Thread added: 0x0000026c79245700
Event: 0.060 Thread 0x0000026c792435a0 Thread added: 0x0000026c792435a0
Event: 0.071 Thread 0x0000026c79245170 Thread added: 0x0000026c79245170
Event: 0.071 Thread 0x0000026c79243b30 Thread added: 0x0000026c79243b30
Event: 0.071 Thread 0x0000026c792440c0 Thread added: 0x0000026c792440c0
Event: 0.073 Thread 0x0000026c79243010 Thread added: 0x0000026c79243010
Event: 0.098 Thread 0x0000026c79241f60 Thread added: 0x0000026c79241f60
Event: 0.102 Thread 0x0000026c4d8f69e0 Thread added: 0x0000026c4d8f69e0
Event: 0.256 Thread 0x0000026c4dbd81f0 Thread added: 0x0000026c4dbd81f0
Event: 0.301 Thread 0x0000026c79241f60 Thread exited: 0x0000026c79241f60
Event: 0.301 Thread 0x0000026c79243010 Thread exited: 0x0000026c79243010
Event: 0.313 Thread 0x0000026c4e383e20 Thread added: 0x0000026c4e383e20
Event: 0.315 Thread 0x0000026c4e384370 Thread added: 0x0000026c4e384370
Event: 0.358 Thread 0x0000026c4e59c310 Thread added: 0x0000026c4e59c310
Event: 0.367 Thread 0x0000026c4e5eff40 Thread added: 0x0000026c4e5eff40
Event: 0.408 Thread 0x0000026c792440c0 Thread exited: 0x0000026c792440c0
Event: 0.510 Thread 0x0000026c4ec5f4c0 Thread added: 0x0000026c4ec5f4c0
Event: 0.687 Thread 0x0000026c79243b30 Thread exited: 0x0000026c79243b30
Event: 0.687 Thread 0x0000026c79245170 Thread exited: 0x0000026c79245170


Dynamic libraries:
0x00007ff78b210000 - 0x00007ff78b220000 	C:\Program Files\Java\jdk-20\bin\java.exe
0x00007ff95b390000 - 0x00007ff95b5a6000 	C:\windows\SYSTEM32\ntdll.dll
0x00007ff95a7c0000 - 0x00007ff95a884000 	C:\windows\System32\KERNEL32.DLL
0x00007ff9586d0000 - 0x00007ff958a76000 	C:\windows\System32\KERNELBASE.dll
0x00007ff958c60000 - 0x00007ff958d71000 	C:\windows\System32\ucrtbase.dll
0x00007ff94f320000 - 0x00007ff94f339000 	C:\Program Files\Java\jdk-20\bin\jli.dll
0x00007ff9462d0000 - 0x00007ff9462eb000 	C:\Program Files\Java\jdk-20\bin\VCRUNTIME140.dll
0x00007ff959ea0000 - 0x00007ff959f52000 	C:\windows\System32\ADVAPI32.dll
0x00007ff95b020000 - 0x00007ff95b0c7000 	C:\windows\System32\msvcrt.dll
0x00007ff95a940000 - 0x00007ff95a9e8000 	C:\windows\System32\sechost.dll
0x00007ff958f10000 - 0x00007ff958f38000 	C:\windows\System32\bcrypt.dll
0x00007ff95b220000 - 0x00007ff95b335000 	C:\windows\System32\RPCRT4.dll
0x00007ff95ac70000 - 0x00007ff95ae1d000 	C:\windows\System32\USER32.dll
0x00007ff958ee0000 - 0x00007ff958f06000 	C:\windows\System32\win32u.dll
0x00007ff957c00000 - 0x00007ff957e93000 	C:\windows\WinSxS\amd64_microsoft.windows.common-controls_6595b64144ccf1df_6.0.22621.3235_none_270f74e173860f98\COMCTL32.dll
0x00007ff9594b0000 - 0x00007ff9594d9000 	C:\windows\System32\GDI32.dll
0x00007ff958fc0000 - 0x00007ff9590d8000 	C:\windows\System32\gdi32full.dll
0x00007ff958e40000 - 0x00007ff958eda000 	C:\windows\System32\msvcp_win.dll
0x00007ff956970000 - 0x00007ff95697a000 	C:\windows\SYSTEM32\VERSION.dll
0x00007ff959400000 - 0x00007ff959431000 	C:\windows\System32\IMM32.DLL
0x00007ff950070000 - 0x00007ff95007c000 	C:\Program Files\Java\jdk-20\bin\vcruntime140_1.dll
0x00007ff946120000 - 0x00007ff9461ae000 	C:\Program Files\Java\jdk-20\bin\msvcp140.dll
0x00007ff8a57f0000 - 0x00007ff8a6488000 	C:\Program Files\Java\jdk-20\bin\server\jvm.dll
0x00007ff94b960000 - 0x00007ff94b994000 	C:\windows\SYSTEM32\WINMM.dll
0x00007ff947220000 - 0x00007ff947229000 	C:\windows\SYSTEM32\WSOCK32.dll
0x00007ff9599a0000 - 0x00007ff959a11000 	C:\windows\System32\WS2_32.dll
0x00007ff956860000 - 0x00007ff956878000 	C:\windows\SYSTEM32\kernel.appcore.dll
0x00007ff950030000 - 0x00007ff95003a000 	C:\Program Files\Java\jdk-20\bin\jimage.dll
0x00007ff958050000 - 0x00007ff958283000 	C:\windows\SYSTEM32\DBGHELP.DLL
0x00007ff959610000 - 0x00007ff959998000 	C:\windows\System32\combase.dll
0x00007ff959530000 - 0x00007ff959607000 	C:\windows\System32\OLEAUT32.dll
0x00007ff957ee0000 - 0x00007ff957f12000 	C:\windows\SYSTEM32\dbgcore.DLL
0x00007ff958f40000 - 0x00007ff958fba000 	C:\windows\System32\bcryptPrimitives.dll
0x00007ff93a150000 - 0x00007ff93a176000 	C:\Program Files\Java\jdk-20\bin\java.dll
0x00007ff939510000 - 0x00007ff9395e7000 	C:\Program Files\Java\jdk-20\bin\jsvml.dll
0x00007ff959f60000 - 0x00007ff95a7bd000 	C:\windows\System32\SHELL32.dll
0x00007ff9556e0000 - 0x00007ff955fd8000 	C:\windows\SYSTEM32\windows.storage.dll
0x00007ff9555a0000 - 0x00007ff9556de000 	C:\windows\SYSTEM32\wintypes.dll
0x00007ff95ae20000 - 0x00007ff95af13000 	C:\windows\System32\SHCORE.dll
0x00007ff95ac10000 - 0x00007ff95ac6e000 	C:\windows\System32\shlwapi.dll
0x00007ff958600000 - 0x00007ff958626000 	C:\windows\SYSTEM32\profapi.dll
0x00007ff9462b0000 - 0x00007ff9462c3000 	C:\Program Files\Java\jdk-20\bin\net.dll
0x00007ff94ebc0000 - 0x00007ff94ecf7000 	C:\windows\SYSTEM32\WINHTTP.dll
0x00007ff956df0000 - 0x00007ff956e59000 	C:\windows\system32\mswsock.dll
0x00007ff93a130000 - 0x00007ff93a146000 	C:\Program Files\Java\jdk-20\bin\nio.dll
0x00007ff93a110000 - 0x00007ff93a128000 	C:\Program Files\Java\jdk-20\bin\zip.dll
0x0000026c07fa0000 - 0x0000026c07fa3000 	C:\Users\henri\.openjfx\cache\21.0.2+5\amd64\api-ms-win-core-console-l1-1-0.dll
0x0000026c07fb0000 - 0x0000026c07fb3000 	C:\Users\henri\.openjfx\cache\21.0.2+5\amd64\api-ms-win-core-console-l1-2-0.dll
0x0000026c07fc0000 - 0x0000026c07fc3000 	C:\Users\henri\.openjfx\cache\21.0.2+5\amd64\api-ms-win-core-datetime-l1-1-0.dll
0x0000026c07fd0000 - 0x0000026c07fd3000 	C:\Users\henri\.openjfx\cache\21.0.2+5\amd64\api-ms-win-core-debug-l1-1-0.dll
0x0000026c07fe0000 - 0x0000026c07fe3000 	C:\Users\henri\.openjfx\cache\21.0.2+5\amd64\api-ms-win-core-errorhandling-l1-1-0.dll
0x0000026c07ff0000 - 0x0000026c07ff4000 	C:\Users\henri\.openjfx\cache\21.0.2+5\amd64\api-ms-win-core-file-l1-1-0.dll
0x0000026c4dc00000 - 0x0000026c4dc03000 	C:\Users\henri\.openjfx\cache\21.0.2+5\amd64\api-ms-win-core-file-l1-2-0.dll
0x0000026c4dc10000 - 0x0000026c4dc13000 	C:\Users\henri\.openjfx\cache\21.0.2+5\amd64\api-ms-win-core-file-l2-1-0.dll
0x0000026c4dc20000 - 0x0000026c4dc23000 	C:\Users\henri\.openjfx\cache\21.0.2+5\amd64\api-ms-win-core-handle-l1-1-0.dll
0x0000026c4dc30000 - 0x0000026c4dc33000 	C:\Users\henri\.openjfx\cache\21.0.2+5\amd64\api-ms-win-core-heap-l1-1-0.dll
0x0000026c4dc40000 - 0x0000026c4dc43000 	C:\Users\henri\.openjfx\cache\21.0.2+5\amd64\api-ms-win-core-interlocked-l1-1-0.dll
0x0000026c4dc50000 - 0x0000026c4dc53000 	C:\Users\henri\.openjfx\cache\21.0.2+5\amd64\api-ms-win-core-libraryloader-l1-1-0.dll
0x0000026c4dc60000 - 0x0000026c4dc63000 	C:\Users\henri\.openjfx\cache\21.0.2+5\amd64\api-ms-win-core-localization-l1-2-0.dll
0x0000026c4dc70000 - 0x0000026c4dc73000 	C:\Users\henri\.openjfx\cache\21.0.2+5\amd64\api-ms-win-core-memory-l1-1-0.dll
0x0000026c4dc80000 - 0x0000026c4dc83000 	C:\Users\henri\.openjfx\cache\21.0.2+5\amd64\api-ms-win-core-namedpipe-l1-1-0.dll
0x0000026c4dc90000 - 0x0000026c4dc93000 	C:\Users\henri\.openjfx\cache\21.0.2+5\amd64\api-ms-win-core-processenvironment-l1-1-0.dll
0x0000026c4dca0000 - 0x0000026c4dca3000 	C:\Users\henri\.openjfx\cache\21.0.2+5\amd64\api-ms-win-core-processthreads-l1-1-0.dll
0x0000026c4dcb0000 - 0x0000026c4dcb3000 	C:\Users\henri\.openjfx\cache\21.0.2+5\amd64\api-ms-win-core-processthreads-l1-1-1.dll
0x0000026c4dcc0000 - 0x0000026c4dcc3000 	C:\Users\henri\.openjfx\cache\21.0.2+5\amd64\api-ms-win-core-profile-l1-1-0.dll
0x0000026c4dcd0000 - 0x0000026c4dcd3000 	C:\Users\henri\.openjfx\cache\21.0.2+5\amd64\api-ms-win-core-rtlsupport-l1-1-0.dll
0x0000026c4dce0000 - 0x0000026c4dce3000 	C:\Users\henri\.openjfx\cache\21.0.2+5\amd64\api-ms-win-core-string-l1-1-0.dll
0x0000026c4dcf0000 - 0x0000026c4dcf3000 	C:\Users\henri\.openjfx\cache\21.0.2+5\amd64\api-ms-win-core-synch-l1-1-0.dll
0x0000026c4dd00000 - 0x0000026c4dd03000 	C:\Users\henri\.openjfx\cache\21.0.2+5\amd64\api-ms-win-core-synch-l1-2-0.dll
0x0000026c4dd10000 - 0x0000026c4dd13000 	C:\Users\henri\.openjfx\cache\21.0.2+5\amd64\api-ms-win-core-sysinfo-l1-1-0.dll
0x0000026c4dd20000 - 0x0000026c4dd23000 	C:\Users\henri\.openjfx\cache\21.0.2+5\amd64\api-ms-win-core-timezone-l1-1-0.dll
0x0000026c4dd30000 - 0x0000026c4dd33000 	C:\Users\henri\.openjfx\cache\21.0.2+5\amd64\api-ms-win-core-util-l1-1-0.dll
0x0000026c4dd40000 - 0x0000026c4dd43000 	C:\Users\henri\.openjfx\cache\21.0.2+5\amd64\api-ms-win-crt-conio-l1-1-0.dll
0x0000026c4dd50000 - 0x0000026c4dd54000 	C:\Users\henri\.openjfx\cache\21.0.2+5\amd64\api-ms-win-crt-convert-l1-1-0.dll
0x0000026c4dd60000 - 0x0000026c4dd63000 	C:\Users\henri\.openjfx\cache\21.0.2+5\amd64\api-ms-win-crt-environment-l1-1-0.dll
0x0000026c4dd70000 - 0x0000026c4dd73000 	C:\Users\henri\.openjfx\cache\21.0.2+5\amd64\api-ms-win-crt-filesystem-l1-1-0.dll
0x0000026c4dd80000 - 0x0000026c4dd83000 	C:\Users\henri\.openjfx\cache\21.0.2+5\amd64\api-ms-win-crt-heap-l1-1-0.dll
0x0000026c4dd90000 - 0x0000026c4dd93000 	C:\Users\henri\.openjfx\cache\21.0.2+5\amd64\api-ms-win-crt-locale-l1-1-0.dll
0x0000026c4dda0000 - 0x0000026c4dda5000 	C:\Users\henri\.openjfx\cache\21.0.2+5\amd64\api-ms-win-crt-math-l1-1-0.dll
0x0000026c4ddb0000 - 0x0000026c4ddb5000 	C:\Users\henri\.openjfx\cache\21.0.2+5\amd64\api-ms-win-crt-multibyte-l1-1-0.dll
0x0000026c4ddc0000 - 0x0000026c4ddd0000 	C:\Users\henri\.openjfx\cache\21.0.2+5\amd64\api-ms-win-crt-private-l1-1-0.dll
0x0000026c4ddd0000 - 0x0000026c4ddd3000 	C:\Users\henri\.openjfx\cache\21.0.2+5\amd64\api-ms-win-crt-process-l1-1-0.dll
0x0000026c4dde0000 - 0x0000026c4dde4000 	C:\Users\henri\.openjfx\cache\21.0.2+5\amd64\api-ms-win-crt-runtime-l1-1-0.dll
0x0000026c4ddf0000 - 0x0000026c4ddf4000 	C:\Users\henri\.openjfx\cache\21.0.2+5\amd64\api-ms-win-crt-stdio-l1-1-0.dll
0x0000026c4de00000 - 0x0000026c4de04000 	C:\Users\henri\.openjfx\cache\21.0.2+5\amd64\api-ms-win-crt-string-l1-1-0.dll
0x0000026c4de10000 - 0x0000026c4de13000 	C:\Users\henri\.openjfx\cache\21.0.2+5\amd64\api-ms-win-crt-time-l1-1-0.dll
0x0000026c4de20000 - 0x0000026c4de23000 	C:\Users\henri\.openjfx\cache\21.0.2+5\amd64\api-ms-win-crt-utility-l1-1-0.dll
0x00007ff92fa30000 - 0x00007ff92fb2c000 	C:\Users\henri\.openjfx\cache\21.0.2+5\amd64\ucrtbase.dll
0x00007ff93a0f0000 - 0x00007ff93a10b000 	C:\Users\henri\.openjfx\cache\21.0.2+5\amd64\vcruntime140.dll
0x00007ff942be0000 - 0x00007ff942bec000 	C:\Users\henri\.openjfx\cache\21.0.2+5\amd64\vcruntime140_1.dll
0x00007ff938f70000 - 0x00007ff938ffe000 	C:\Users\henri\.openjfx\cache\21.0.2+5\amd64\msvcp140.dll
0x00007ff93a0a0000 - 0x00007ff93a0a9000 	C:\Users\henri\.openjfx\cache\21.0.2+5\amd64\msvcp140_1.dll
0x00007ff939fe0000 - 0x00007ff93a021000 	C:\Users\henri\.openjfx\cache\21.0.2+5\amd64\msvcp140_2.dll
0x00007ff939f60000 - 0x00007ff939f90000 	C:\Users\henri\.openjfx\cache\21.0.2+5\amd64\prism_d3d.dll
0x00007ff922020000 - 0x00007ff9221c9000 	C:\windows\system32\d3d9.dll
0x00007ff951eb0000 - 0x00007ff951edb000 	C:\windows\SYSTEM32\dwmapi.dll
0x00007ff954d40000 - 0x00007ff954d79000 	C:\windows\SYSTEM32\dxcore.dll
0x00007ff951c30000 - 0x00007ff951cdb000 	C:\windows\system32\uxtheme.dll
0x00007ff938e60000 - 0x00007ff938f10000 	C:\windows\SYSTEM32\d3d9on12.dll
0x00007ff951da0000 - 0x00007ff951e98000 	C:\windows\SYSTEM32\dxgi.dll
0x00007ff945f90000 - 0x00007ff945fb6000 	C:\windows\SYSTEM32\d3d12.dll
0x00007ff958390000 - 0x00007ff9583de000 	C:\windows\SYSTEM32\cfgmgr32.dll
0x00007ff92e700000 - 0x00007ff92e903000 	C:\windows\SYSTEM32\D3D12Core.dll
0x00007ff939f30000 - 0x00007ff939f57000 	C:\windows\System32\DriverStore\FileRepository\iigd_dch.inf_amd64_e330adaf63434ca3\igd12umd64.dll
0x00007ff8a48a0000 - 0x00007ff8a57eb000 	C:\windows\System32\DriverStore\FileRepository\iigd_dch.inf_amd64_e330adaf63434ca3\igd12um64xel.dll
0x00007ff958a80000 - 0x00007ff958be6000 	C:\windows\System32\CRYPT32.dll
0x00007ff959260000 - 0x00007ff9593ff000 	C:\windows\System32\ole32.dll
0x00007ff936cc0000 - 0x00007ff936d04000 	C:\windows\SYSTEM32\ControlLib.dll
0x00007ff959a20000 - 0x00007ff959e94000 	C:\windows\System32\SETUPAPI.dll
0x00007ff9583e0000 - 0x00007ff95840c000 	C:\windows\SYSTEM32\DEVOBJ.dll
0x00007ff9470f0000 - 0x00007ff947178000 	C:\windows\System32\DriverStore\FileRepository\iigd_dch.inf_amd64_e330adaf63434ca3\IntelControlLib.dll
0x00007ff958bf0000 - 0x00007ff958c5b000 	C:\windows\System32\WINTRUST.dll
0x00007ff957ec0000 - 0x00007ff957ed2000 	C:\windows\SYSTEM32\MSASN1.dll
0x00007ff956f40000 - 0x00007ff956f8a000 	C:\windows\SYSTEM32\directxdatabasehelper.dll
0x00007ff9468f0000 - 0x00007ff946cc4000 	C:\windows\System32\DriverStore\FileRepository\iigd_dch.inf_amd64_e330adaf63434ca3\igdgmm64.dll
0x00007ff93ed30000 - 0x00007ff942b42000 	C:\windows\System32\DriverStore\FileRepository\iigd_dch.inf_amd64_e330adaf63434ca3\igc64.dll
0x00007ff939dc0000 - 0x00007ff939def000 	C:\windows\SYSTEM32\D3DSCache.dll
0x00007ff957770000 - 0x00007ff95779c000 	C:\windows\SYSTEM32\USERENV.dll
0x00007ff8a34f0000 - 0x00007ff8a489d000 	C:\windows\System32\DriverStore\FileRepository\iigd_dch.inf_amd64_e330adaf63434ca3\igd12dxva64.dll
0x00007ff8f0000000 - 0x00007ff8f1d20000 	C:\windows\System32\DriverStore\FileRepository\iigd_dch.inf_amd64_e330adaf63434ca3\media_bin_64.dll
0x00007ff930310000 - 0x00007ff930337000 	C:\windows\System32\DriverStore\FileRepository\iigd_dch.inf_amd64_e330adaf63434ca3\igdinfo64.dll
0x00007ff9498b0000 - 0x00007ff949b3f000 	C:\windows\SYSTEM32\twinapi.appcore.dll
0x00007ff92f9e0000 - 0x00007ff92fa22000 	C:\Users\henri\.openjfx\cache\21.0.2+5\amd64\glass.dll
0x00007ff95af20000 - 0x00007ff95b019000 	C:\windows\System32\COMDLG32.dll
0x00007ff9590e0000 - 0x00007ff959234000 	C:\windows\System32\MSCTF.dll
0x00007ff939690000 - 0x00007ff9396a4000 	C:\Users\henri\.openjfx\cache\21.0.2+5\amd64\javafx_font.dll
0x00007ff9506f0000 - 0x00007ff950964000 	C:\windows\SYSTEM32\dwrite.dll
0x00007ff938e30000 - 0x00007ff938e5d000 	C:\Users\henri\.openjfx\cache\21.0.2+5\amd64\javafx_iio.dll

dbghelp: loaded successfully - version: 4.0.5 - missing functions: none
symbol engine: initialized successfully - sym options: 0x614 - pdb path: .;C:\Program Files\Java\jdk-20\bin;C:\windows\SYSTEM32;C:\windows\WinSxS\amd64_microsoft.windows.common-controls_6595b64144ccf1df_6.0.22621.3235_none_270f74e173860f98;C:\Program Files\Java\jdk-20\bin\server;C:\Users\henri\.openjfx\cache\21.0.2+5\amd64;C:\windows\System32\DriverStore\FileRepository\iigd_dch.inf_amd64_e330adaf63434ca3

VM Arguments:
jvm_args: --module-path=C:\Users\henri\.m2\repository\org\openjfx\javafx-base\21.0.2\javafx-base-21.0.2-win.jar;C:\Users\henri\.m2\repository\org\openjfx\javafx-base\21.0.2\javafx-base-21.0.2.jar;C:\Users\henri\.m2\repository\org\openjfx\javafx-controls\21.0.2\javafx-controls-21.0.2-win.jar;C:\Users\henri\.m2\repository\org\openjfx\javafx-controls\21.0.2\javafx-controls-21.0.2.jar;C:\Users\henri\.m2\repository\org\openjfx\javafx-fxml\21.0.2\javafx-fxml-21.0.2-win.jar;C:\Users\henri\.m2\repository\org\openjfx\javafx-fxml\21.0.2\javafx-fxml-21.0.2.jar;C:\Users\henri\.m2\repository\org\openjfx\javafx-graphics\21.0.2\javafx-graphics-21.0.2-win.jar;C:\Users\henri\.m2\repository\org\openjfx\javafx-graphics\21.0.2\javafx-graphics-21.0.2.jar;C:\Users\henri\.m2\repository\org\openjfx\javafx-media\11.0.2\javafx-media-11.0.2-win.jar;C:\Users\henri\.m2\repository\org\openjfx\javafx-media\11.0.2\javafx-media-11.0.2.jar;C:\Users\henri\.m2\repository\org\openjfx\javafx-swing\11.0.2\javafx-swing-11.0.2-win.jar;C:\Users\henri\.m2\repository\org\openjfx\javafx-swing\11.0.2\javafx-swing-11.0.2.jar;C:\Users\henri\.m2\repository\org\openjfx\javafx-web\11.0.2\javafx-web-11.0.2-win.jar;C:\Users\henri\.m2\repository\org\openjfx\javafx-web\11.0.2\javafx-web-11.0.2.jar --add-modules=javafx.base,javafx.controls,javafx.fxml,javafx.graphics,javafx.media,javafx.swing,javafx.web 
java_command: no.ntnu.idatt1002.Main
java_class_path (initial): C:\Users\henri\Dokumenter\.NTNU\V2024\Systemutvikling\idatt1005_2024_20\target\classes;C:\Users\henri\.m2\repository\com\github\Dansoftowner\jSystemThemeDetector\3.8\jSystemThemeDetector-3.8.jar;C:\Users\henri\.m2\repository\com\github\oshi\oshi-core\5.8.6\oshi-core-5.8.6.jar;C:\Users\henri\.m2\repository\commons-codec\commons-codec\1.6\commons-codec-1.6.jar;C:\Users\henri\.m2\repository\commons-io\commons-io\2.5\commons-io-2.5.jar;C:\Users\henri\.m2\repository\de\jangassen\jfa\1.2.0\jfa-1.2.0.jar;C:\Users\henri\.m2\repository\io\github\g00fy2\versioncompare\1.4.1\versioncompare-1.4.1.jar;C:\Users\henri\.m2\repository\net\java\dev\jna\jna\5.10.0\jna-5.10.0.jar;C:\Users\henri\.m2\repository\net\java\dev\jna\jna-platform\5.10.0\jna-platform-5.10.0.jar;C:\Users\henri\.m2\repository\org\apache\commons\commons-compress\1.19\commons-compress-1.19.jar;C:\Users\henri\.m2\repository\org\apache\maven\maven-aether-provider\3.0\maven-aether-provider-3.0.jar;C:\Users\henri\.m2\repository\org\apache\maven\maven-archiver\3.5.0\maven-archiver-3.5.0.jar;C:\Users\henri\.m2\repository\org\apache\maven\maven-artifact\3.0\maven-artifact-3.0.jar;C:\Users\henri\.m2\repository\org\apache\maven\maven-compat\3.0\maven-compat-3.0.jar;C:\Users\henri\.m2\repository\org\apache\maven\maven-core\3.0\maven-core-3.0.jar;C:\Users\henri\.m2\repository\org\apache\maven\maven-model\3.0\maven-model-3.0.jar;C:\Users\henri\.m2\repository\org\apache\maven\maven-model-builder\3.0\maven-model-builder-3.0.jar;C:\Users\henri\.m2\repository\org\apache\maven\maven-plugin-api\3.0\maven-plugin-api-3.0.jar;C:\Users\henri\.m2\repository\org\apache\maven\maven-repository-metadata\3.0\maven-repository-metadata-3.0.jar;C:\Users\henri\.m2\repository\org\apache\maven\maven-settings\3.0\maven-settings-3.0.jar;C:\Users\henri\.m2\repository\org\apache\maven\maven-settings-builder\3.0\maven-settings-builder-3.0.jar;C:\Users\henri\.m2\repository\org\apache\maven\plugins\maven-assembly-plugin\3.3.0\maven-assembly-plugin-3.3.0.jar;C:\Users\henri\.m2\repository\org\apache\maven\shared\file-management\3.0.0\file-management-3.0.0.jar;C:\Users\henri\.m2\repository\org\apache\maven\shared\maven-artifact-transfer\0.11.0\maven-artifact-transfer-0.11.0.jar;C:\Users\henri\.m2\repository\org\apache\maven\shared\maven-common-artifact-filters\3.1.0\maven-common-artifact-filters-3.1.0.jar;C:\Users\henri\.m2\repository\org\apache\maven\shared\maven-filtering\3.1.1\maven-filtering-3.1.1.jar;C:\Users\henri\.m2\repository\org\apache\maven\shared\maven-shared-io\3.0.0\maven-shared-io-3.0.0.jar;C:\Users\henri\.m2\repository\org\apache\maven\shared\maven-shared-utils\3.1.0\maven-shared-utils-3.1.0.jar;C:\Users\henri\.m2\repository\org\apache\maven\wagon\wagon-provider-api\2.10\wagon-provider-api-2.10.jar;C:\Users\henri\.m2\repository\org\codehaus\plexus\plexus-archiver\4.2.1\plexus-archiver-4.2.1.jar;C:\Users\henri\.m2\repository\org\codehaus\plexus\plexus-classworlds\2.2.3\plexus-classworlds-2.2.3.jar;C:\Users\henri\.m2\repository\org\codehaus\plexus\plexus-component-annotations\1.5.5\plexus-component-annotations-1.5.5.jar;C:\Users\henri\.m2\repository\org\codehaus\plexus\plexus-interpolation\1.25\plexus-interpolation-1.25.jar;C:\Users\henri\.m2\repository\org\codehaus\plexus\plexus-io\3.2.0\plexus-io-3.2.0.jar;C:\Users\henri\.m2\repository\org\codehaus\plexus\plexus-utils\3.3.0\plexus-utils-3.3.0.jar;C:\Users\henri\.m2\repository\org\iq80\snappy\snappy\0.4\snappy-0.4.jar;C:\Users\henri\.m2\repository\org\jetbrains\annotations\24.0.1\annotations-24.0.1.jar;C:\Users\henri\.m2\repository\org\slf4j\slf4j-api\1.7.36\slf4j-api-1.7.36.jar;C:\Users\henri\.m2\repository\org\slf4j\slf4j-simple\1.7.36\slf4j-simple-1.7.36.jar;C:\Users\henri\.m2\repository\org\sonatype\aether\aether-api\1.7\aether-api-1.7.jar;C:\Users\henri\.m2\repository\org\sonatype\aether\aether-impl\1.7\aether-impl-1.7.jar;C:\Users\henri\.m2\repository\org\sonatype\aether\aether-spi\1.7\aether-spi-1.7.jar;C:\Users\henri\.m2\repository\org\sonatype\aether\aether-util\1.7\aether-util-1.7.jar;C:\Users\henri\.m2\repository\org\sonatype\plexus\plexus-build-api\0.0.7\plexus-build-api-0.0.7.jar;C:\Users\henri\.m2\repository\org\sonatype\plexus\plexus-cipher\1.4\plexus-cipher-1.4.jar;C:\Users\henri\.m2\repository\org\sonatype\plexus\plexus-sec-dispatcher\1.3\plexus-sec-dispatcher-1.3.jar;C:\Users\henri\.m2\repository\org\sonatype\sisu\sisu-guice\2.1.7\sisu-guice-2.1.7-noaop.jar;C:\Users\henri\.m2\repository\org\sonatype\sisu\sisu-inject-bean\1.4.2\sisu-inject-bean-1.4.2.jar;C:\Users\henri\.m2\repository\org\sonatype\sisu\sisu-inject-plexus\1.4.2\sisu-inject-plexus-1.4.2.jar;C:\Users\henri\.m2\repository\org\tukaani\xz\1.8\xz-1.8.jar;C:\Users\henri\.m2\repository\org\xerial\sqlite-jdbc\3.36.0.3\sqlite-jdbc-3.36.0.3.jar
Launcher Type: SUN_STANDARD

[Global flags]
     intx CICompilerCount                          = 12                                        {product} {ergonomic}
     uint ConcGCThreads                            = 4                                         {product} {ergonomic}
     uint G1ConcRefinementThreads                  = 15                                        {product} {ergonomic}
   size_t G1HeapRegionSize                         = 4194304                                   {product} {ergonomic}
    uintx GCDrainStackTargetSize                   = 64                                        {product} {ergonomic}
   size_t InitialHeapSize                          = 532676608                                 {product} {ergonomic}
   size_t MarkStackSize                            = 4194304                                   {product} {ergonomic}
   size_t MaxHeapSize                              = 8476688384                                {product} {ergonomic}
   size_t MaxNewSize                               = 5083496448                                {product} {ergonomic}
   size_t MinHeapDeltaBytes                        = 4194304                                   {product} {ergonomic}
   size_t MinHeapSize                              = 8388608                                   {product} {ergonomic}
    uintx NonNMethodCodeHeapSize                   = 7602480                                {pd product} {ergonomic}
    uintx NonProfiledCodeHeapSize                  = 122027880                              {pd product} {ergonomic}
    uintx ProfiledCodeHeapSize                     = 122027880                              {pd product} {ergonomic}
    uintx ReservedCodeCacheSize                    = 251658240                              {pd product} {ergonomic}
     bool SegmentedCodeCache                       = true                                      {product} {ergonomic}
   size_t SoftMaxHeapSize                          = 8476688384                             {manageable} {ergonomic}
     bool UseCompressedClassPointers               = true                           {product lp64_product} {ergonomic}
     bool UseCompressedOops                        = true                           {product lp64_product} {ergonomic}
     bool UseG1GC                                  = true                                      {product} {ergonomic}
     bool UseLargePagesIndividualAllocation        = false                                  {pd product} {ergonomic}

Logging:
Log output configuration:
 #0: stdout all=warning uptime,level,tags foldmultilines=false
 #1: stderr all=off uptime,level,tags foldmultilines=false

Environment Variables:
PATH=C:\Program Files\Common Files\Oracle\Java\javapath;C:\windows\system32;C:\windows;C:\windows\System32\Wbem;C:\windows\System32\WindowsPowerShell\v1.0\;C:\windows\System32\OpenSSH\;C:\Program Files (x86)\NVIDIA Corporation\PhysX\Common;C:\Program Files\NVIDIA Corporation\NVIDIA NvDLISR;C:\Program Files\dotnet\;C:\Program Files\Git\cmd;C:\Program Files\nodejs\;C:\ProgramData\chocolatey\bin;;C:\Program Files\Docker\Docker\resources\bin;C:\Program Files (x86)\Gpg4win\..\GnuPG\bin;C:\Users\henri\AppData\Local\Programs\Python\Launcher\;C:\Users\henri\.cargo\bin;C:\Users\henri\AppData\Local\Microsoft\WindowsApps;C:\Users\henri\AppData\Local\Programs\Microsoft VS Code\bin;C:\Users\henri\.dotnet\tools;C:\Users\henri\AppData\Local\GitHubDesktop\bin;C:\Users\henri\AppData\Roaming\npm;C:\Program Files\JetBrains\IntelliJ IDEA 2023.3\bin;C:\Users\henri\AppData\Local\JetBrains\Toolbox\scripts;
USERNAME=henri
OS=Windows_NT
PROCESSOR_IDENTIFIER=Intel64 Family 6 Model 186 Stepping 2, GenuineIntel
TMP=C:\Users\henri\AppData\Local\Temp
TEMP=C:\Users\henri\AppData\Local\Temp




---------------  S Y S T E M  ---------------

OS:
 Windows 11 , 64 bit Build 22621 (10.0.22621.3235)
OS uptime: 0 days 3:06 hours
Hyper-V role detected

CPU: total 20 (initial active 20) (10 cores per cpu, 2 threads per core) family 6 model 186 stepping 2 microcode 0x410e, cx8, cmov, fxsr, ht, mmx, 3dnowpref, sse, sse2, sse3, ssse3, sse4.1, sse4.2, popcnt, lzcnt, tsc, tscinvbit, avx, avx2, aes, erms, clmul, bmi1, bmi2, adx, sha, fma, vzeroupper, clflush, clflushopt, clwb, hv, serialize, rdtscp, rdpid, fsrm, f16c, cet_ibt, cet_ss

Memory: 4k page, system-wide physical 32327M (18170M free)
TotalPageFile size 37191M (AvailPageFile size 20971M)
current process WorkingSet (physical memory assigned to process): 342M, peak: 342M
current process commit charge ("private bytes"): 759M, peak: 760M

vm_info: Java HotSpot(TM) 64-Bit Server VM (20.0.2+9-78) for windows-amd64 JRE (20.0.2+9-78), built on 2023-06-14T10:08:48Z by "mach5one" with MS VC++ 17.1 (VS2022)

END.
